Using TensorFlow backend.
Traceback (most recent call last):
  File "openpose2_s10.py", line 35, in <module>
    data = pd.read_csv('~/work/normalized_s10.csv', header=None)
  File "/home/chikako_takasaki/.pyenv/versions/3.6.0/lib/python3.6/site-packages/pandas/io/parsers.py", line 678, in parser_f
    return _read(filepath_or_buffer, kwds)
  File "/home/chikako_takasaki/.pyenv/versions/3.6.0/lib/python3.6/site-packages/pandas/io/parsers.py", line 440, in _read
    parser = TextFileReader(filepath_or_buffer, **kwds)
  File "/home/chikako_takasaki/.pyenv/versions/3.6.0/lib/python3.6/site-packages/pandas/io/parsers.py", line 787, in __init__
    self._make_engine(self.engine)
  File "/home/chikako_takasaki/.pyenv/versions/3.6.0/lib/python3.6/site-packages/pandas/io/parsers.py", line 1014, in _make_engine
    self._engine = CParserWrapper(self.f, **self.options)
  File "/home/chikako_takasaki/.pyenv/versions/3.6.0/lib/python3.6/site-packages/pandas/io/parsers.py", line 1708, in __init__
    self._reader = parsers.TextReader(src, **kwds)
  File "pandas/_libs/parsers.pyx", line 384, in pandas._libs.parsers.TextReader.__cinit__
  File "pandas/_libs/parsers.pyx", line 695, in pandas._libs.parsers.TextReader._setup_parser_source
FileNotFoundError: File b'/home/chikako_takasaki/work/normalized_s10.csv' does not exist
nm: 'a.out': そのようなファイルはありません
2019-05-18 21:10:03.852088: I tensorflow/core/platform/cpu_feature_guard.cc:137] Your CPU supports instructions that this TensorFlow binary was not compiled to use: SSE4.1 SSE4.2
2019-05-18 21:10:04.274023: I tensorflow/stream_executor/cuda/cuda_gpu_executor.cc:895] successful NUMA node read from SysFS had negative value (-1), but there must be at least one NUMA node, so returning NUMA node zero
2019-05-18 21:10:04.274467: I tensorflow/core/common_runtime/gpu/gpu_device.cc:1105] Found device 0 with properties: 
name: GeForce GTX 980 major: 5 minor: 2 memoryClockRate(GHz): 1.2155
pciBusID: 0000:0f:00.0
totalMemory: 3.95GiB freeMemory: 3.87GiB
2019-05-18 21:10:04.274494: I tensorflow/core/common_runtime/gpu/gpu_device.cc:1195] Creating TensorFlow device (/device:GPU:0) -> (device: 0, name: GeForce GTX 980, pci bus id: 0000:0f:00.0, compute capability: 5.2)
Using TensorFlow backend.
nm: 'a.out': そのようなファイルはありません
nm: 'a.out': そのようなファイルはありません
nm
nm: 'a.out': そのようなファイルはありません
nm: 'a.out': そのようなファイルはありません
  % Total    % Received % Xferd  Average Speed   Time    Time     Time  Current
                                 Dload  Upload   Total   Spent    Left  Speed
  0     0    0     0    0     0      0      0 --:--:-- --:--:-- --:--:--     0100    59    0     2  100    57      5    168 --:--:-- --:--:-- --:--:--   168
  File "openpose2_s10.py", line 112
    fit = model.fit(X_train, y_train, verbose=2, epochs=3000, validation_data=(X_test, y_test)), callbacks=[es_cb])
                                                                                                                  ^
SyntaxError: invalid syntax
  % Total    % Received % Xferd  Average Speed   Time    Time     Time  Current
                                 Dload  Upload   Total   Spent    Left  Speed
  0     0    0     0    0     0      0      0 --:--:-- --:--:-- --:--:--     0100    59    0     2  100    57      6    179 --:--:-- --:--:-- --:--:--   179100    59    0     2  100    57      6    179 --:--:-- --:--:-- --:--:--   179
2019-05-18 23:50:44.044982: I tensorflow/core/platform/cpu_feature_guard.cc:137] Your CPU supports instructions that this TensorFlow binary was not compiled to use: SSE4.1 SSE4.2
2019-05-18 23:50:44.434166: I tensorflow/stream_executor/cuda/cuda_gpu_executor.cc:895] successful NUMA node read from SysFS had negative value (-1), but there must be at least one NUMA node, so returning NUMA node zero
2019-05-18 23:50:44.434709: I tensorflow/core/common_runtime/gpu/gpu_device.cc:1105] Found device 0 with properties: 
name: GeForce GTX 980 major: 5 minor: 2 memoryClockRate(GHz): 1.2155
pciBusID: 0000:0f:00.0
totalMemory: 3.95GiB freeMemory: 3.87GiB
2019-05-18 23:50:44.434746: I tensorflow/core/common_runtime/gpu/gpu_device.cc:1195] Creating TensorFlow device (/device:GPU:0) -> (device: 0, name: GeForce GTX 980, pci bus id: 0000:0f:00.0, compute capability: 5.2)
Using TensorFlow backend.
  % Total    % Received % Xferd  Average Speed   Time    Time     Time  Current
                                 Dload  Upload   Total   Spent    Left  Speed
  0     0    0     0    0     0      0      0 --:--:-- --:--:-- --:--:--     0100    59    0     2  100    57      6    177 --:--:-- --:--:-- --:--:--   178
2019-05-18 23:51:48.687834: I tensorflow/core/platform/cpu_feature_guard.cc:137] Your CPU supports instructions that this TensorFlow binary was not compiled to use: SSE4.1 SSE4.2
2019-05-18 23:51:49.080260: I tensorflow/stream_executor/cuda/cuda_gpu_executor.cc:895] successful NUMA node read from SysFS had negative value (-1), but there must be at least one NUMA node, so returning NUMA node zero
2019-05-18 23:51:49.080719: I tensorflow/core/common_runtime/gpu/gpu_device.cc:1105] Found device 0 with properties: 
name: GeForce GTX 980 major: 5 minor: 2 memoryClockRate(GHz): 1.2155
pciBusID: 0000:0f:00.0
totalMemory: 3.95GiB freeMemory: 3.87GiB
2019-05-18 23:51:49.080746: I tensorflow/core/common_runtime/gpu/gpu_device.cc:1195] Creating TensorFlow device (/device:GPU:0) -> (device: 0, name: GeForce GTX 980, pci bus id: 0000:0f:00.0, compute capability: 5.2)
Using TensorFlow backend.
  % Total    % Received % Xferd  Average Speed   Time    Time     Time  Current
                                 Dload  Upload   Total   Spent    Left  Speed
  0     0    0     0    0     0      0      0 --:--:-- --:--:-- --:--:--     0100    59    0     2  100    57      5    153 --:--:-- --:--:-- --:--:--   154
2019-05-19 15:25:21.950336: I tensorflow/core/platform/cpu_feature_guard.cc:137] Your CPU supports instructions that this TensorFlow binary was not compiled to use: SSE4.1 SSE4.2
2019-05-19 15:25:22.330455: I tensorflow/stream_executor/cuda/cuda_gpu_executor.cc:895] successful NUMA node read from SysFS had negative value (-1), but there must be at least one NUMA node, so returning NUMA node zero
2019-05-19 15:25:22.330912: I tensorflow/core/common_runtime/gpu/gpu_device.cc:1105] Found device 0 with properties: 
name: GeForce GTX 980 major: 5 minor: 2 memoryClockRate(GHz): 1.2155
pciBusID: 0000:0f:00.0
totalMemory: 3.95GiB freeMemory: 3.87GiB
2019-05-19 15:25:22.330940: I tensorflow/core/common_runtime/gpu/gpu_device.cc:1195] Creating TensorFlow device (/device:GPU:0) -> (device: 0, name: GeForce GTX 980, pci bus id: 0000:0f:00.0, compute capability: 5.2)
2019-05-19 15:29:15.668806: I tensorflow/core/platform/cpu_feature_guard.cc:137] Your CPU supports instructions that this TensorFlow binary was not compiled to use: SSE4.1 SSE4.2
2019-05-19 15:29:16.171478: I tensorflow/stream_executor/cuda/cuda_gpu_executor.cc:895] successful NUMA node read from SysFS had negative value (-1), but there must be at least one NUMA node, so returning NUMA node zero
2019-05-19 15:29:16.171973: I tensorflow/core/common_runtime/gpu/gpu_device.cc:1105] Found device 0 with properties: 
name: GeForce GTX 980 major: 5 minor: 2 memoryClockRate(GHz): 1.266
pciBusID: 0000:0f:00.0
totalMemory: 3.95GiB freeMemory: 3.87GiB
2019-05-19 15:29:16.171998: I tensorflow/core/common_runtime/gpu/gpu_device.cc:1195] Creating TensorFlow device (/device:GPU:0) -> (device: 0, name: GeForce GTX 980, pci bus id: 0000:0f:00.0, compute capability: 5.2)
  % Total    % Received % Xferd  Average Speed   Time    Time     Time  Current
                                 Dload  Upload   Total   Spent    Left  Speed
  0     0    0     0    0     0      0      0 --:--:-- --:--:-- --:--:--     0  0     0    0     0    0     0      0      0 --:--:-- --:--:-- --:--:--     0100    59    0     2  100    57      6    173 --:--:-- --:--:-- --:--:--   173
okokUsing TensorFlow backend.
okUsing TensorFlow backend.
ok  File "openpose2_s20.py", line 18
    n_hidden = 1\50
                  ^
SyntaxError: unexpected character after line continuation character
okUsing TensorFlow backend.
Traceback (most recent call last):
  File "openpose2_s20.py", line 92, in <module>
    fit = model.fit(X_train, y_train, verbose=2, epochs=3000, validation_data=(X_test, y_test))
  File "/home/chikako_takasaki/.pyenv/versions/3.6.0/lib/python3.6/site-packages/keras/engine/training.py", line 952, in fit
    batch_size=batch_size)
  File "/home/chikako_takasaki/.pyenv/versions/3.6.0/lib/python3.6/site-packages/keras/engine/training.py", line 751, in _standardize_user_data
    exception_prefix='input')
  File "/home/chikako_takasaki/.pyenv/versions/3.6.0/lib/python3.6/site-packages/keras/engine/training_utils.py", line 138, in standardize_input_data
    str(data_shape))
ValueError: Error when checking input: expected reshape_1_input to have shape (1000,) but got array with shape (1001,)
okUsing TensorFlow backend.
Traceback (most recent call last):
  File "openpose2_s20.py", line 92, in <module>
    fit = model.fit(X_train, y_train, verbose=2, epochs=3000, validation_data=(X_test, y_test))
  File "/home/chikako_takasaki/.pyenv/versions/3.6.0/lib/python3.6/site-packages/keras/engine/training.py", line 952, in fit
    batch_size=batch_size)
  File "/home/chikako_takasaki/.pyenv/versions/3.6.0/lib/python3.6/site-packages/keras/engine/training.py", line 751, in _standardize_user_data
    exception_prefix='input')
  File "/home/chikako_takasaki/.pyenv/versions/3.6.0/lib/python3.6/site-packages/keras/engine/training_utils.py", line 138, in standardize_input_data
    str(data_shape))
ValueError: Error when checking input: expected reshape_1_input to have shape (1000,) but got array with shape (1001,)
ok2019-05-19 17:46:54.373143: I tensorflow/core/platform/cpu_feature_guard.cc:137] Your CPU supports instructions that this TensorFlow binary was not compiled to use: SSE4.1 SSE4.2
2019-05-19 17:46:54.756769: I tensorflow/stream_executor/cuda/cuda_gpu_executor.cc:895] successful NUMA node read from SysFS had negative value (-1), but there must be at least one NUMA node, so returning NUMA node zero
2019-05-19 17:46:54.757230: I tensorflow/core/common_runtime/gpu/gpu_device.cc:1105] Found device 0 with properties: 
name: GeForce GTX 980 major: 5 minor: 2 memoryClockRate(GHz): 1.2155
pciBusID: 0000:0f:00.0
totalMemory: 3.95GiB freeMemory: 3.87GiB
2019-05-19 17:46:54.757258: I tensorflow/core/common_runtime/gpu/gpu_device.cc:1195] Creating TensorFlow device (/device:GPU:0) -> (device: 0, name: GeForce GTX 980, pci bus id: 0000:0f:00.0, compute capability: 5.2)
Using TensorFlow backend.
Traceback (most recent call last):
  File "openpose2_s30.py", line 92, in <module>
    fit = model.fit(X_train, y_train, verbose=2, epochs=3000, validation_data=(X_test, y_test))
  File "/home/chikako_takasaki/.pyenv/versions/3.6.0/lib/python3.6/site-packages/keras/engine/training.py", line 952, in fit
    batch_size=batch_size)
  File "/home/chikako_takasaki/.pyenv/versions/3.6.0/lib/python3.6/site-packages/keras/engine/training.py", line 751, in _standardize_user_data
    exception_prefix='input')
  File "/home/chikako_takasaki/.pyenv/versions/3.6.0/lib/python3.6/site-packages/keras/engine/training_utils.py", line 138, in standardize_input_data
    str(data_shape))
ValueError: Error when checking input: expected reshape_1_input to have shape (1500,) but got array with shape (1499,)
okUsing TensorFlow backend.
Traceback (most recent call last):
  File "openpose2_s30.py", line 21, in <module>
    data = pd.read_csv('~/work/normalized_s30.csv', header=None)
  File "/home/chikako_takasaki/.pyenv/versions/3.6.0/lib/python3.6/site-packages/pandas/io/parsers.py", line 678, in parser_f
    return _read(filepath_or_buffer, kwds)
  File "/home/chikako_takasaki/.pyenv/versions/3.6.0/lib/python3.6/site-packages/pandas/io/parsers.py", line 440, in _read
    parser = TextFileReader(filepath_or_buffer, **kwds)
  File "/home/chikako_takasaki/.pyenv/versions/3.6.0/lib/python3.6/site-packages/pandas/io/parsers.py", line 787, in __init__
    self._make_engine(self.engine)
  File "/home/chikako_takasaki/.pyenv/versions/3.6.0/lib/python3.6/site-packages/pandas/io/parsers.py", line 1014, in _make_engine
    self._engine = CParserWrapper(self.f, **self.options)
  File "/home/chikako_takasaki/.pyenv/versions/3.6.0/lib/python3.6/site-packages/pandas/io/parsers.py", line 1708, in __init__
    self._reader = parsers.TextReader(src, **kwds)
  File "pandas/_libs/parsers.pyx", line 384, in pandas._libs.parsers.TextReader.__cinit__
  File "pandas/_libs/parsers.pyx", line 695, in pandas._libs.parsers.TextReader._setup_parser_source
FileNotFoundError: File b'/home/chikako_takasaki/work/normalized_s30.csv' does not exist
okok2019-05-19 18:34:19.487065: I tensorflow/core/platform/cpu_feature_guard.cc:137] Your CPU supports instructions that this TensorFlow binary was not compiled to use: SSE4.1 SSE4.2
2019-05-19 18:34:19.879386: I tensorflow/stream_executor/cuda/cuda_gpu_executor.cc:895] successful NUMA node read from SysFS had negative value (-1), but there must be at least one NUMA node, so returning NUMA node zero
2019-05-19 18:34:19.880243: I tensorflow/core/common_runtime/gpu/gpu_device.cc:1105] Found device 0 with properties: 
name: GeForce GTX 980 major: 5 minor: 2 memoryClockRate(GHz): 1.266
pciBusID: 0000:0f:00.0
totalMemory: 3.95GiB freeMemory: 3.87GiB
2019-05-19 18:34:19.880287: I tensorflow/core/common_runtime/gpu/gpu_device.cc:1195] Creating TensorFlow device (/device:GPU:0) -> (device: 0, name: GeForce GTX 980, pci bus id: 0000:0f:00.0, compute capability: 5.2)
Using TensorFlow backend.
ok2019-05-19 20:34:20.741776: I tensorflow/core/platform/cpu_feature_guard.cc:137] Your CPU supports instructions that this TensorFlow binary was not compiled to use: SSE4.1 SSE4.2
2019-05-19 20:34:21.133771: I tensorflow/stream_executor/cuda/cuda_gpu_executor.cc:895] successful NUMA node read from SysFS had negative value (-1), but there must be at least one NUMA node, so returning NUMA node zero
2019-05-19 20:34:21.134232: I tensorflow/core/common_runtime/gpu/gpu_device.cc:1105] Found device 0 with properties: 
name: GeForce GTX 980 major: 5 minor: 2 memoryClockRate(GHz): 1.2155
pciBusID: 0000:0f:00.0
totalMemory: 3.95GiB freeMemory: 3.87GiB
2019-05-19 20:34:21.134259: I tensorflow/core/common_runtime/gpu/gpu_device.cc:1195] Creating TensorFlow device (/device:GPU:0) -> (device: 0, name: GeForce GTX 980, pci bus id: 0000:0f:00.0, compute capability: 5.2)
Using TensorFlow backend.
okUsing TensorFlow backend.
ok2019-05-20 10:45:53.032717: I tensorflow/core/platform/cpu_feature_guard.cc:137] Your CPU supports instructions that this TensorFlow binary was not compiled to use: SSE4.1 SSE4.2
2019-05-20 10:45:53.428028: I tensorflow/stream_executor/cuda/cuda_gpu_executor.cc:895] successful NUMA node read from SysFS had negative value (-1), but there must be at least one NUMA node, so returning NUMA node zero
2019-05-20 10:45:53.428525: I tensorflow/core/common_runtime/gpu/gpu_device.cc:1105] Found device 0 with properties: 
name: GeForce GTX 980 major: 5 minor: 2 memoryClockRate(GHz): 1.2155
pciBusID: 0000:0f:00.0
totalMemory: 3.95GiB freeMemory: 3.87GiB
2019-05-20 10:45:53.428549: I tensorflow/core/common_runtime/gpu/gpu_device.cc:1195] Creating TensorFlow device (/device:GPU:0) -> (device: 0, name: GeForce GTX 980, pci bus id: 0000:0f:00.0, compute capability: 5.2)
2019-05-20 10:48:23.929502: I tensorflow/core/platform/cpu_feature_guard.cc:137] Your CPU supports instructions that this TensorFlow binary was not compiled to use: SSE4.1 SSE4.2
2019-05-20 10:48:24.312585: I tensorflow/stream_executor/cuda/cuda_gpu_executor.cc:895] successful NUMA node read from SysFS had negative value (-1), but there must be at least one NUMA node, so returning NUMA node zero
2019-05-20 10:48:24.313052: I tensorflow/core/common_runtime/gpu/gpu_device.cc:1105] Found device 0 with properties: 
name: GeForce GTX 980 major: 5 minor: 2 memoryClockRate(GHz): 1.266
pciBusID: 0000:0f:00.0
totalMemory: 3.95GiB freeMemory: 3.87GiB
2019-05-20 10:48:24.313078: I tensorflow/core/common_runtime/gpu/gpu_device.cc:1195] Creating TensorFlow device (/device:GPU:0) -> (device: 0, name: GeForce GTX 980, pci bus id: 0000:0f:00.0, compute capability: 5.2)
2019-05-20 10:50:00.726492: I tensorflow/core/platform/cpu_feature_guard.cc:137] Your CPU supports instructions that this TensorFlow binary was not compiled to use: SSE4.1 SSE4.2
2019-05-20 10:50:01.312622: I tensorflow/stream_executor/cuda/cuda_gpu_executor.cc:895] successful NUMA node read from SysFS had negative value (-1), but there must be at least one NUMA node, so returning NUMA node zero
2019-05-20 10:50:01.313125: I tensorflow/core/common_runtime/gpu/gpu_device.cc:1105] Found device 0 with properties: 
name: GeForce GTX 980 major: 5 minor: 2 memoryClockRate(GHz): 1.266
pciBusID: 0000:0f:00.0
totalMemory: 3.95GiB freeMemory: 3.87GiB
2019-05-20 10:50:01.313150: I tensorflow/core/common_runtime/gpu/gpu_device.cc:1195] Creating TensorFlow device (/device:GPU:0) -> (device: 0, name: GeForce GTX 980, pci bus id: 0000:0f:00.0, compute capability: 5.2)
2019-05-20 10:51:53.243442: I tensorflow/core/platform/cpu_feature_guard.cc:137] Your CPU supports instructions that this TensorFlow binary was not compiled to use: SSE4.1 SSE4.2
2019-05-20 10:51:53.853703: I tensorflow/stream_executor/cuda/cuda_gpu_executor.cc:895] successful NUMA node read from SysFS had negative value (-1), but there must be at least one NUMA node, so returning NUMA node zero
2019-05-20 10:51:53.854156: I tensorflow/core/common_runtime/gpu/gpu_device.cc:1105] Found device 0 with properties: 
name: GeForce GTX 980 major: 5 minor: 2 memoryClockRate(GHz): 1.266
pciBusID: 0000:0f:00.0
totalMemory: 3.95GiB freeMemory: 3.87GiB
2019-05-20 10:51:53.854184: I tensorflow/core/common_runtime/gpu/gpu_device.cc:1195] Creating TensorFlow device (/device:GPU:0) -> (device: 0, name: GeForce GTX 980, pci bus id: 0000:0f:00.0, compute capability: 5.2)
Using TensorFlow backend.
ok2019-05-20 12:27:12.949930: I tensorflow/core/platform/cpu_feature_guard.cc:137] Your CPU supports instructions that this TensorFlow binary was not compiled to use: SSE4.1 SSE4.2
2019-05-20 12:27:13.334802: I tensorflow/stream_executor/cuda/cuda_gpu_executor.cc:895] successful NUMA node read from SysFS had negative value (-1), but there must be at least one NUMA node, so returning NUMA node zero
2019-05-20 12:27:13.335287: I tensorflow/core/common_runtime/gpu/gpu_device.cc:1105] Found device 0 with properties: 
name: GeForce GTX 980 major: 5 minor: 2 memoryClockRate(GHz): 1.266
pciBusID: 0000:0f:00.0
totalMemory: 3.95GiB freeMemory: 3.87GiB
2019-05-20 12:27:13.335312: I tensorflow/core/common_runtime/gpu/gpu_device.cc:1195] Creating TensorFlow device (/device:GPU:0) -> (device: 0, name: GeForce GTX 980, pci bus id: 0000:0f:00.0, compute capability: 5.2)
Using TensorFlow backend.
ok2019-05-20 13:22:38.079284: I tensorflow/core/platform/cpu_feature_guard.cc:137] Your CPU supports instructions that this TensorFlow binary was not compiled to use: SSE4.1 SSE4.2
2019-05-20 13:22:38.464791: I tensorflow/stream_executor/cuda/cuda_gpu_executor.cc:895] successful NUMA node read from SysFS had negative value (-1), but there must be at least one NUMA node, so returning NUMA node zero
2019-05-20 13:22:38.465257: I tensorflow/core/common_runtime/gpu/gpu_device.cc:1105] Found device 0 with properties: 
name: GeForce GTX 980 major: 5 minor: 2 memoryClockRate(GHz): 1.2155
pciBusID: 0000:0f:00.0
totalMemory: 3.95GiB freeMemory: 3.87GiB
2019-05-20 13:22:38.465289: I tensorflow/core/common_runtime/gpu/gpu_device.cc:1195] Creating TensorFlow device (/device:GPU:0) -> (device: 0, name: GeForce GTX 980, pci bus id: 0000:0f:00.0, compute capability: 5.2)
Using TensorFlow backend.
ok2019-05-20 14:23:14.022087: I tensorflow/core/platform/cpu_feature_guard.cc:137] Your CPU supports instructions that this TensorFlow binary was not compiled to use: SSE4.1 SSE4.2
2019-05-20 14:23:14.406166: I tensorflow/stream_executor/cuda/cuda_gpu_executor.cc:895] successful NUMA node read from SysFS had negative value (-1), but there must be at least one NUMA node, so returning NUMA node zero
2019-05-20 14:23:14.406617: I tensorflow/core/common_runtime/gpu/gpu_device.cc:1105] Found device 0 with properties: 
name: GeForce GTX 980 major: 5 minor: 2 memoryClockRate(GHz): 1.266
pciBusID: 0000:0f:00.0
totalMemory: 3.95GiB freeMemory: 3.87GiB
2019-05-20 14:23:14.406647: I tensorflow/core/common_runtime/gpu/gpu_device.cc:1195] Creating TensorFlow device (/device:GPU:0) -> (device: 0, name: GeForce GTX 980, pci bus id: 0000:0f:00.0, compute capability: 5.2)
Using TensorFlow backend.
okUsing TensorFlow backend.
okUsing TensorFlow backend.
okUsing TensorFlow backend.
ok2019-06-04 23:20:58.613146: I tensorflow/core/platform/cpu_feature_guard.cc:137] Your CPU supports instructions that this TensorFlow binary was not compiled to use: SSE4.1 SSE4.2
2019-06-04 23:20:59.018921: I tensorflow/stream_executor/cuda/cuda_gpu_executor.cc:895] successful NUMA node read from SysFS had negative value (-1), but there must be at least one NUMA node, so returning NUMA node zero
2019-06-04 23:20:59.019380: I tensorflow/core/common_runtime/gpu/gpu_device.cc:1105] Found device 0 with properties: 
name: GeForce GTX 980 major: 5 minor: 2 memoryClockRate(GHz): 1.2155
pciBusID: 0000:0f:00.0
totalMemory: 3.95GiB freeMemory: 3.87GiB
2019-06-04 23:20:59.019408: I tensorflow/core/common_runtime/gpu/gpu_device.cc:1195] Creating TensorFlow device (/device:GPU:0) -> (device: 0, name: GeForce GTX 980, pci bus id: 0000:0f:00.0, compute capability: 5.2)
2019-06-04 23:22:38.445971: I tensorflow/core/platform/cpu_feature_guard.cc:137] Your CPU supports instructions that this TensorFlow binary was not compiled to use: SSE4.1 SSE4.2
2019-06-04 23:22:38.827252: I tensorflow/stream_executor/cuda/cuda_gpu_executor.cc:895] successful NUMA node read from SysFS had negative value (-1), but there must be at least one NUMA node, so returning NUMA node zero
2019-06-04 23:22:38.827738: I tensorflow/core/common_runtime/gpu/gpu_device.cc:1105] Found device 0 with properties: 
name: GeForce GTX 980 major: 5 minor: 2 memoryClockRate(GHz): 1.266
pciBusID: 0000:0f:00.0
totalMemory: 3.95GiB freeMemory: 3.87GiB
2019-06-04 23:22:38.827764: I tensorflow/core/common_runtime/gpu/gpu_device.cc:1195] Creating TensorFlow device (/device:GPU:0) -> (device: 0, name: GeForce GTX 980, pci bus id: 0000:0f:00.0, compute capability: 5.2)
Using TensorFlow backend.
okUsing TensorFlow backend.
okUsing TensorFlow backend.
Traceback (most recent call last):
  File "openpose_s10_aug.py", line 41, in <module>
    X_train = train.loc[:, :column_len-s21].values
NameError: name 's21' is not defined
ok2019-06-05 21:26:16.793185: I tensorflow/core/platform/cpu_feature_guard.cc:137] Your CPU supports instructions that this TensorFlow binary was not compiled to use: SSE4.1 SSE4.2
2019-06-05 21:26:17.181640: I tensorflow/stream_executor/cuda/cuda_gpu_executor.cc:895] successful NUMA node read from SysFS had negative value (-1), but there must be at least one NUMA node, so returning NUMA node zero
2019-06-05 21:26:17.182141: I tensorflow/core/common_runtime/gpu/gpu_device.cc:1105] Found device 0 with properties: 
name: GeForce GTX 980 major: 5 minor: 2 memoryClockRate(GHz): 1.2155
pciBusID: 0000:0f:00.0
totalMemory: 3.95GiB freeMemory: 3.87GiB
2019-06-05 21:26:17.182165: I tensorflow/core/common_runtime/gpu/gpu_device.cc:1195] Creating TensorFlow device (/device:GPU:0) -> (device: 0, name: GeForce GTX 980, pci bus id: 0000:0f:00.0, compute capability: 5.2)
Terminated
okTerminated
okUsing TensorFlow backend.
Traceback (most recent call last):
  File "openpose_s10_aug.py", line 46, in <module>
    train = preprocessing.preprocessing(train)
  File "/home/chikako_takasaki/work/keras/lstm/preprocessing.py", line 5, in preprocessing
    input_data = pd.read_csv(read_file, header=None)
NameError: name 'read_file' is not defined
okUsing TensorFlow backend.
Traceback (most recent call last):
  File "openpose_s10_aug.py", line 46, in <module>
    train = preprocessing.preprocessing(train)
  File "/home/chikako_takasaki/work/keras/lstm/preprocessing.py", line 5, in preprocessing
    input_data = pd.read_csv(read_file, header=None)
NameError: name 'read_file' is not defined
ok2019-06-06 11:13:57.474200: I tensorflow/core/platform/cpu_feature_guard.cc:137] Your CPU supports instructions that this TensorFlow binary was not compiled to use: SSE4.1 SSE4.2
2019-06-06 11:13:57.879411: I tensorflow/stream_executor/cuda/cuda_gpu_executor.cc:895] successful NUMA node read from SysFS had negative value (-1), but there must be at least one NUMA node, so returning NUMA node zero
2019-06-06 11:13:57.879926: I tensorflow/core/common_runtime/gpu/gpu_device.cc:1105] Found device 0 with properties: 
name: GeForce GTX 980 major: 5 minor: 2 memoryClockRate(GHz): 1.2155
pciBusID: 0000:0f:00.0
totalMemory: 3.95GiB freeMemory: 3.87GiB
2019-06-06 11:13:57.879951: I tensorflow/core/common_runtime/gpu/gpu_device.cc:1195] Creating TensorFlow device (/device:GPU:0) -> (device: 0, name: GeForce GTX 980, pci bus id: 0000:0f:00.0, compute capability: 5.2)
2019-06-06 11:17:15.817164: I tensorflow/core/platform/cpu_feature_guard.cc:137] Your CPU supports instructions that this TensorFlow binary was not compiled to use: SSE4.1 SSE4.2
2019-06-06 11:17:16.199996: I tensorflow/stream_executor/cuda/cuda_gpu_executor.cc:895] successful NUMA node read from SysFS had negative value (-1), but there must be at least one NUMA node, so returning NUMA node zero
2019-06-06 11:17:16.200513: I tensorflow/core/common_runtime/gpu/gpu_device.cc:1105] Found device 0 with properties: 
name: GeForce GTX 980 major: 5 minor: 2 memoryClockRate(GHz): 1.266
pciBusID: 0000:0f:00.0
totalMemory: 3.95GiB freeMemory: 3.87GiB
2019-06-06 11:17:16.200539: I tensorflow/core/common_runtime/gpu/gpu_device.cc:1195] Creating TensorFlow device (/device:GPU:0) -> (device: 0, name: GeForce GTX 980, pci bus id: 0000:0f:00.0, compute capability: 5.2)
Using TensorFlow backend.
okUsing TensorFlow backend.
ok