[INFO] Scanning for projects...
[WARNING] The POM for org.eclipse.m2e:lifecycle-mapping:jar:1.0.0 is missing, no dependency information available
[WARNING] Failed to retrieve plugin descriptor for org.eclipse.m2e:lifecycle-mapping:1.0.0: Plugin org.eclipse.m2e:lifecycle-mapping:1.0.0 or one of its dependencies could not be resolved: Failure to find org.eclipse.m2e:lifecycle-mapping:jar:1.0.0 in https://repo.maven.apache.org/maven2 was cached in the local repository, resolution will not be reattempted until the update interval of central has elapsed or updates are forced
[INFO]                                                                         
[INFO] ------------------------------------------------------------------------
[INFO] Building Flink Quickstart Job 0.1
[INFO] ------------------------------------------------------------------------
[WARNING] The POM for org.eclipse.m2e:lifecycle-mapping:jar:1.0.0 is missing, no dependency information available
[WARNING] Failed to retrieve plugin descriptor for org.eclipse.m2e:lifecycle-mapping:1.0.0: Plugin org.eclipse.m2e:lifecycle-mapping:1.0.0 or one of its dependencies could not be resolved: Failure to find org.eclipse.m2e:lifecycle-mapping:jar:1.0.0 in https://repo.maven.apache.org/maven2 was cached in the local repository, resolution will not be reattempted until the update interval of central has elapsed or updates are forced
[INFO] 
[INFO] --- exec-maven-plugin:1.6.0:java (default-cli) @ wiki-edits ---
19:43:26,310 INFO  org.apache.flink.api.java.typeutils.TypeExtractor             - class org.apache.flink.streaming.connectors.wikiedits.WikipediaEditEvent does not contain a setter for field timestamp
19:43:26,311 INFO  org.apache.flink.api.java.typeutils.TypeExtractor             - Class class org.apache.flink.streaming.connectors.wikiedits.WikipediaEditEvent cannot be used as a POJO type because not all fields are valid POJO fields, and must be processed as GenericType. Please read the Flink documentation on "Data Types & Serialization" for details of the effect on performance.
19:43:26,562 INFO  org.apache.flink.streaming.api.environment.LocalStreamEnvironment  - Running job on local embedded Flink mini cluster
19:43:26,721 INFO  org.apache.flink.runtime.minicluster.MiniCluster              - Starting Flink Mini Cluster
19:43:26,723 INFO  org.apache.flink.runtime.minicluster.MiniCluster              - Starting Metrics Registry
19:43:26,771 INFO  org.apache.flink.runtime.metrics.MetricRegistryImpl           - No metrics reporter configured, no metrics will be exposed/reported.
19:43:26,771 INFO  org.apache.flink.runtime.minicluster.MiniCluster              - Starting RPC Service(s)
19:43:27,076 INFO  akka.event.slf4j.Slf4jLogger                                  - Slf4jLogger started
19:43:27,177 INFO  org.apache.flink.runtime.rpc.akka.AkkaRpcServiceUtils         - Trying to start actor system at :0
19:43:27,227 INFO  akka.event.slf4j.Slf4jLogger                                  - Slf4jLogger started
19:43:27,241 INFO  akka.remote.Remoting                                          - Starting remoting
19:43:27,356 INFO  akka.remote.Remoting                                          - Remoting started; listening on addresses :[akka.tcp://flink-metrics@192.168.1.100:8203]
19:43:27,436 INFO  org.apache.flink.runtime.rpc.akka.AkkaRpcServiceUtils         - Actor system started at akka.tcp://flink-metrics@192.168.1.100:8203
19:43:27,442 INFO  org.apache.flink.runtime.rpc.akka.AkkaRpcService              - Starting RPC endpoint for org.apache.flink.runtime.metrics.dump.MetricQueryService at akka://flink-metrics/user/MetricQueryService .
19:43:27,450 INFO  org.apache.flink.runtime.minicluster.MiniCluster              - Starting high-availability services
19:43:27,463 INFO  org.apache.flink.runtime.blob.BlobServer                      - Created BLOB server storage directory /tmp/blobStore-a293b75e-c7fb-4f03-a581-3474d7741e00
19:43:27,467 INFO  org.apache.flink.runtime.blob.BlobServer                      - Started BLOB server at 0.0.0.0:32987 - max concurrent requests: 50 - max backlog: 1000
19:43:27,469 INFO  org.apache.flink.runtime.blob.PermanentBlobCache              - Created BLOB cache storage directory /tmp/blobStore-a35fc5cd-d366-4250-81e9-b1eee7ffa99b
19:43:27,470 INFO  org.apache.flink.runtime.blob.TransientBlobCache              - Created BLOB cache storage directory /tmp/blobStore-b76501f6-c6a6-4c8b-8481-e05939fe23bd
19:43:27,471 INFO  org.apache.flink.runtime.minicluster.MiniCluster              - Starting 1 TaskManger(s)
19:43:27,473 INFO  org.apache.flink.runtime.taskexecutor.TaskManagerRunner       - Starting TaskManager with ResourceID: 6207684f-acdf-49d7-ac1c-4e7d7319451a
19:43:27,646 INFO  org.apache.flink.runtime.taskexecutor.TaskManagerServices     - Temporary file directory '/tmp': total 87 GB, usable 52 GB (59.77% usable)
19:43:27,649 INFO  org.apache.flink.runtime.io.disk.FileChannelManagerImpl       - FileChannelManager uses directory /tmp/flink-io-bcfdc561-0c51-40a6-98ce-c167e17911b5 for spill files.
19:43:27,656 INFO  org.apache.flink.runtime.io.disk.FileChannelManagerImpl       - FileChannelManager uses directory /tmp/flink-netty-shuffle-455a2f26-db55-4c48-87bf-74a342888a16 for spill files.
19:43:28,217 INFO  org.apache.flink.runtime.io.network.buffer.NetworkBufferPool  - Allocated 1024 MB for network buffer pool (number of memory segments: 32768, bytes per segment: 32768).
19:43:28,224 INFO  org.apache.flink.runtime.io.network.NettyShuffleEnvironment   - Starting the network environment and its components.
19:43:28,225 INFO  org.apache.flink.runtime.taskexecutor.KvStateService          - Starting the kvState service and its components.
19:43:28,225 INFO  org.apache.flink.runtime.taskexecutor.TaskManagerServices     - Limiting managed memory to 0.7 of the currently free heap space (7501 MB), memory will be allocated lazily.
19:43:28,234 INFO  org.apache.flink.runtime.taskexecutor.TaskManagerConfiguration  - Messages have a max timeout of 10000 ms
19:43:28,242 INFO  org.apache.flink.runtime.rpc.akka.AkkaRpcService              - Starting RPC endpoint for org.apache.flink.runtime.taskexecutor.TaskExecutor at akka://flink/user/taskmanager_0 .
19:43:28,251 INFO  org.apache.flink.runtime.taskexecutor.JobLeaderService        - Start job leader service.
19:43:28,252 INFO  org.apache.flink.runtime.filecache.FileCache                  - User file cache uses directory /tmp/flink-dist-cache-fdf938c8-754d-40c4-a50a-744a7b4464e9
19:43:28,292 INFO  org.apache.flink.runtime.dispatcher.DispatcherRestEndpoint    - Starting rest endpoint.
19:43:28,495 WARN  org.apache.flink.runtime.webmonitor.WebMonitorUtils           - Log file environment variable 'log.file' is not set.
19:43:28,496 WARN  org.apache.flink.runtime.webmonitor.WebMonitorUtils           - JobManager log files are unavailable in the web dashboard. Log file location not found in environment variable 'log.file' or configuration key 'Key: 'web.log.path' , default: null (fallback keys: [{key=jobmanager.web.log.path, isDeprecated=true}])'.
19:43:28,506 INFO  org.apache.flink.runtime.dispatcher.DispatcherRestEndpoint    - Failed to load web based job submission extension. Probable reason: flink-runtime-web is not in the classpath.
19:43:28,635 INFO  org.apache.flink.runtime.dispatcher.DispatcherRestEndpoint    - Rest endpoint listening at localhost:16643
19:43:28,637 INFO  org.apache.flink.runtime.highavailability.nonha.embedded.EmbeddedLeaderService  - Proposing leadership to contender org.apache.flink.runtime.dispatcher.DispatcherRestEndpoint@738b0d13 @ http://localhost:16643
19:43:28,638 INFO  org.apache.flink.runtime.dispatcher.DispatcherRestEndpoint    - http://localhost:16643 was granted leadership with leaderSessionID=2da5f670-2e25-4f29-a1c9-176a50491ae4
19:43:28,639 INFO  org.apache.flink.runtime.highavailability.nonha.embedded.EmbeddedLeaderService  - Received confirmation of leadership for leader http://localhost:16643 , session=2da5f670-2e25-4f29-a1c9-176a50491ae4
19:43:28,649 INFO  org.apache.flink.runtime.rpc.akka.AkkaRpcService              - Starting RPC endpoint for org.apache.flink.runtime.resourcemanager.StandaloneResourceManager at akka://flink/user/resourcemanager .
19:43:28,659 INFO  org.apache.flink.runtime.rpc.akka.AkkaRpcService              - Starting RPC endpoint for org.apache.flink.runtime.dispatcher.StandaloneDispatcher at akka://flink/user/dispatcher .
19:43:28,667 INFO  org.apache.flink.runtime.highavailability.nonha.embedded.EmbeddedLeaderService  - Proposing leadership to contender org.apache.flink.runtime.resourcemanager.StandaloneResourceManager@24832772 @ akka://flink/user/resourcemanager
19:43:28,667 INFO  org.apache.flink.runtime.highavailability.nonha.embedded.EmbeddedLeaderService  - Proposing leadership to contender org.apache.flink.runtime.dispatcher.StandaloneDispatcher@23caf3f0 @ akka://flink/user/dispatcher
19:43:28,670 INFO  org.apache.flink.runtime.dispatcher.StandaloneDispatcher      - Dispatcher akka://flink/user/dispatcher was granted leadership with fencing token 9d519fab-4e75-4b72-8a68-b2e96e3526c6
19:43:28,670 INFO  org.apache.flink.runtime.resourcemanager.StandaloneResourceManager  - ResourceManager akka://flink/user/resourcemanager was granted leadership with fencing token 8944fe477c17b0b96ca19a7d4bf24ee9
19:43:28,672 INFO  org.apache.flink.runtime.minicluster.MiniCluster              - Flink Mini Cluster started successfully
19:43:28,674 INFO  org.apache.flink.runtime.resourcemanager.slotmanager.SlotManagerImpl  - Starting the SlotManager.
19:43:28,674 INFO  org.apache.flink.runtime.dispatcher.StandaloneDispatcher      - Recovering all persisted jobs.
19:43:28,676 INFO  org.apache.flink.runtime.highavailability.nonha.embedded.EmbeddedLeaderService  - Received confirmation of leadership for leader akka://flink/user/dispatcher , session=9d519fab-4e75-4b72-8a68-b2e96e3526c6
19:43:28,676 INFO  org.apache.flink.runtime.highavailability.nonha.embedded.EmbeddedLeaderService  - Received confirmation of leadership for leader akka://flink/user/resourcemanager , session=6ca19a7d-4bf2-4ee9-8944-fe477c17b0b9
19:43:28,682 INFO  org.apache.flink.runtime.taskexecutor.TaskExecutor            - Connecting to ResourceManager akka://flink/user/resourcemanager(8944fe477c17b0b96ca19a7d4bf24ee9).
19:43:28,695 INFO  org.apache.flink.runtime.taskexecutor.TaskExecutor            - Resolved ResourceManager address, beginning registration
19:43:28,696 INFO  org.apache.flink.runtime.taskexecutor.TaskExecutor            - Registration at ResourceManager attempt 1 (timeout=100ms)
19:43:28,703 INFO  org.apache.flink.runtime.resourcemanager.StandaloneResourceManager  - Registering TaskManager with ResourceID 6207684f-acdf-49d7-ac1c-4e7d7319451a (akka://flink/user/taskmanager_0) at ResourceManager
19:43:28,706 INFO  org.apache.flink.runtime.taskexecutor.TaskExecutor            - Successful registration at resource manager akka://flink/user/resourcemanager under registration id 604fc4f11bf24a109049a81007af9a15.
19:43:28,709 INFO  org.apache.flink.runtime.dispatcher.StandaloneDispatcher      - Received JobGraph submission 1cf66ee3d6d9282509feab6fd323e852 (Flink Streaming Job).
19:43:28,709 INFO  org.apache.flink.runtime.dispatcher.StandaloneDispatcher      - Submitting job 1cf66ee3d6d9282509feab6fd323e852 (Flink Streaming Job).
19:43:28,724 INFO  org.apache.flink.runtime.rpc.akka.AkkaRpcService              - Starting RPC endpoint for org.apache.flink.runtime.jobmaster.JobMaster at akka://flink/user/jobmanager_1 .
19:43:28,731 INFO  org.apache.flink.runtime.jobmaster.JobMaster                  - Initializing job Flink Streaming Job (1cf66ee3d6d9282509feab6fd323e852).
19:43:28,743 INFO  org.apache.flink.runtime.jobmaster.JobMaster                  - Using restart strategy NoRestartStrategy for Flink Streaming Job (1cf66ee3d6d9282509feab6fd323e852).
19:43:28,757 INFO  org.apache.flink.runtime.executiongraph.ExecutionGraph        - Job recovers via failover strategy: full graph restart
19:43:28,771 INFO  org.apache.flink.runtime.jobmaster.JobMaster                  - Running initialization on master for job Flink Streaming Job (1cf66ee3d6d9282509feab6fd323e852).
19:43:28,771 INFO  org.apache.flink.runtime.jobmaster.JobMaster                  - Successfully ran initialization on master in 0 ms.
19:43:28,800 INFO  org.apache.flink.runtime.jobmaster.JobMaster                  - No state backend has been configured, using default (Memory / JobManager) MemoryStateBackend (data in heap memory / checkpoints to JobManager) (checkpoints: 'null', savepoints: 'null', asynchronous: TRUE, maxStateSize: 5242880)
19:43:28,810 INFO  org.apache.flink.runtime.highavailability.nonha.embedded.EmbeddedLeaderService  - Proposing leadership to contender org.apache.flink.runtime.jobmaster.JobManagerRunner@520e4a6d @ akka://flink/user/jobmanager_1
19:43:28,811 INFO  org.apache.flink.runtime.jobmaster.JobManagerRunner           - JobManager runner for job Flink Streaming Job (1cf66ee3d6d9282509feab6fd323e852) was granted leadership with session id 950b02d3-967a-4445-a1de-5f36e50a1349 at akka://flink/user/jobmanager_1.
19:43:28,820 INFO  org.apache.flink.runtime.jobmaster.JobMaster                  - Starting execution of job Flink Streaming Job (1cf66ee3d6d9282509feab6fd323e852) under job master id a1de5f36e50a1349950b02d3967a4445.
19:43:28,821 INFO  org.apache.flink.runtime.executiongraph.ExecutionGraph        - Job Flink Streaming Job (1cf66ee3d6d9282509feab6fd323e852) switched from state CREATED to RUNNING.
19:43:28,824 INFO  org.apache.flink.runtime.executiongraph.ExecutionGraph        - Source: Custom Source (1/1) (8ef70d01f194e57d5cc72b1b19ec082d) switched from CREATED to SCHEDULED.
19:43:28,837 INFO  org.apache.flink.runtime.jobmaster.slotpool.SlotPoolImpl      - Cannot serve slot request, no ResourceManager connected. Adding as pending request [SlotRequestId{51e5e1da680b62818cb1b7ca8c274b4b}]
19:43:28,847 INFO  org.apache.flink.runtime.executiongraph.ExecutionGraph        - Window(TumblingProcessingTimeWindows(5000), ProcessingTimeTrigger, AggregateFunction$2, PassThroughWindowFunction) -> Sink: Print to Std. Out (1/8) (c22b22c653ba7aee6d1f2153e22f6143) switched from CREATED to SCHEDULED.
19:43:28,847 INFO  org.apache.flink.runtime.executiongraph.ExecutionGraph        - Window(TumblingProcessingTimeWindows(5000), ProcessingTimeTrigger, AggregateFunction$2, PassThroughWindowFunction) -> Sink: Print to Std. Out (2/8) (f0488d6aeb8b617d430226f6edf34790) switched from CREATED to SCHEDULED.
19:43:28,847 INFO  org.apache.flink.runtime.executiongraph.ExecutionGraph        - Window(TumblingProcessingTimeWindows(5000), ProcessingTimeTrigger, AggregateFunction$2, PassThroughWindowFunction) -> Sink: Print to Std. Out (3/8) (f8e096ba918d3bc8acd8e745ad5b1773) switched from CREATED to SCHEDULED.
19:43:28,848 INFO  org.apache.flink.runtime.executiongraph.ExecutionGraph        - Window(TumblingProcessingTimeWindows(5000), ProcessingTimeTrigger, AggregateFunction$2, PassThroughWindowFunction) -> Sink: Print to Std. Out (4/8) (76cdaa5173321205f4d518d9c78fcb3b) switched from CREATED to SCHEDULED.
19:43:28,848 INFO  org.apache.flink.runtime.executiongraph.ExecutionGraph        - Window(TumblingProcessingTimeWindows(5000), ProcessingTimeTrigger, AggregateFunction$2, PassThroughWindowFunction) -> Sink: Print to Std. Out (5/8) (6d09196f173d2b469dc517912219c00e) switched from CREATED to SCHEDULED.
19:43:28,848 INFO  org.apache.flink.runtime.executiongraph.ExecutionGraph        - Window(TumblingProcessingTimeWindows(5000), ProcessingTimeTrigger, AggregateFunction$2, PassThroughWindowFunction) -> Sink: Print to Std. Out (6/8) (48f8c80f08c5b6ff5532a9c58117650c) switched from CREATED to SCHEDULED.
19:43:28,848 INFO  org.apache.flink.runtime.executiongraph.ExecutionGraph        - Window(TumblingProcessingTimeWindows(5000), ProcessingTimeTrigger, AggregateFunction$2, PassThroughWindowFunction) -> Sink: Print to Std. Out (7/8) (e8421736adfc0ac5838c64c34c0d38b3) switched from CREATED to SCHEDULED.
19:43:28,848 INFO  org.apache.flink.runtime.executiongraph.ExecutionGraph        - Window(TumblingProcessingTimeWindows(5000), ProcessingTimeTrigger, AggregateFunction$2, PassThroughWindowFunction) -> Sink: Print to Std. Out (8/8) (9330a09176de78586b1c6472d7edb884) switched from CREATED to SCHEDULED.
19:43:28,850 INFO  org.apache.flink.runtime.highavailability.nonha.embedded.EmbeddedLeaderService  - Received confirmation of leadership for leader akka://flink/user/jobmanager_1 , session=950b02d3-967a-4445-a1de-5f36e50a1349
19:43:28,850 INFO  org.apache.flink.runtime.jobmaster.JobMaster                  - Connecting to ResourceManager akka://flink/user/resourcemanager(8944fe477c17b0b96ca19a7d4bf24ee9)
19:43:28,852 INFO  org.apache.flink.runtime.jobmaster.JobMaster                  - Resolved ResourceManager address, beginning registration
19:43:28,852 INFO  org.apache.flink.runtime.jobmaster.JobMaster                  - Registration at ResourceManager attempt 1 (timeout=100ms)
19:43:28,854 INFO  org.apache.flink.runtime.resourcemanager.StandaloneResourceManager  - Registering job manager a1de5f36e50a1349950b02d3967a4445@akka://flink/user/jobmanager_1 for job 1cf66ee3d6d9282509feab6fd323e852.
19:43:28,859 INFO  org.apache.flink.runtime.resourcemanager.StandaloneResourceManager  - Registered job manager a1de5f36e50a1349950b02d3967a4445@akka://flink/user/jobmanager_1 for job 1cf66ee3d6d9282509feab6fd323e852.
19:43:28,861 INFO  org.apache.flink.runtime.jobmaster.JobMaster                  - JobManager successfully registered at ResourceManager, leader id: 8944fe477c17b0b96ca19a7d4bf24ee9.
19:43:28,861 INFO  org.apache.flink.runtime.jobmaster.slotpool.SlotPoolImpl      - Requesting new slot [SlotRequestId{51e5e1da680b62818cb1b7ca8c274b4b}] and profile ResourceProfile{cpuCores=-1.0, heapMemoryInMB=-1, directMemoryInMB=-1, nativeMemoryInMB=-1, networkMemoryInMB=-1, managedMemoryInMB=-1} from resource manager.
19:43:28,863 INFO  org.apache.flink.runtime.resourcemanager.StandaloneResourceManager  - Request slot with profile ResourceProfile{cpuCores=-1.0, heapMemoryInMB=-1, directMemoryInMB=-1, nativeMemoryInMB=-1, networkMemoryInMB=-1, managedMemoryInMB=-1} for job 1cf66ee3d6d9282509feab6fd323e852 with allocation id 2d9976947e65f012b88ab5cfe43e394e.
19:43:28,863 INFO  org.apache.flink.runtime.taskexecutor.TaskExecutor            - Receive slot request 2d9976947e65f012b88ab5cfe43e394e for job 1cf66ee3d6d9282509feab6fd323e852 from resource manager with leader id 8944fe477c17b0b96ca19a7d4bf24ee9.
19:43:28,864 INFO  org.apache.flink.runtime.taskexecutor.TaskExecutor            - Allocated slot for 2d9976947e65f012b88ab5cfe43e394e.
19:43:28,864 INFO  org.apache.flink.runtime.taskexecutor.JobLeaderService        - Add job 1cf66ee3d6d9282509feab6fd323e852 for job leader monitoring.
19:43:28,866 INFO  org.apache.flink.runtime.taskexecutor.JobLeaderService        - Try to register at job manager akka://flink/user/jobmanager_1 with leader id 950b02d3-967a-4445-a1de-5f36e50a1349.
19:43:28,867 INFO  org.apache.flink.runtime.taskexecutor.JobLeaderService        - Resolved JobManager address, beginning registration
19:43:28,867 INFO  org.apache.flink.runtime.taskexecutor.JobLeaderService        - Registration at JobManager attempt 1 (timeout=100ms)
19:43:28,869 INFO  org.apache.flink.runtime.taskexecutor.JobLeaderService        - Successful registration at job manager akka://flink/user/jobmanager_1 for job 1cf66ee3d6d9282509feab6fd323e852.
19:43:28,869 INFO  org.apache.flink.runtime.taskexecutor.TaskExecutor            - Establish JobManager connection for job 1cf66ee3d6d9282509feab6fd323e852.
19:43:28,872 INFO  org.apache.flink.runtime.taskexecutor.TaskExecutor            - Offer reserved slots to the leader of job 1cf66ee3d6d9282509feab6fd323e852.
19:43:28,877 INFO  org.apache.flink.runtime.jobmaster.slotpool.SlotPoolImpl      - Requesting new slot [SlotRequestId{4a15cbabc52e281a30dcae29b534e549}] and profile ResourceProfile{cpuCores=-1.0, heapMemoryInMB=-1, directMemoryInMB=-1, nativeMemoryInMB=-1, networkMemoryInMB=-1, managedMemoryInMB=-1} from resource manager.
19:43:28,877 INFO  org.apache.flink.runtime.resourcemanager.StandaloneResourceManager  - Request slot with profile ResourceProfile{cpuCores=-1.0, heapMemoryInMB=-1, directMemoryInMB=-1, nativeMemoryInMB=-1, networkMemoryInMB=-1, managedMemoryInMB=-1} for job 1cf66ee3d6d9282509feab6fd323e852 with allocation id e3c4b3794ea441718fea1070bca4ee66.
19:43:28,877 INFO  org.apache.flink.runtime.jobmaster.slotpool.SlotPoolImpl      - Requesting new slot [SlotRequestId{91df768ca59144419c8fef91d0a73cc3}] and profile ResourceProfile{cpuCores=-1.0, heapMemoryInMB=-1, directMemoryInMB=-1, nativeMemoryInMB=-1, networkMemoryInMB=-1, managedMemoryInMB=-1} from resource manager.
19:43:28,877 INFO  org.apache.flink.runtime.taskexecutor.TaskExecutor            - Receive slot request e3c4b3794ea441718fea1070bca4ee66 for job 1cf66ee3d6d9282509feab6fd323e852 from resource manager with leader id 8944fe477c17b0b96ca19a7d4bf24ee9.
19:43:28,878 INFO  org.apache.flink.runtime.resourcemanager.StandaloneResourceManager  - Request slot with profile ResourceProfile{cpuCores=-1.0, heapMemoryInMB=-1, directMemoryInMB=-1, nativeMemoryInMB=-1, networkMemoryInMB=-1, managedMemoryInMB=-1} for job 1cf66ee3d6d9282509feab6fd323e852 with allocation id ce60f77bf32d42339c16bb2e2eeb2030.
19:43:28,878 INFO  org.apache.flink.runtime.taskexecutor.TaskExecutor            - Allocated slot for e3c4b3794ea441718fea1070bca4ee66.
19:43:28,878 INFO  org.apache.flink.runtime.taskexecutor.TaskExecutor            - Offer reserved slots to the leader of job 1cf66ee3d6d9282509feab6fd323e852.
19:43:28,878 INFO  org.apache.flink.runtime.jobmaster.slotpool.SlotPoolImpl      - Requesting new slot [SlotRequestId{39416b2f78bef7e81844b17b29b006e2}] and profile ResourceProfile{cpuCores=-1.0, heapMemoryInMB=-1, directMemoryInMB=-1, nativeMemoryInMB=-1, networkMemoryInMB=-1, managedMemoryInMB=-1} from resource manager.
19:43:28,878 INFO  org.apache.flink.runtime.taskexecutor.TaskExecutor            - Receive slot request ce60f77bf32d42339c16bb2e2eeb2030 for job 1cf66ee3d6d9282509feab6fd323e852 from resource manager with leader id 8944fe477c17b0b96ca19a7d4bf24ee9.
19:43:28,878 INFO  org.apache.flink.runtime.resourcemanager.StandaloneResourceManager  - Request slot with profile ResourceProfile{cpuCores=-1.0, heapMemoryInMB=-1, directMemoryInMB=-1, nativeMemoryInMB=-1, networkMemoryInMB=-1, managedMemoryInMB=-1} for job 1cf66ee3d6d9282509feab6fd323e852 with allocation id d9fd5f4a980e0a5b10e0c9c2ffa26b7d.
19:43:28,878 INFO  org.apache.flink.runtime.taskexecutor.TaskExecutor            - Allocated slot for ce60f77bf32d42339c16bb2e2eeb2030.
19:43:28,878 INFO  org.apache.flink.runtime.taskexecutor.TaskExecutor            - Offer reserved slots to the leader of job 1cf66ee3d6d9282509feab6fd323e852.
19:43:28,878 INFO  org.apache.flink.runtime.jobmaster.slotpool.SlotPoolImpl      - Requesting new slot [SlotRequestId{a4fb429de2f957fa07ddb58f675b87d2}] and profile ResourceProfile{cpuCores=-1.0, heapMemoryInMB=-1, directMemoryInMB=-1, nativeMemoryInMB=-1, networkMemoryInMB=-1, managedMemoryInMB=-1} from resource manager.
19:43:28,879 INFO  org.apache.flink.runtime.taskexecutor.TaskExecutor            - Receive slot request d9fd5f4a980e0a5b10e0c9c2ffa26b7d for job 1cf66ee3d6d9282509feab6fd323e852 from resource manager with leader id 8944fe477c17b0b96ca19a7d4bf24ee9.
19:43:28,879 INFO  org.apache.flink.runtime.taskexecutor.TaskExecutor            - Allocated slot for d9fd5f4a980e0a5b10e0c9c2ffa26b7d.
19:43:28,879 INFO  org.apache.flink.runtime.taskexecutor.TaskExecutor            - Offer reserved slots to the leader of job 1cf66ee3d6d9282509feab6fd323e852.
19:43:28,879 INFO  org.apache.flink.runtime.resourcemanager.StandaloneResourceManager  - Request slot with profile ResourceProfile{cpuCores=-1.0, heapMemoryInMB=-1, directMemoryInMB=-1, nativeMemoryInMB=-1, networkMemoryInMB=-1, managedMemoryInMB=-1} for job 1cf66ee3d6d9282509feab6fd323e852 with allocation id af489ea1eb1ab88dee17cad58aae5090.
19:43:28,879 INFO  org.apache.flink.runtime.jobmaster.slotpool.SlotPoolImpl      - Requesting new slot [SlotRequestId{08e772f8daf71939d55d16098ee205f5}] and profile ResourceProfile{cpuCores=-1.0, heapMemoryInMB=-1, directMemoryInMB=-1, nativeMemoryInMB=-1, networkMemoryInMB=-1, managedMemoryInMB=-1} from resource manager.
19:43:28,879 INFO  org.apache.flink.runtime.taskexecutor.TaskExecutor            - Receive slot request af489ea1eb1ab88dee17cad58aae5090 for job 1cf66ee3d6d9282509feab6fd323e852 from resource manager with leader id 8944fe477c17b0b96ca19a7d4bf24ee9.
19:43:28,879 INFO  org.apache.flink.runtime.resourcemanager.StandaloneResourceManager  - Request slot with profile ResourceProfile{cpuCores=-1.0, heapMemoryInMB=-1, directMemoryInMB=-1, nativeMemoryInMB=-1, networkMemoryInMB=-1, managedMemoryInMB=-1} for job 1cf66ee3d6d9282509feab6fd323e852 with allocation id 02f3df361478960fb7a16cc72bff0de5.
19:43:28,879 INFO  org.apache.flink.runtime.taskexecutor.TaskExecutor            - Allocated slot for af489ea1eb1ab88dee17cad58aae5090.
19:43:28,879 INFO  org.apache.flink.runtime.jobmaster.slotpool.SlotPoolImpl      - Requesting new slot [SlotRequestId{3268c6a826ef3ccd24f28558e6af0747}] and profile ResourceProfile{cpuCores=-1.0, heapMemoryInMB=-1, directMemoryInMB=-1, nativeMemoryInMB=-1, networkMemoryInMB=-1, managedMemoryInMB=-1} from resource manager.
19:43:28,879 INFO  org.apache.flink.runtime.taskexecutor.TaskExecutor            - Offer reserved slots to the leader of job 1cf66ee3d6d9282509feab6fd323e852.
19:43:28,879 INFO  org.apache.flink.runtime.resourcemanager.StandaloneResourceManager  - Request slot with profile ResourceProfile{cpuCores=-1.0, heapMemoryInMB=-1, directMemoryInMB=-1, nativeMemoryInMB=-1, networkMemoryInMB=-1, managedMemoryInMB=-1} for job 1cf66ee3d6d9282509feab6fd323e852 with allocation id 2a896372f98648d01a5d94cdf7429f20.
19:43:28,879 INFO  org.apache.flink.runtime.taskexecutor.TaskExecutor            - Receive slot request 02f3df361478960fb7a16cc72bff0de5 for job 1cf66ee3d6d9282509feab6fd323e852 from resource manager with leader id 8944fe477c17b0b96ca19a7d4bf24ee9.
19:43:28,880 INFO  org.apache.flink.runtime.jobmaster.slotpool.SlotPoolImpl      - Requesting new slot [SlotRequestId{6d5eeee226a6d70f69843af35c4bd30f}] and profile ResourceProfile{cpuCores=-1.0, heapMemoryInMB=-1, directMemoryInMB=-1, nativeMemoryInMB=-1, networkMemoryInMB=-1, managedMemoryInMB=-1} from resource manager.
19:43:28,880 INFO  org.apache.flink.runtime.taskexecutor.TaskExecutor            - Allocated slot for 02f3df361478960fb7a16cc72bff0de5.
19:43:28,880 INFO  org.apache.flink.runtime.taskexecutor.TaskExecutor            - Offer reserved slots to the leader of job 1cf66ee3d6d9282509feab6fd323e852.
19:43:28,880 INFO  org.apache.flink.runtime.resourcemanager.StandaloneResourceManager  - Request slot with profile ResourceProfile{cpuCores=-1.0, heapMemoryInMB=-1, directMemoryInMB=-1, nativeMemoryInMB=-1, networkMemoryInMB=-1, managedMemoryInMB=-1} for job 1cf66ee3d6d9282509feab6fd323e852 with allocation id b6da6c73469727bcfcb58b5713854835.
19:43:28,880 INFO  org.apache.flink.runtime.taskexecutor.TaskExecutor            - Receive slot request 2a896372f98648d01a5d94cdf7429f20 for job 1cf66ee3d6d9282509feab6fd323e852 from resource manager with leader id 8944fe477c17b0b96ca19a7d4bf24ee9.
19:43:28,880 INFO  org.apache.flink.runtime.taskexecutor.TaskExecutor            - Allocated slot for 2a896372f98648d01a5d94cdf7429f20.
19:43:28,880 INFO  org.apache.flink.runtime.taskexecutor.TaskExecutor            - Offer reserved slots to the leader of job 1cf66ee3d6d9282509feab6fd323e852.
19:43:28,880 INFO  org.apache.flink.runtime.taskexecutor.TaskExecutor            - Receive slot request b6da6c73469727bcfcb58b5713854835 for job 1cf66ee3d6d9282509feab6fd323e852 from resource manager with leader id 8944fe477c17b0b96ca19a7d4bf24ee9.
19:43:28,881 INFO  org.apache.flink.runtime.taskexecutor.TaskExecutor            - Allocated slot for b6da6c73469727bcfcb58b5713854835.
19:43:28,881 INFO  org.apache.flink.runtime.taskexecutor.TaskExecutor            - Offer reserved slots to the leader of job 1cf66ee3d6d9282509feab6fd323e852.
19:43:28,883 INFO  org.apache.flink.runtime.jobmaster.slotpool.SlotPoolImpl      - Received repeated offer for slot [2d9976947e65f012b88ab5cfe43e394e]. Ignoring.
19:43:28,883 INFO  org.apache.flink.runtime.taskexecutor.slot.TaskSlotTable      - Activate slot 2d9976947e65f012b88ab5cfe43e394e.
19:43:28,883 INFO  org.apache.flink.runtime.jobmaster.slotpool.SlotPoolImpl      - Received repeated offer for slot [e3c4b3794ea441718fea1070bca4ee66]. Ignoring.
19:43:28,883 INFO  org.apache.flink.runtime.taskexecutor.slot.TaskSlotTable      - Activate slot e3c4b3794ea441718fea1070bca4ee66.
19:43:28,883 INFO  org.apache.flink.runtime.jobmaster.slotpool.SlotPoolImpl      - Received repeated offer for slot [2d9976947e65f012b88ab5cfe43e394e]. Ignoring.
19:43:28,883 INFO  org.apache.flink.runtime.taskexecutor.slot.TaskSlotTable      - Activate slot 2d9976947e65f012b88ab5cfe43e394e.
19:43:28,884 INFO  org.apache.flink.runtime.jobmaster.slotpool.SlotPoolImpl      - Received repeated offer for slot [e3c4b3794ea441718fea1070bca4ee66]. Ignoring.
19:43:28,884 INFO  org.apache.flink.runtime.jobmaster.slotpool.SlotPoolImpl      - Received repeated offer for slot [ce60f77bf32d42339c16bb2e2eeb2030]. Ignoring.
19:43:28,884 INFO  org.apache.flink.runtime.jobmaster.slotpool.SlotPoolImpl      - Received repeated offer for slot [2d9976947e65f012b88ab5cfe43e394e]. Ignoring.
19:43:28,884 INFO  org.apache.flink.runtime.taskexecutor.slot.TaskSlotTable      - Activate slot e3c4b3794ea441718fea1070bca4ee66.
19:43:28,884 INFO  org.apache.flink.runtime.taskexecutor.slot.TaskSlotTable      - Activate slot ce60f77bf32d42339c16bb2e2eeb2030.
19:43:28,884 INFO  org.apache.flink.runtime.jobmaster.slotpool.SlotPoolImpl      - Received repeated offer for slot [e3c4b3794ea441718fea1070bca4ee66]. Ignoring.
19:43:28,884 INFO  org.apache.flink.runtime.taskexecutor.slot.TaskSlotTable      - Activate slot 2d9976947e65f012b88ab5cfe43e394e.
19:43:28,884 INFO  org.apache.flink.runtime.jobmaster.slotpool.SlotPoolImpl      - Received repeated offer for slot [ce60f77bf32d42339c16bb2e2eeb2030]. Ignoring.
19:43:28,884 INFO  org.apache.flink.runtime.taskexecutor.slot.TaskSlotTable      - Activate slot e3c4b3794ea441718fea1070bca4ee66.
19:43:28,884 INFO  org.apache.flink.runtime.jobmaster.slotpool.SlotPoolImpl      - Received repeated offer for slot [2d9976947e65f012b88ab5cfe43e394e]. Ignoring.
19:43:28,884 INFO  org.apache.flink.runtime.jobmaster.slotpool.SlotPoolImpl      - Received repeated offer for slot [d9fd5f4a980e0a5b10e0c9c2ffa26b7d]. Ignoring.
19:43:28,884 INFO  org.apache.flink.runtime.jobmaster.slotpool.SlotPoolImpl      - Received repeated offer for slot [e3c4b3794ea441718fea1070bca4ee66]. Ignoring.
19:43:28,884 INFO  org.apache.flink.runtime.taskexecutor.slot.TaskSlotTable      - Activate slot ce60f77bf32d42339c16bb2e2eeb2030.
19:43:28,884 INFO  org.apache.flink.runtime.jobmaster.slotpool.SlotPoolImpl      - Received repeated offer for slot [af489ea1eb1ab88dee17cad58aae5090]. Ignoring.
19:43:28,885 INFO  org.apache.flink.runtime.taskexecutor.slot.TaskSlotTable      - Activate slot 2d9976947e65f012b88ab5cfe43e394e.
19:43:28,885 INFO  org.apache.flink.runtime.jobmaster.slotpool.SlotPoolImpl      - Received repeated offer for slot [ce60f77bf32d42339c16bb2e2eeb2030]. Ignoring.
19:43:28,885 INFO  org.apache.flink.runtime.taskexecutor.slot.TaskSlotTable      - Activate slot d9fd5f4a980e0a5b10e0c9c2ffa26b7d.
19:43:28,885 INFO  org.apache.flink.runtime.jobmaster.slotpool.SlotPoolImpl      - Received repeated offer for slot [2d9976947e65f012b88ab5cfe43e394e]. Ignoring.
19:43:28,885 INFO  org.apache.flink.runtime.taskexecutor.slot.TaskSlotTable      - Activate slot e3c4b3794ea441718fea1070bca4ee66.
19:43:28,885 INFO  org.apache.flink.runtime.jobmaster.slotpool.SlotPoolImpl      - Received repeated offer for slot [d9fd5f4a980e0a5b10e0c9c2ffa26b7d]. Ignoring.
19:43:28,885 INFO  org.apache.flink.runtime.taskexecutor.slot.TaskSlotTable      - Activate slot af489ea1eb1ab88dee17cad58aae5090.
19:43:28,885 INFO  org.apache.flink.runtime.jobmaster.slotpool.SlotPoolImpl      - Received repeated offer for slot [e3c4b3794ea441718fea1070bca4ee66]. Ignoring.
19:43:28,885 INFO  org.apache.flink.runtime.taskexecutor.slot.TaskSlotTable      - Activate slot ce60f77bf32d42339c16bb2e2eeb2030.
19:43:28,885 INFO  org.apache.flink.runtime.jobmaster.slotpool.SlotPoolImpl      - Received repeated offer for slot [af489ea1eb1ab88dee17cad58aae5090]. Ignoring.
19:43:28,885 INFO  org.apache.flink.runtime.taskexecutor.slot.TaskSlotTable      - Activate slot 2d9976947e65f012b88ab5cfe43e394e.
19:43:28,885 INFO  org.apache.flink.runtime.jobmaster.slotpool.SlotPoolImpl      - Received repeated offer for slot [ce60f77bf32d42339c16bb2e2eeb2030]. Ignoring.
19:43:28,885 INFO  org.apache.flink.runtime.taskexecutor.slot.TaskSlotTable      - Activate slot d9fd5f4a980e0a5b10e0c9c2ffa26b7d.
19:43:28,885 INFO  org.apache.flink.runtime.jobmaster.slotpool.SlotPoolImpl      - Received repeated offer for slot [02f3df361478960fb7a16cc72bff0de5]. Ignoring.
19:43:28,885 INFO  org.apache.flink.runtime.taskexecutor.slot.TaskSlotTable      - Activate slot e3c4b3794ea441718fea1070bca4ee66.
19:43:28,885 INFO  org.apache.flink.runtime.jobmaster.slotpool.SlotPoolImpl      - Received repeated offer for slot [2d9976947e65f012b88ab5cfe43e394e]. Ignoring.
19:43:28,885 INFO  org.apache.flink.runtime.taskexecutor.slot.TaskSlotTable      - Activate slot af489ea1eb1ab88dee17cad58aae5090.
19:43:28,886 INFO  org.apache.flink.runtime.jobmaster.slotpool.SlotPoolImpl      - Received repeated offer for slot [d9fd5f4a980e0a5b10e0c9c2ffa26b7d]. Ignoring.
19:43:28,886 INFO  org.apache.flink.runtime.taskexecutor.slot.TaskSlotTable      - Activate slot ce60f77bf32d42339c16bb2e2eeb2030.
19:43:28,886 INFO  org.apache.flink.runtime.taskexecutor.slot.TaskSlotTable      - Activate slot 02f3df361478960fb7a16cc72bff0de5.
19:43:28,886 INFO  org.apache.flink.runtime.jobmaster.slotpool.SlotPoolImpl      - Received repeated offer for slot [e3c4b3794ea441718fea1070bca4ee66]. Ignoring.
19:43:28,886 INFO  org.apache.flink.runtime.taskexecutor.slot.TaskSlotTable      - Activate slot 2d9976947e65f012b88ab5cfe43e394e.
19:43:28,886 INFO  org.apache.flink.runtime.taskexecutor.slot.TaskSlotTable      - Activate slot d9fd5f4a980e0a5b10e0c9c2ffa26b7d.
19:43:28,886 INFO  org.apache.flink.runtime.executiongraph.ExecutionGraph        - Source: Custom Source (1/1) (8ef70d01f194e57d5cc72b1b19ec082d) switched from SCHEDULED to DEPLOYING.
19:43:28,886 INFO  org.apache.flink.runtime.taskexecutor.slot.TaskSlotTable      - Activate slot e3c4b3794ea441718fea1070bca4ee66.
19:43:28,886 INFO  org.apache.flink.runtime.taskexecutor.slot.TaskSlotTable      - Activate slot af489ea1eb1ab88dee17cad58aae5090.
19:43:28,886 INFO  org.apache.flink.runtime.taskexecutor.slot.TaskSlotTable      - Activate slot ce60f77bf32d42339c16bb2e2eeb2030.
19:43:28,886 INFO  org.apache.flink.runtime.executiongraph.ExecutionGraph        - Deploying Source: Custom Source (1/1) (attempt #0) to 6207684f-acdf-49d7-ac1c-4e7d7319451a @ localhost (dataPort=-1)
19:43:28,886 INFO  org.apache.flink.runtime.taskexecutor.slot.TaskSlotTable      - Activate slot 02f3df361478960fb7a16cc72bff0de5.
19:43:28,886 INFO  org.apache.flink.runtime.taskexecutor.slot.TaskSlotTable      - Activate slot 2d9976947e65f012b88ab5cfe43e394e.
19:43:28,886 INFO  org.apache.flink.runtime.taskexecutor.slot.TaskSlotTable      - Activate slot d9fd5f4a980e0a5b10e0c9c2ffa26b7d.
19:43:28,886 INFO  org.apache.flink.runtime.taskexecutor.slot.TaskSlotTable      - Activate slot 2a896372f98648d01a5d94cdf7429f20.
19:43:28,890 INFO  org.apache.flink.runtime.executiongraph.ExecutionGraph        - Window(TumblingProcessingTimeWindows(5000), ProcessingTimeTrigger, AggregateFunction$2, PassThroughWindowFunction) -> Sink: Print to Std. Out (1/8) (c22b22c653ba7aee6d1f2153e22f6143) switched from SCHEDULED to DEPLOYING.
19:43:28,890 INFO  org.apache.flink.runtime.executiongraph.ExecutionGraph        - Deploying Window(TumblingProcessingTimeWindows(5000), ProcessingTimeTrigger, AggregateFunction$2, PassThroughWindowFunction) -> Sink: Print to Std. Out (1/8) (attempt #0) to 6207684f-acdf-49d7-ac1c-4e7d7319451a @ localhost (dataPort=-1)
19:43:28,891 INFO  org.apache.flink.runtime.executiongraph.ExecutionGraph        - Window(TumblingProcessingTimeWindows(5000), ProcessingTimeTrigger, AggregateFunction$2, PassThroughWindowFunction) -> Sink: Print to Std. Out (2/8) (f0488d6aeb8b617d430226f6edf34790) switched from SCHEDULED to DEPLOYING.
19:43:28,891 INFO  org.apache.flink.runtime.executiongraph.ExecutionGraph        - Deploying Window(TumblingProcessingTimeWindows(5000), ProcessingTimeTrigger, AggregateFunction$2, PassThroughWindowFunction) -> Sink: Print to Std. Out (2/8) (attempt #0) to 6207684f-acdf-49d7-ac1c-4e7d7319451a @ localhost (dataPort=-1)
19:43:28,891 INFO  org.apache.flink.runtime.executiongraph.ExecutionGraph        - Window(TumblingProcessingTimeWindows(5000), ProcessingTimeTrigger, AggregateFunction$2, PassThroughWindowFunction) -> Sink: Print to Std. Out (3/8) (f8e096ba918d3bc8acd8e745ad5b1773) switched from SCHEDULED to DEPLOYING.
19:43:28,891 INFO  org.apache.flink.runtime.executiongraph.ExecutionGraph        - Deploying Window(TumblingProcessingTimeWindows(5000), ProcessingTimeTrigger, AggregateFunction$2, PassThroughWindowFunction) -> Sink: Print to Std. Out (3/8) (attempt #0) to 6207684f-acdf-49d7-ac1c-4e7d7319451a @ localhost (dataPort=-1)
19:43:28,892 INFO  org.apache.flink.runtime.executiongraph.ExecutionGraph        - Window(TumblingProcessingTimeWindows(5000), ProcessingTimeTrigger, AggregateFunction$2, PassThroughWindowFunction) -> Sink: Print to Std. Out (4/8) (76cdaa5173321205f4d518d9c78fcb3b) switched from SCHEDULED to DEPLOYING.
19:43:28,892 INFO  org.apache.flink.runtime.executiongraph.ExecutionGraph        - Deploying Window(TumblingProcessingTimeWindows(5000), ProcessingTimeTrigger, AggregateFunction$2, PassThroughWindowFunction) -> Sink: Print to Std. Out (4/8) (attempt #0) to 6207684f-acdf-49d7-ac1c-4e7d7319451a @ localhost (dataPort=-1)
19:43:28,892 INFO  org.apache.flink.runtime.executiongraph.ExecutionGraph        - Window(TumblingProcessingTimeWindows(5000), ProcessingTimeTrigger, AggregateFunction$2, PassThroughWindowFunction) -> Sink: Print to Std. Out (5/8) (6d09196f173d2b469dc517912219c00e) switched from SCHEDULED to DEPLOYING.
19:43:28,892 INFO  org.apache.flink.runtime.executiongraph.ExecutionGraph        - Deploying Window(TumblingProcessingTimeWindows(5000), ProcessingTimeTrigger, AggregateFunction$2, PassThroughWindowFunction) -> Sink: Print to Std. Out (5/8) (attempt #0) to 6207684f-acdf-49d7-ac1c-4e7d7319451a @ localhost (dataPort=-1)
19:43:28,892 INFO  org.apache.flink.runtime.executiongraph.ExecutionGraph        - Window(TumblingProcessingTimeWindows(5000), ProcessingTimeTrigger, AggregateFunction$2, PassThroughWindowFunction) -> Sink: Print to Std. Out (6/8) (48f8c80f08c5b6ff5532a9c58117650c) switched from SCHEDULED to DEPLOYING.
19:43:28,892 INFO  org.apache.flink.runtime.executiongraph.ExecutionGraph        - Deploying Window(TumblingProcessingTimeWindows(5000), ProcessingTimeTrigger, AggregateFunction$2, PassThroughWindowFunction) -> Sink: Print to Std. Out (6/8) (attempt #0) to 6207684f-acdf-49d7-ac1c-4e7d7319451a @ localhost (dataPort=-1)
19:43:28,893 INFO  org.apache.flink.runtime.executiongraph.ExecutionGraph        - Window(TumblingProcessingTimeWindows(5000), ProcessingTimeTrigger, AggregateFunction$2, PassThroughWindowFunction) -> Sink: Print to Std. Out (7/8) (e8421736adfc0ac5838c64c34c0d38b3) switched from SCHEDULED to DEPLOYING.
19:43:28,893 INFO  org.apache.flink.runtime.executiongraph.ExecutionGraph        - Deploying Window(TumblingProcessingTimeWindows(5000), ProcessingTimeTrigger, AggregateFunction$2, PassThroughWindowFunction) -> Sink: Print to Std. Out (7/8) (attempt #0) to 6207684f-acdf-49d7-ac1c-4e7d7319451a @ localhost (dataPort=-1)
19:43:28,893 INFO  org.apache.flink.runtime.executiongraph.ExecutionGraph        - Window(TumblingProcessingTimeWindows(5000), ProcessingTimeTrigger, AggregateFunction$2, PassThroughWindowFunction) -> Sink: Print to Std. Out (8/8) (9330a09176de78586b1c6472d7edb884) switched from SCHEDULED to DEPLOYING.
19:43:28,893 INFO  org.apache.flink.runtime.executiongraph.ExecutionGraph        - Deploying Window(TumblingProcessingTimeWindows(5000), ProcessingTimeTrigger, AggregateFunction$2, PassThroughWindowFunction) -> Sink: Print to Std. Out (8/8) (attempt #0) to 6207684f-acdf-49d7-ac1c-4e7d7319451a @ localhost (dataPort=-1)
19:43:28,893 INFO  org.apache.flink.runtime.jobmaster.slotpool.SlotPoolImpl      - Received repeated offer for slot [af489ea1eb1ab88dee17cad58aae5090]. Ignoring.
19:43:28,893 INFO  org.apache.flink.runtime.jobmaster.slotpool.SlotPoolImpl      - Received repeated offer for slot [ce60f77bf32d42339c16bb2e2eeb2030]. Ignoring.
19:43:28,893 INFO  org.apache.flink.runtime.jobmaster.slotpool.SlotPoolImpl      - Received repeated offer for slot [02f3df361478960fb7a16cc72bff0de5]. Ignoring.
19:43:28,893 INFO  org.apache.flink.runtime.jobmaster.slotpool.SlotPoolImpl      - Received repeated offer for slot [2d9976947e65f012b88ab5cfe43e394e]. Ignoring.
19:43:28,893 INFO  org.apache.flink.runtime.jobmaster.slotpool.SlotPoolImpl      - Received repeated offer for slot [d9fd5f4a980e0a5b10e0c9c2ffa26b7d]. Ignoring.
19:43:28,893 INFO  org.apache.flink.runtime.jobmaster.slotpool.SlotPoolImpl      - Received repeated offer for slot [2a896372f98648d01a5d94cdf7429f20]. Ignoring.
19:43:28,908 INFO  org.apache.flink.runtime.taskexecutor.TaskExecutor            - Received task Source: Custom Source (1/1).
19:43:28,909 INFO  org.apache.flink.runtime.taskmanager.Task                     - Source: Custom Source (1/1) (8ef70d01f194e57d5cc72b1b19ec082d) switched from CREATED to DEPLOYING.
19:43:28,910 INFO  org.apache.flink.runtime.taskmanager.Task                     - Creating FileSystem stream leak safety net for task Source: Custom Source (1/1) (8ef70d01f194e57d5cc72b1b19ec082d) [DEPLOYING]
19:43:28,913 INFO  org.apache.flink.runtime.taskmanager.Task                     - Loading JAR files for task Source: Custom Source (1/1) (8ef70d01f194e57d5cc72b1b19ec082d) [DEPLOYING].
19:43:28,915 INFO  org.apache.flink.runtime.taskmanager.Task                     - Registering task at network: Source: Custom Source (1/1) (8ef70d01f194e57d5cc72b1b19ec082d) [DEPLOYING].
19:43:28,920 INFO  org.apache.flink.runtime.taskexecutor.TaskExecutor            - Received task Window(TumblingProcessingTimeWindows(5000), ProcessingTimeTrigger, AggregateFunction$2, PassThroughWindowFunction) -> Sink: Print to Std. Out (1/8).
19:43:28,921 INFO  org.apache.flink.runtime.taskmanager.Task                     - Window(TumblingProcessingTimeWindows(5000), ProcessingTimeTrigger, AggregateFunction$2, PassThroughWindowFunction) -> Sink: Print to Std. Out (1/8) (c22b22c653ba7aee6d1f2153e22f6143) switched from CREATED to DEPLOYING.
19:43:28,921 INFO  org.apache.flink.runtime.taskmanager.Task                     - Creating FileSystem stream leak safety net for task Window(TumblingProcessingTimeWindows(5000), ProcessingTimeTrigger, AggregateFunction$2, PassThroughWindowFunction) -> Sink: Print to Std. Out (1/8) (c22b22c653ba7aee6d1f2153e22f6143) [DEPLOYING]
19:43:28,922 INFO  org.apache.flink.runtime.taskmanager.Task                     - Loading JAR files for task Window(TumblingProcessingTimeWindows(5000), ProcessingTimeTrigger, AggregateFunction$2, PassThroughWindowFunction) -> Sink: Print to Std. Out (1/8) (c22b22c653ba7aee6d1f2153e22f6143) [DEPLOYING].
19:43:28,924 INFO  org.apache.flink.runtime.taskmanager.Task                     - Registering task at network: Window(TumblingProcessingTimeWindows(5000), ProcessingTimeTrigger, AggregateFunction$2, PassThroughWindowFunction) -> Sink: Print to Std. Out (1/8) (c22b22c653ba7aee6d1f2153e22f6143) [DEPLOYING].
19:43:28,926 INFO  org.apache.flink.runtime.taskexecutor.TaskExecutor            - Received task Window(TumblingProcessingTimeWindows(5000), ProcessingTimeTrigger, AggregateFunction$2, PassThroughWindowFunction) -> Sink: Print to Std. Out (2/8).
19:43:28,926 INFO  org.apache.flink.runtime.taskmanager.Task                     - Window(TumblingProcessingTimeWindows(5000), ProcessingTimeTrigger, AggregateFunction$2, PassThroughWindowFunction) -> Sink: Print to Std. Out (2/8) (f0488d6aeb8b617d430226f6edf34790) switched from CREATED to DEPLOYING.
19:43:28,927 INFO  org.apache.flink.runtime.taskmanager.Task                     - Creating FileSystem stream leak safety net for task Window(TumblingProcessingTimeWindows(5000), ProcessingTimeTrigger, AggregateFunction$2, PassThroughWindowFunction) -> Sink: Print to Std. Out (2/8) (f0488d6aeb8b617d430226f6edf34790) [DEPLOYING]
19:43:28,928 INFO  org.apache.flink.runtime.taskmanager.Task                     - Loading JAR files for task Window(TumblingProcessingTimeWindows(5000), ProcessingTimeTrigger, AggregateFunction$2, PassThroughWindowFunction) -> Sink: Print to Std. Out (2/8) (f0488d6aeb8b617d430226f6edf34790) [DEPLOYING].
19:43:28,930 INFO  org.apache.flink.runtime.taskmanager.Task                     - Registering task at network: Window(TumblingProcessingTimeWindows(5000), ProcessingTimeTrigger, AggregateFunction$2, PassThroughWindowFunction) -> Sink: Print to Std. Out (2/8) (f0488d6aeb8b617d430226f6edf34790) [DEPLOYING].
19:43:28,931 INFO  org.apache.flink.runtime.taskexecutor.TaskExecutor            - Received task Window(TumblingProcessingTimeWindows(5000), ProcessingTimeTrigger, AggregateFunction$2, PassThroughWindowFunction) -> Sink: Print to Std. Out (3/8).
19:43:28,932 INFO  org.apache.flink.runtime.taskmanager.Task                     - Window(TumblingProcessingTimeWindows(5000), ProcessingTimeTrigger, AggregateFunction$2, PassThroughWindowFunction) -> Sink: Print to Std. Out (1/8) (c22b22c653ba7aee6d1f2153e22f6143) switched from DEPLOYING to RUNNING.
19:43:28,934 INFO  org.apache.flink.streaming.runtime.tasks.StreamTask           - No state backend has been configured, using default (Memory / JobManager) MemoryStateBackend (data in heap memory / checkpoints to JobManager) (checkpoints: 'null', savepoints: 'null', asynchronous: TRUE, maxStateSize: 5242880)
19:43:28,933 INFO  org.apache.flink.runtime.executiongraph.ExecutionGraph        - Window(TumblingProcessingTimeWindows(5000), ProcessingTimeTrigger, AggregateFunction$2, PassThroughWindowFunction) -> Sink: Print to Std. Out (1/8) (c22b22c653ba7aee6d1f2153e22f6143) switched from DEPLOYING to RUNNING.
19:43:28,934 INFO  org.apache.flink.runtime.taskmanager.Task                     - Window(TumblingProcessingTimeWindows(5000), ProcessingTimeTrigger, AggregateFunction$2, PassThroughWindowFunction) -> Sink: Print to Std. Out (2/8) (f0488d6aeb8b617d430226f6edf34790) switched from DEPLOYING to RUNNING.
19:43:28,935 INFO  org.apache.flink.runtime.executiongraph.ExecutionGraph        - Window(TumblingProcessingTimeWindows(5000), ProcessingTimeTrigger, AggregateFunction$2, PassThroughWindowFunction) -> Sink: Print to Std. Out (2/8) (f0488d6aeb8b617d430226f6edf34790) switched from DEPLOYING to RUNNING.
19:43:28,935 INFO  org.apache.flink.runtime.taskmanager.Task                     - Source: Custom Source (1/1) (8ef70d01f194e57d5cc72b1b19ec082d) switched from DEPLOYING to RUNNING.
19:43:28,935 INFO  org.apache.flink.runtime.executiongraph.ExecutionGraph        - Source: Custom Source (1/1) (8ef70d01f194e57d5cc72b1b19ec082d) switched from DEPLOYING to RUNNING.
19:43:28,936 INFO  org.apache.flink.runtime.taskmanager.Task                     - Window(TumblingProcessingTimeWindows(5000), ProcessingTimeTrigger, AggregateFunction$2, PassThroughWindowFunction) -> Sink: Print to Std. Out (3/8) (f8e096ba918d3bc8acd8e745ad5b1773) switched from CREATED to DEPLOYING.
19:43:28,935 INFO  org.apache.flink.streaming.runtime.tasks.StreamTask           - No state backend has been configured, using default (Memory / JobManager) MemoryStateBackend (data in heap memory / checkpoints to JobManager) (checkpoints: 'null', savepoints: 'null', asynchronous: TRUE, maxStateSize: 5242880)
19:43:28,937 INFO  org.apache.flink.runtime.taskmanager.Task                     - Creating FileSystem stream leak safety net for task Window(TumblingProcessingTimeWindows(5000), ProcessingTimeTrigger, AggregateFunction$2, PassThroughWindowFunction) -> Sink: Print to Std. Out (3/8) (f8e096ba918d3bc8acd8e745ad5b1773) [DEPLOYING]
19:43:28,935 INFO  org.apache.flink.streaming.runtime.tasks.StreamTask           - No state backend has been configured, using default (Memory / JobManager) MemoryStateBackend (data in heap memory / checkpoints to JobManager) (checkpoints: 'null', savepoints: 'null', asynchronous: TRUE, maxStateSize: 5242880)
19:43:28,937 INFO  org.apache.flink.runtime.taskmanager.Task                     - Loading JAR files for task Window(TumblingProcessingTimeWindows(5000), ProcessingTimeTrigger, AggregateFunction$2, PassThroughWindowFunction) -> Sink: Print to Std. Out (3/8) (f8e096ba918d3bc8acd8e745ad5b1773) [DEPLOYING].
19:43:28,937 INFO  org.apache.flink.runtime.taskexecutor.TaskExecutor            - Received task Window(TumblingProcessingTimeWindows(5000), ProcessingTimeTrigger, AggregateFunction$2, PassThroughWindowFunction) -> Sink: Print to Std. Out (4/8).
19:43:28,938 INFO  org.apache.flink.runtime.taskmanager.Task                     - Window(TumblingProcessingTimeWindows(5000), ProcessingTimeTrigger, AggregateFunction$2, PassThroughWindowFunction) -> Sink: Print to Std. Out (4/8) (76cdaa5173321205f4d518d9c78fcb3b) switched from CREATED to DEPLOYING.
19:43:28,938 INFO  org.apache.flink.runtime.taskmanager.Task                     - Registering task at network: Window(TumblingProcessingTimeWindows(5000), ProcessingTimeTrigger, AggregateFunction$2, PassThroughWindowFunction) -> Sink: Print to Std. Out (3/8) (f8e096ba918d3bc8acd8e745ad5b1773) [DEPLOYING].
19:43:28,943 INFO  org.apache.flink.runtime.taskmanager.Task                     - Window(TumblingProcessingTimeWindows(5000), ProcessingTimeTrigger, AggregateFunction$2, PassThroughWindowFunction) -> Sink: Print to Std. Out (3/8) (f8e096ba918d3bc8acd8e745ad5b1773) switched from DEPLOYING to RUNNING.
19:43:28,943 INFO  org.apache.flink.streaming.runtime.tasks.StreamTask           - No state backend has been configured, using default (Memory / JobManager) MemoryStateBackend (data in heap memory / checkpoints to JobManager) (checkpoints: 'null', savepoints: 'null', asynchronous: TRUE, maxStateSize: 5242880)
19:43:28,944 INFO  org.apache.flink.runtime.taskexecutor.TaskExecutor            - Received task Window(TumblingProcessingTimeWindows(5000), ProcessingTimeTrigger, AggregateFunction$2, PassThroughWindowFunction) -> Sink: Print to Std. Out (5/8).
19:43:28,952 INFO  org.apache.flink.runtime.taskmanager.Task                     - Creating FileSystem stream leak safety net for task Window(TumblingProcessingTimeWindows(5000), ProcessingTimeTrigger, AggregateFunction$2, PassThroughWindowFunction) -> Sink: Print to Std. Out (4/8) (76cdaa5173321205f4d518d9c78fcb3b) [DEPLOYING]
19:43:28,952 INFO  org.apache.flink.runtime.executiongraph.ExecutionGraph        - Window(TumblingProcessingTimeWindows(5000), ProcessingTimeTrigger, AggregateFunction$2, PassThroughWindowFunction) -> Sink: Print to Std. Out (3/8) (f8e096ba918d3bc8acd8e745ad5b1773) switched from DEPLOYING to RUNNING.
19:43:28,952 INFO  org.apache.flink.runtime.taskmanager.Task                     - Loading JAR files for task Window(TumblingProcessingTimeWindows(5000), ProcessingTimeTrigger, AggregateFunction$2, PassThroughWindowFunction) -> Sink: Print to Std. Out (4/8) (76cdaa5173321205f4d518d9c78fcb3b) [DEPLOYING].
19:43:28,952 INFO  org.apache.flink.runtime.taskmanager.Task                     - Window(TumblingProcessingTimeWindows(5000), ProcessingTimeTrigger, AggregateFunction$2, PassThroughWindowFunction) -> Sink: Print to Std. Out (5/8) (6d09196f173d2b469dc517912219c00e) switched from CREATED to DEPLOYING.
19:43:28,954 INFO  org.apache.flink.runtime.taskmanager.Task                     - Creating FileSystem stream leak safety net for task Window(TumblingProcessingTimeWindows(5000), ProcessingTimeTrigger, AggregateFunction$2, PassThroughWindowFunction) -> Sink: Print to Std. Out (5/8) (6d09196f173d2b469dc517912219c00e) [DEPLOYING]
19:43:28,954 INFO  org.apache.flink.runtime.taskmanager.Task                     - Loading JAR files for task Window(TumblingProcessingTimeWindows(5000), ProcessingTimeTrigger, AggregateFunction$2, PassThroughWindowFunction) -> Sink: Print to Std. Out (5/8) (6d09196f173d2b469dc517912219c00e) [DEPLOYING].
19:43:28,954 INFO  org.apache.flink.runtime.taskmanager.Task                     - Registering task at network: Window(TumblingProcessingTimeWindows(5000), ProcessingTimeTrigger, AggregateFunction$2, PassThroughWindowFunction) -> Sink: Print to Std. Out (4/8) (76cdaa5173321205f4d518d9c78fcb3b) [DEPLOYING].
19:43:28,956 INFO  org.apache.flink.runtime.taskmanager.Task                     - Registering task at network: Window(TumblingProcessingTimeWindows(5000), ProcessingTimeTrigger, AggregateFunction$2, PassThroughWindowFunction) -> Sink: Print to Std. Out (5/8) (6d09196f173d2b469dc517912219c00e) [DEPLOYING].
19:43:28,960 INFO  org.apache.flink.runtime.taskmanager.Task                     - Window(TumblingProcessingTimeWindows(5000), ProcessingTimeTrigger, AggregateFunction$2, PassThroughWindowFunction) -> Sink: Print to Std. Out (4/8) (76cdaa5173321205f4d518d9c78fcb3b) switched from DEPLOYING to RUNNING.
19:43:28,960 INFO  org.apache.flink.streaming.runtime.tasks.StreamTask           - No state backend has been configured, using default (Memory / JobManager) MemoryStateBackend (data in heap memory / checkpoints to JobManager) (checkpoints: 'null', savepoints: 'null', asynchronous: TRUE, maxStateSize: 5242880)
19:43:28,960 INFO  org.apache.flink.runtime.executiongraph.ExecutionGraph        - Window(TumblingProcessingTimeWindows(5000), ProcessingTimeTrigger, AggregateFunction$2, PassThroughWindowFunction) -> Sink: Print to Std. Out (4/8) (76cdaa5173321205f4d518d9c78fcb3b) switched from DEPLOYING to RUNNING.
19:43:28,961 INFO  org.apache.flink.runtime.taskexecutor.TaskExecutor            - Received task Window(TumblingProcessingTimeWindows(5000), ProcessingTimeTrigger, AggregateFunction$2, PassThroughWindowFunction) -> Sink: Print to Std. Out (6/8).
19:43:28,963 INFO  org.apache.flink.runtime.taskmanager.Task                     - Window(TumblingProcessingTimeWindows(5000), ProcessingTimeTrigger, AggregateFunction$2, PassThroughWindowFunction) -> Sink: Print to Std. Out (6/8) (48f8c80f08c5b6ff5532a9c58117650c) switched from CREATED to DEPLOYING.
19:43:28,963 INFO  org.apache.flink.runtime.taskexecutor.slot.TaskSlotTable      - Activate slot e3c4b3794ea441718fea1070bca4ee66.
19:43:28,963 INFO  org.apache.flink.runtime.taskmanager.Task                     - Window(TumblingProcessingTimeWindows(5000), ProcessingTimeTrigger, AggregateFunction$2, PassThroughWindowFunction) -> Sink: Print to Std. Out (5/8) (6d09196f173d2b469dc517912219c00e) switched from DEPLOYING to RUNNING.
19:43:28,963 INFO  org.apache.flink.runtime.taskexecutor.slot.TaskSlotTable      - Activate slot b6da6c73469727bcfcb58b5713854835.
19:43:28,963 INFO  org.apache.flink.runtime.taskmanager.Task                     - Creating FileSystem stream leak safety net for task Window(TumblingProcessingTimeWindows(5000), ProcessingTimeTrigger, AggregateFunction$2, PassThroughWindowFunction) -> Sink: Print to Std. Out (6/8) (48f8c80f08c5b6ff5532a9c58117650c) [DEPLOYING]
19:43:28,964 INFO  org.apache.flink.runtime.taskexecutor.slot.TaskSlotTable      - Activate slot af489ea1eb1ab88dee17cad58aae5090.
19:43:28,965 INFO  org.apache.flink.runtime.taskexecutor.slot.TaskSlotTable      - Activate slot ce60f77bf32d42339c16bb2e2eeb2030.
19:43:28,964 INFO  org.apache.flink.streaming.runtime.tasks.StreamTask           - No state backend has been configured, using default (Memory / JobManager) MemoryStateBackend (data in heap memory / checkpoints to JobManager) (checkpoints: 'null', savepoints: 'null', asynchronous: TRUE, maxStateSize: 5242880)
19:43:28,964 INFO  org.apache.flink.runtime.taskmanager.Task                     - Loading JAR files for task Window(TumblingProcessingTimeWindows(5000), ProcessingTimeTrigger, AggregateFunction$2, PassThroughWindowFunction) -> Sink: Print to Std. Out (6/8) (48f8c80f08c5b6ff5532a9c58117650c) [DEPLOYING].
19:43:28,964 INFO  org.apache.flink.runtime.executiongraph.ExecutionGraph        - Window(TumblingProcessingTimeWindows(5000), ProcessingTimeTrigger, AggregateFunction$2, PassThroughWindowFunction) -> Sink: Print to Std. Out (5/8) (6d09196f173d2b469dc517912219c00e) switched from DEPLOYING to RUNNING.
19:43:28,965 INFO  org.apache.flink.runtime.taskexecutor.slot.TaskSlotTable      - Activate slot 02f3df361478960fb7a16cc72bff0de5.
19:43:28,966 INFO  org.apache.flink.runtime.taskexecutor.slot.TaskSlotTable      - Activate slot 2d9976947e65f012b88ab5cfe43e394e.
19:43:28,966 INFO  org.apache.flink.runtime.taskexecutor.slot.TaskSlotTable      - Activate slot d9fd5f4a980e0a5b10e0c9c2ffa26b7d.
19:43:28,966 INFO  org.apache.flink.runtime.taskexecutor.slot.TaskSlotTable      - Activate slot 2a896372f98648d01a5d94cdf7429f20.
19:43:28,967 INFO  org.apache.flink.runtime.taskmanager.Task                     - Registering task at network: Window(TumblingProcessingTimeWindows(5000), ProcessingTimeTrigger, AggregateFunction$2, PassThroughWindowFunction) -> Sink: Print to Std. Out (6/8) (48f8c80f08c5b6ff5532a9c58117650c) [DEPLOYING].
19:43:28,968 INFO  org.apache.flink.runtime.taskmanager.Task                     - Window(TumblingProcessingTimeWindows(5000), ProcessingTimeTrigger, AggregateFunction$2, PassThroughWindowFunction) -> Sink: Print to Std. Out (6/8) (48f8c80f08c5b6ff5532a9c58117650c) switched from DEPLOYING to RUNNING.
19:43:28,968 INFO  org.apache.flink.runtime.executiongraph.ExecutionGraph        - Window(TumblingProcessingTimeWindows(5000), ProcessingTimeTrigger, AggregateFunction$2, PassThroughWindowFunction) -> Sink: Print to Std. Out (6/8) (48f8c80f08c5b6ff5532a9c58117650c) switched from DEPLOYING to RUNNING.
19:43:28,969 INFO  org.apache.flink.streaming.runtime.tasks.StreamTask           - No state backend has been configured, using default (Memory / JobManager) MemoryStateBackend (data in heap memory / checkpoints to JobManager) (checkpoints: 'null', savepoints: 'null', asynchronous: TRUE, maxStateSize: 5242880)
19:43:28,974 WARN  org.apache.flink.metrics.MetricGroup                          - The operator name Window(TumblingProcessingTimeWindows(5000), ProcessingTimeTrigger, AggregateFunction$2, PassThroughWindowFunction) exceeded the 80 characters length limit and was truncated.
19:43:28,974 WARN  org.apache.flink.metrics.MetricGroup                          - The operator name Window(TumblingProcessingTimeWindows(5000), ProcessingTimeTrigger, AggregateFunction$2, PassThroughWindowFunction) exceeded the 80 characters length limit and was truncated.
19:43:28,975 WARN  org.apache.flink.metrics.MetricGroup                          - The operator name Window(TumblingProcessingTimeWindows(5000), ProcessingTimeTrigger, AggregateFunction$2, PassThroughWindowFunction) exceeded the 80 characters length limit and was truncated.
19:43:28,976 WARN  org.apache.flink.metrics.MetricGroup                          - The operator name Window(TumblingProcessingTimeWindows(5000), ProcessingTimeTrigger, AggregateFunction$2, PassThroughWindowFunction) exceeded the 80 characters length limit and was truncated.
19:43:28,979 WARN  org.apache.flink.metrics.MetricGroup                          - The operator name Window(TumblingProcessingTimeWindows(5000), ProcessingTimeTrigger, AggregateFunction$2, PassThroughWindowFunction) exceeded the 80 characters length limit and was truncated.
19:43:28,979 WARN  org.apache.flink.metrics.MetricGroup                          - The operator name Window(TumblingProcessingTimeWindows(5000), ProcessingTimeTrigger, AggregateFunction$2, PassThroughWindowFunction) exceeded the 80 characters length limit and was truncated.
19:43:28,986 INFO  org.apache.flink.runtime.taskexecutor.TaskExecutor            - Received task Window(TumblingProcessingTimeWindows(5000), ProcessingTimeTrigger, AggregateFunction$2, PassThroughWindowFunction) -> Sink: Print to Std. Out (7/8).
19:43:28,990 INFO  org.apache.flink.runtime.taskmanager.Task                     - Window(TumblingProcessingTimeWindows(5000), ProcessingTimeTrigger, AggregateFunction$2, PassThroughWindowFunction) -> Sink: Print to Std. Out (7/8) (e8421736adfc0ac5838c64c34c0d38b3) switched from CREATED to DEPLOYING.
19:43:28,990 INFO  org.apache.flink.runtime.taskmanager.Task                     - Creating FileSystem stream leak safety net for task Window(TumblingProcessingTimeWindows(5000), ProcessingTimeTrigger, AggregateFunction$2, PassThroughWindowFunction) -> Sink: Print to Std. Out (7/8) (e8421736adfc0ac5838c64c34c0d38b3) [DEPLOYING]
19:43:28,990 INFO  org.apache.flink.runtime.taskmanager.Task                     - Loading JAR files for task Window(TumblingProcessingTimeWindows(5000), ProcessingTimeTrigger, AggregateFunction$2, PassThroughWindowFunction) -> Sink: Print to Std. Out (7/8) (e8421736adfc0ac5838c64c34c0d38b3) [DEPLOYING].
19:43:28,991 INFO  org.apache.flink.runtime.taskmanager.Task                     - Registering task at network: Window(TumblingProcessingTimeWindows(5000), ProcessingTimeTrigger, AggregateFunction$2, PassThroughWindowFunction) -> Sink: Print to Std. Out (7/8) (e8421736adfc0ac5838c64c34c0d38b3) [DEPLOYING].
19:43:28,992 INFO  org.apache.flink.runtime.taskmanager.Task                     - Window(TumblingProcessingTimeWindows(5000), ProcessingTimeTrigger, AggregateFunction$2, PassThroughWindowFunction) -> Sink: Print to Std. Out (7/8) (e8421736adfc0ac5838c64c34c0d38b3) switched from DEPLOYING to RUNNING.
19:43:28,992 INFO  org.apache.flink.streaming.runtime.tasks.StreamTask           - No state backend has been configured, using default (Memory / JobManager) MemoryStateBackend (data in heap memory / checkpoints to JobManager) (checkpoints: 'null', savepoints: 'null', asynchronous: TRUE, maxStateSize: 5242880)
19:43:28,992 INFO  org.apache.flink.runtime.executiongraph.ExecutionGraph        - Window(TumblingProcessingTimeWindows(5000), ProcessingTimeTrigger, AggregateFunction$2, PassThroughWindowFunction) -> Sink: Print to Std. Out (7/8) (e8421736adfc0ac5838c64c34c0d38b3) switched from DEPLOYING to RUNNING.
19:43:29,000 INFO  org.apache.flink.runtime.taskexecutor.TaskExecutor            - Received task Window(TumblingProcessingTimeWindows(5000), ProcessingTimeTrigger, AggregateFunction$2, PassThroughWindowFunction) -> Sink: Print to Std. Out (8/8).
19:43:29,000 INFO  org.apache.flink.runtime.taskmanager.Task                     - Window(TumblingProcessingTimeWindows(5000), ProcessingTimeTrigger, AggregateFunction$2, PassThroughWindowFunction) -> Sink: Print to Std. Out (8/8) (9330a09176de78586b1c6472d7edb884) switched from CREATED to DEPLOYING.
19:43:29,001 INFO  org.apache.flink.runtime.taskmanager.Task                     - Creating FileSystem stream leak safety net for task Window(TumblingProcessingTimeWindows(5000), ProcessingTimeTrigger, AggregateFunction$2, PassThroughWindowFunction) -> Sink: Print to Std. Out (8/8) (9330a09176de78586b1c6472d7edb884) [DEPLOYING]
19:43:29,001 INFO  org.apache.flink.runtime.taskmanager.Task                     - Loading JAR files for task Window(TumblingProcessingTimeWindows(5000), ProcessingTimeTrigger, AggregateFunction$2, PassThroughWindowFunction) -> Sink: Print to Std. Out (8/8) (9330a09176de78586b1c6472d7edb884) [DEPLOYING].
19:43:29,001 INFO  org.apache.flink.runtime.taskmanager.Task                     - Registering task at network: Window(TumblingProcessingTimeWindows(5000), ProcessingTimeTrigger, AggregateFunction$2, PassThroughWindowFunction) -> Sink: Print to Std. Out (8/8) (9330a09176de78586b1c6472d7edb884) [DEPLOYING].
19:43:29,002 INFO  org.apache.flink.runtime.taskmanager.Task                     - Window(TumblingProcessingTimeWindows(5000), ProcessingTimeTrigger, AggregateFunction$2, PassThroughWindowFunction) -> Sink: Print to Std. Out (8/8) (9330a09176de78586b1c6472d7edb884) switched from DEPLOYING to RUNNING.
19:43:29,003 INFO  org.apache.flink.streaming.runtime.tasks.StreamTask           - No state backend has been configured, using default (Memory / JobManager) MemoryStateBackend (data in heap memory / checkpoints to JobManager) (checkpoints: 'null', savepoints: 'null', asynchronous: TRUE, maxStateSize: 5242880)
19:43:29,003 INFO  org.apache.flink.runtime.executiongraph.ExecutionGraph        - Window(TumblingProcessingTimeWindows(5000), ProcessingTimeTrigger, AggregateFunction$2, PassThroughWindowFunction) -> Sink: Print to Std. Out (8/8) (9330a09176de78586b1c6472d7edb884) switched from DEPLOYING to RUNNING.
19:43:29,004 WARN  org.apache.flink.metrics.MetricGroup                          - The operator name Window(TumblingProcessingTimeWindows(5000), ProcessingTimeTrigger, AggregateFunction$2, PassThroughWindowFunction) exceeded the 80 characters length limit and was truncated.
19:43:29,008 WARN  org.apache.flink.metrics.MetricGroup                          - The operator name Window(TumblingProcessingTimeWindows(5000), ProcessingTimeTrigger, AggregateFunction$2, PassThroughWindowFunction) exceeded the 80 characters length limit and was truncated.
19:43:29,030 INFO  org.apache.flink.runtime.state.heap.HeapKeyedStateBackend     - Initializing heap keyed state backend with stream factory.
19:43:29,031 INFO  org.apache.flink.runtime.state.heap.HeapKeyedStateBackend     - Initializing heap keyed state backend with stream factory.
19:43:29,031 INFO  org.apache.flink.runtime.state.heap.HeapKeyedStateBackend     - Initializing heap keyed state backend with stream factory.
19:43:29,031 INFO  org.apache.flink.runtime.state.heap.HeapKeyedStateBackend     - Initializing heap keyed state backend with stream factory.
19:43:29,031 INFO  org.apache.flink.runtime.state.heap.HeapKeyedStateBackend     - Initializing heap keyed state backend with stream factory.
19:43:29,030 INFO  org.apache.flink.runtime.state.heap.HeapKeyedStateBackend     - Initializing heap keyed state backend with stream factory.
19:43:29,031 INFO  org.apache.flink.runtime.state.heap.HeapKeyedStateBackend     - Initializing heap keyed state backend with stream factory.
19:43:29,030 INFO  org.apache.flink.runtime.state.heap.HeapKeyedStateBackend     - Initializing heap keyed state backend with stream factory.
19:44:14,424 INFO  org.apache.flink.runtime.blob.PermanentBlobCache              - Shutting down BLOB cache
19:44:14,425 INFO  org.apache.flink.runtime.state.TaskExecutorLocalStateStoresManager  - Shutting down TaskExecutorLocalStateStoresManager.
19:44:14,427 INFO  org.apache.flink.runtime.blob.TransientBlobCache              - Shutting down BLOB cache
19:44:14,433 INFO  org.apache.flink.runtime.filecache.FileCache                  - removed file cache directory /tmp/flink-dist-cache-fdf938c8-754d-40c4-a50a-744a7b4464e9
19:44:14,433 INFO  org.apache.flink.runtime.blob.BlobServer                      - Stopped BLOB server at 0.0.0.0:32987
19:44:14,433 INFO  org.apache.flink.runtime.io.disk.FileChannelManagerImpl       - FileChannelManager removed spill file directory /tmp/flink-io-bcfdc561-0c51-40a6-98ce-c167e17911b5
