_________________________________________________________________
Layer (type)                 Output Shape              Param #   
=================================================================
input (InputLayer)           (None, 500)               0         
_________________________________________________________________
dense_1 (Dense)              (None, 500)               250500    
_________________________________________________________________
dropout_1 (Dropout)          (None, 500)               0         
_________________________________________________________________
dense_2 (Dense)              (None, 500)               250500    
_________________________________________________________________
dropout_2 (Dropout)          (None, 500)               0         
_________________________________________________________________
dense_3 (Dense)              (None, 500)               250500    
_________________________________________________________________
dropout_3 (Dropout)          (None, 500)               0         
_________________________________________________________________
dense_4 (Dense)              (None, 500)               250500    
_________________________________________________________________
dropout_4 (Dropout)          (None, 500)               0         
_________________________________________________________________
output (Dense)               (None, 100)               50100     
=================================================================
Total params: 1,052,100
Trainable params: 1,052,100
Non-trainable params: 0
_________________________________________________________________
Train on 72605 samples, validate on 24202 samples
Epoch 1/500
14s - loss: 4.4048 - acc: 0.0384 - top_k_categorical_accuracy: 0.1460 - val_loss: 4.2494 - val_acc: 0.0586 - val_top_k_categorical_accuracy: 0.2009
Epoch 2/500
13s - loss: 4.1255 - acc: 0.0771 - top_k_categorical_accuracy: 0.2464 - val_loss: 4.0299 - val_acc: 0.1001 - val_top_k_categorical_accuracy: 0.2794
Epoch 3/500
14s - loss: 3.9289 - acc: 0.1113 - top_k_categorical_accuracy: 0.3094 - val_loss: 3.8778 - val_acc: 0.1198 - val_top_k_categorical_accuracy: 0.3251
Epoch 4/500
14s - loss: 3.7802 - acc: 0.1352 - top_k_categorical_accuracy: 0.3540 - val_loss: 3.7618 - val_acc: 0.1361 - val_top_k_categorical_accuracy: 0.3616
Epoch 5/500
14s - loss: 3.6592 - acc: 0.1554 - top_k_categorical_accuracy: 0.3887 - val_loss: 3.6872 - val_acc: 0.1558 - val_top_k_categorical_accuracy: 0.3848
Epoch 6/500
14s - loss: 3.5541 - acc: 0.1731 - top_k_categorical_accuracy: 0.4158 - val_loss: 3.5651 - val_acc: 0.1737 - val_top_k_categorical_accuracy: 0.4162
Epoch 7/500
14s - loss: 3.4619 - acc: 0.1894 - top_k_categorical_accuracy: 0.4404 - val_loss: 3.5022 - val_acc: 0.1790 - val_top_k_categorical_accuracy: 0.4357
Epoch 8/500
14s - loss: 3.3832 - acc: 0.2015 - top_k_categorical_accuracy: 0.4590 - val_loss: 3.4317 - val_acc: 0.1927 - val_top_k_categorical_accuracy: 0.4530
Epoch 9/500
14s - loss: 3.3134 - acc: 0.2154 - top_k_categorical_accuracy: 0.4762 - val_loss: 3.3867 - val_acc: 0.2049 - val_top_k_categorical_accuracy: 0.4636
Epoch 10/500
14s - loss: 3.2470 - acc: 0.2271 - top_k_categorical_accuracy: 0.4913 - val_loss: 3.3544 - val_acc: 0.2130 - val_top_k_categorical_accuracy: 0.4704
Epoch 11/500
14s - loss: 3.1875 - acc: 0.2388 - top_k_categorical_accuracy: 0.5076 - val_loss: 3.3221 - val_acc: 0.2154 - val_top_k_categorical_accuracy: 0.4800
Epoch 12/500
13s - loss: 3.1304 - acc: 0.2493 - top_k_categorical_accuracy: 0.5204 - val_loss: 3.2635 - val_acc: 0.2322 - val_top_k_categorical_accuracy: 0.4921
Epoch 13/500
14s - loss: 3.0767 - acc: 0.2596 - top_k_categorical_accuracy: 0.5330 - val_loss: 3.2593 - val_acc: 0.2317 - val_top_k_categorical_accuracy: 0.4936
Epoch 14/500
14s - loss: 3.0249 - acc: 0.2706 - top_k_categorical_accuracy: 0.5460 - val_loss: 3.2490 - val_acc: 0.2343 - val_top_k_categorical_accuracy: 0.4949
Epoch 15/500
14s - loss: 2.9753 - acc: 0.2807 - top_k_categorical_accuracy: 0.5568 - val_loss: 3.2031 - val_acc: 0.2399 - val_top_k_categorical_accuracy: 0.5077
Epoch 16/500
14s - loss: 2.9259 - acc: 0.2904 - top_k_categorical_accuracy: 0.5679 - val_loss: 3.1481 - val_acc: 0.2572 - val_top_k_categorical_accuracy: 0.5221
Epoch 17/500
14s - loss: 2.8802 - acc: 0.2985 - top_k_categorical_accuracy: 0.5789 - val_loss: 3.1657 - val_acc: 0.2533 - val_top_k_categorical_accuracy: 0.5159
Epoch 18/500
14s - loss: 2.8361 - acc: 0.3069 - top_k_categorical_accuracy: 0.5886 - val_loss: 3.1380 - val_acc: 0.2621 - val_top_k_categorical_accuracy: 0.5243
Epoch 19/500
14s - loss: 2.7894 - acc: 0.3163 - top_k_categorical_accuracy: 0.5984 - val_loss: 3.1036 - val_acc: 0.2681 - val_top_k_categorical_accuracy: 0.5345
Epoch 20/500
14s - loss: 2.7458 - acc: 0.3259 - top_k_categorical_accuracy: 0.6074 - val_loss: 3.1187 - val_acc: 0.2597 - val_top_k_categorical_accuracy: 0.5301
Epoch 21/500
13s - loss: 2.7028 - acc: 0.3342 - top_k_categorical_accuracy: 0.6184 - val_loss: 3.0859 - val_acc: 0.2718 - val_top_k_categorical_accuracy: 0.5369
Epoch 22/500
13s - loss: 2.6585 - acc: 0.3449 - top_k_categorical_accuracy: 0.6270 - val_loss: 3.0742 - val_acc: 0.2720 - val_top_k_categorical_accuracy: 0.5410
Epoch 23/500
14s - loss: 2.6171 - acc: 0.3524 - top_k_categorical_accuracy: 0.6362 - val_loss: 3.0768 - val_acc: 0.2744 - val_top_k_categorical_accuracy: 0.5416
Epoch 24/500
14s - loss: 2.5761 - acc: 0.3606 - top_k_categorical_accuracy: 0.6442 - val_loss: 3.0447 - val_acc: 0.2796 - val_top_k_categorical_accuracy: 0.5499
Epoch 25/500
14s - loss: 2.5343 - acc: 0.3680 - top_k_categorical_accuracy: 0.6531 - val_loss: 3.0913 - val_acc: 0.2727 - val_top_k_categorical_accuracy: 0.5392
Epoch 26/500
14s - loss: 2.4921 - acc: 0.3780 - top_k_categorical_accuracy: 0.6623 - val_loss: 3.1026 - val_acc: 0.2790 - val_top_k_categorical_accuracy: 0.5405
Epoch 27/500
13s - loss: 2.4500 - acc: 0.3844 - top_k_categorical_accuracy: 0.6704 - val_loss: 3.0282 - val_acc: 0.2890 - val_top_k_categorical_accuracy: 0.5535
Epoch 28/500
14s - loss: 2.4105 - acc: 0.3951 - top_k_categorical_accuracy: 0.6792 - val_loss: 3.0473 - val_acc: 0.2858 - val_top_k_categorical_accuracy: 0.5499
Epoch 29/500
14s - loss: 2.3672 - acc: 0.4029 - top_k_categorical_accuracy: 0.6891 - val_loss: 3.0398 - val_acc: 0.2863 - val_top_k_categorical_accuracy: 0.5524
Epoch 30/500
14s - loss: 2.3289 - acc: 0.4110 - top_k_categorical_accuracy: 0.6952 - val_loss: 3.0512 - val_acc: 0.2939 - val_top_k_categorical_accuracy: 0.5567
Epoch 31/500
14s - loss: 2.2904 - acc: 0.4197 - top_k_categorical_accuracy: 0.7036 - val_loss: 2.9958 - val_acc: 0.3052 - val_top_k_categorical_accuracy: 0.5648
Epoch 32/500
14s - loss: 2.2485 - acc: 0.4295 - top_k_categorical_accuracy: 0.7111 - val_loss: 3.0150 - val_acc: 0.3035 - val_top_k_categorical_accuracy: 0.5635
Epoch 33/500
14s - loss: 2.2099 - acc: 0.4361 - top_k_categorical_accuracy: 0.7190 - val_loss: 3.1740 - val_acc: 0.2740 - val_top_k_categorical_accuracy: 0.5321
Epoch 34/500
14s - loss: 2.1643 - acc: 0.4463 - top_k_categorical_accuracy: 0.7289 - val_loss: 3.0408 - val_acc: 0.3011 - val_top_k_categorical_accuracy: 0.5655
Epoch 35/500
14s - loss: 2.1249 - acc: 0.4532 - top_k_categorical_accuracy: 0.7377 - val_loss: 3.0463 - val_acc: 0.3014 - val_top_k_categorical_accuracy: 0.5642
Epoch 36/500
14s - loss: 2.0852 - acc: 0.4642 - top_k_categorical_accuracy: 0.7434 - val_loss: 3.1031 - val_acc: 0.2985 - val_top_k_categorical_accuracy: 0.5588
Epoch 37/500
14s - loss: 2.0458 - acc: 0.4705 - top_k_categorical_accuracy: 0.7517 - val_loss: 3.0440 - val_acc: 0.3049 - val_top_k_categorical_accuracy: 0.5671
Epoch 38/500
14s - loss: 2.0041 - acc: 0.4817 - top_k_categorical_accuracy: 0.7587 - val_loss: 3.1017 - val_acc: 0.3068 - val_top_k_categorical_accuracy: 0.5635
Epoch 39/500
14s - loss: 1.9658 - acc: 0.4887 - top_k_categorical_accuracy: 0.7666 - val_loss: 3.0905 - val_acc: 0.3089 - val_top_k_categorical_accuracy: 0.5643
Epoch 40/500
14s - loss: 1.9208 - acc: 0.5005 - top_k_categorical_accuracy: 0.7762 - val_loss: 3.0973 - val_acc: 0.3071 - val_top_k_categorical_accuracy: 0.5657
Epoch 41/500
14s - loss: 1.8810 - acc: 0.5075 - top_k_categorical_accuracy: 0.7830 - val_loss: 3.1077 - val_acc: 0.3073 - val_top_k_categorical_accuracy: 0.5626
Epoch 42/500
14s - loss: 1.8409 - acc: 0.5163 - top_k_categorical_accuracy: 0.7902 - val_loss: 3.1029 - val_acc: 0.3136 - val_top_k_categorical_accuracy: 0.5695
Epoch 43/500
14s - loss: 1.7981 - acc: 0.5264 - top_k_categorical_accuracy: 0.7976 - val_loss: 3.1736 - val_acc: 0.3096 - val_top_k_categorical_accuracy: 0.5641
Epoch 44/500
14s - loss: 1.7567 - acc: 0.5360 - top_k_categorical_accuracy: 0.8058 - val_loss: 3.1648 - val_acc: 0.3071 - val_top_k_categorical_accuracy: 0.5671
Epoch 45/500
14s - loss: 1.7141 - acc: 0.5439 - top_k_categorical_accuracy: 0.8129 - val_loss: 3.1773 - val_acc: 0.3178 - val_top_k_categorical_accuracy: 0.5670
Epoch 46/500
14s - loss: 1.6720 - acc: 0.5560 - top_k_categorical_accuracy: 0.8217 - val_loss: 3.2765 - val_acc: 0.3070 - val_top_k_categorical_accuracy: 0.5636
Epoch 47/500
14s - loss: 1.6301 - acc: 0.5631 - top_k_categorical_accuracy: 0.8267 - val_loss: 3.2192 - val_acc: 0.3139 - val_top_k_categorical_accuracy: 0.5645
Epoch 48/500
14s - loss: 1.5884 - acc: 0.5754 - top_k_categorical_accuracy: 0.8336 - val_loss: 3.3302 - val_acc: 0.3098 - val_top_k_categorical_accuracy: 0.5634
Epoch 49/500
14s - loss: 1.5472 - acc: 0.5849 - top_k_categorical_accuracy: 0.8414 - val_loss: 3.4553 - val_acc: 0.3002 - val_top_k_categorical_accuracy: 0.5522
Epoch 50/500
14s - loss: 1.5082 - acc: 0.5928 - top_k_categorical_accuracy: 0.8491 - val_loss: 3.3596 - val_acc: 0.3129 - val_top_k_categorical_accuracy: 0.5632
Epoch 51/500
14s - loss: 1.4630 - acc: 0.6052 - top_k_categorical_accuracy: 0.8560 - val_loss: 3.4019 - val_acc: 0.3093 - val_top_k_categorical_accuracy: 0.5609
Epoch 52/500
13s - loss: 1.4228 - acc: 0.6158 - top_k_categorical_accuracy: 0.8625 - val_loss: 3.5066 - val_acc: 0.3066 - val_top_k_categorical_accuracy: 0.5572
Epoch 53/500
14s - loss: 1.3809 - acc: 0.6222 - top_k_categorical_accuracy: 0.8695 - val_loss: 3.4409 - val_acc: 0.3068 - val_top_k_categorical_accuracy: 0.5607
Epoch 54/500
14s - loss: 1.3371 - acc: 0.6361 - top_k_categorical_accuracy: 0.8758 - val_loss: 3.4948 - val_acc: 0.3116 - val_top_k_categorical_accuracy: 0.5565
Epoch 55/500
14s - loss: 1.2952 - acc: 0.6446 - top_k_categorical_accuracy: 0.8830 - val_loss: 3.5633 - val_acc: 0.3083 - val_top_k_categorical_accuracy: 0.5578
Epoch 56/500
13s - loss: 1.2561 - acc: 0.6556 - top_k_categorical_accuracy: 0.8887 - val_loss: 3.5778 - val_acc: 0.3072 - val_top_k_categorical_accuracy: 0.5527
Epoch 57/500
14s - loss: 1.2167 - acc: 0.6643 - top_k_categorical_accuracy: 0.8943 - val_loss: 3.6512 - val_acc: 0.3051 - val_top_k_categorical_accuracy: 0.5578
Epoch 58/500
14s - loss: 1.1766 - acc: 0.6745 - top_k_categorical_accuracy: 0.8997 - val_loss: 3.6854 - val_acc: 0.3046 - val_top_k_categorical_accuracy: 0.5508
Epoch 59/500
14s - loss: 1.1404 - acc: 0.6843 - top_k_categorical_accuracy: 0.9057 - val_loss: 3.7494 - val_acc: 0.3024 - val_top_k_categorical_accuracy: 0.5514
Epoch 60/500
14s - loss: 1.1011 - acc: 0.6937 - top_k_categorical_accuracy: 0.9108 - val_loss: 3.7977 - val_acc: 0.3051 - val_top_k_categorical_accuracy: 0.5526
Epoch 61/500
14s - loss: 1.0553 - acc: 0.7056 - top_k_categorical_accuracy: 0.9170 - val_loss: 3.8208 - val_acc: 0.3058 - val_top_k_categorical_accuracy: 0.5518
Epoch 62/500
14s - loss: 1.0214 - acc: 0.7140 - top_k_categorical_accuracy: 0.9209 - val_loss: 3.8891 - val_acc: 0.3065 - val_top_k_categorical_accuracy: 0.5526
Epoch 63/500
14s - loss: 0.9858 - acc: 0.7232 - top_k_categorical_accuracy: 0.9261 - val_loss: 3.9599 - val_acc: 0.2988 - val_top_k_categorical_accuracy: 0.5452
Epoch 64/500
14s - loss: 0.9485 - acc: 0.7330 - top_k_categorical_accuracy: 0.9312 - val_loss: 4.0381 - val_acc: 0.3075 - val_top_k_categorical_accuracy: 0.5516
Epoch 65/500
14s - loss: 0.9172 - acc: 0.7409 - top_k_categorical_accuracy: 0.9353 - val_loss: 4.1144 - val_acc: 0.2996 - val_top_k_categorical_accuracy: 0.5495
Epoch 66/500
14s - loss: 0.8759 - acc: 0.7523 - top_k_categorical_accuracy: 0.9394 - val_loss: 4.1927 - val_acc: 0.2983 - val_top_k_categorical_accuracy: 0.5426
Epoch 67/500
14s - loss: 0.8385 - acc: 0.7631 - top_k_categorical_accuracy: 0.9424 - val_loss: 4.2355 - val_acc: 0.3056 - val_top_k_categorical_accuracy: 0.5513
Epoch 68/500
14s - loss: 0.8087 - acc: 0.7708 - top_k_categorical_accuracy: 0.9468 - val_loss: 4.2322 - val_acc: 0.3036 - val_top_k_categorical_accuracy: 0.5409
Epoch 69/500
14s - loss: 0.7768 - acc: 0.7797 - top_k_categorical_accuracy: 0.9505 - val_loss: 4.3603 - val_acc: 0.3083 - val_top_k_categorical_accuracy: 0.5510
Epoch 70/500
14s - loss: 0.7444 - acc: 0.7869 - top_k_categorical_accuracy: 0.9538 - val_loss: 4.3978 - val_acc: 0.3108 - val_top_k_categorical_accuracy: 0.5512
Epoch 71/500
14s - loss: 0.7144 - acc: 0.7954 - top_k_categorical_accuracy: 0.9568 - val_loss: 4.4576 - val_acc: 0.3023 - val_top_k_categorical_accuracy: 0.5462
Epoch 72/500
14s - loss: 0.6880 - acc: 0.8041 - top_k_categorical_accuracy: 0.9600 - val_loss: 4.6041 - val_acc: 0.2927 - val_top_k_categorical_accuracy: 0.5347
Epoch 73/500
14s - loss: 0.6579 - acc: 0.8107 - top_k_categorical_accuracy: 0.9625 - val_loss: 4.5763 - val_acc: 0.3036 - val_top_k_categorical_accuracy: 0.5493
Epoch 74/500
14s - loss: 0.6320 - acc: 0.8184 - top_k_categorical_accuracy: 0.9643 - val_loss: 4.6331 - val_acc: 0.3013 - val_top_k_categorical_accuracy: 0.5469
Epoch 75/500
14s - loss: 0.6094 - acc: 0.8243 - top_k_categorical_accuracy: 0.9665 - val_loss: 4.6882 - val_acc: 0.3048 - val_top_k_categorical_accuracy: 0.5472
Epoch 76/500
14s - loss: 0.5810 - acc: 0.8322 - top_k_categorical_accuracy: 0.9695 - val_loss: 4.7820 - val_acc: 0.3017 - val_top_k_categorical_accuracy: 0.5439
Epoch 77/500
14s - loss: 0.5587 - acc: 0.8387 - top_k_categorical_accuracy: 0.9717 - val_loss: 4.8734 - val_acc: 0.3023 - val_top_k_categorical_accuracy: 0.5461
Epoch 78/500
14s - loss: 0.5339 - acc: 0.8465 - top_k_categorical_accuracy: 0.9736 - val_loss: 4.8401 - val_acc: 0.3028 - val_top_k_categorical_accuracy: 0.5440
Epoch 79/500
14s - loss: 0.5111 - acc: 0.8521 - top_k_categorical_accuracy: 0.9749 - val_loss: 5.0878 - val_acc: 0.2984 - val_top_k_categorical_accuracy: 0.5385
Epoch 80/500
14s - loss: 0.4926 - acc: 0.8576 - top_k_categorical_accuracy: 0.9771 - val_loss: 5.0250 - val_acc: 0.3026 - val_top_k_categorical_accuracy: 0.5424
Epoch 81/500
13s - loss: 0.4694 - acc: 0.8643 - top_k_categorical_accuracy: 0.9784 - val_loss: 5.0932 - val_acc: 0.3059 - val_top_k_categorical_accuracy: 0.5431
Epoch 82/500
14s - loss: 0.4489 - acc: 0.8711 - top_k_categorical_accuracy: 0.9802 - val_loss: 5.2653 - val_acc: 0.2966 - val_top_k_categorical_accuracy: 0.5384
Epoch 83/500
14s - loss: 0.4307 - acc: 0.8755 - top_k_categorical_accuracy: 0.9809 - val_loss: 5.4053 - val_acc: 0.2912 - val_top_k_categorical_accuracy: 0.5383
Epoch 84/500
14s - loss: 0.4154 - acc: 0.8805 - top_k_categorical_accuracy: 0.9822 - val_loss: 5.2128 - val_acc: 0.3035 - val_top_k_categorical_accuracy: 0.5437
Epoch 85/500
14s - loss: 0.3969 - acc: 0.8846 - top_k_categorical_accuracy: 0.9832 - val_loss: 5.4004 - val_acc: 0.2976 - val_top_k_categorical_accuracy: 0.5293
Epoch 86/500
14s - loss: 0.3812 - acc: 0.8904 - top_k_categorical_accuracy: 0.9846 - val_loss: 5.3584 - val_acc: 0.2974 - val_top_k_categorical_accuracy: 0.5397
Epoch 87/500
14s - loss: 0.3722 - acc: 0.8922 - top_k_categorical_accuracy: 0.9853 - val_loss: 5.4309 - val_acc: 0.2989 - val_top_k_categorical_accuracy: 0.5365
Epoch 88/500
14s - loss: 0.3525 - acc: 0.8980 - top_k_categorical_accuracy: 0.9871 - val_loss: 5.4492 - val_acc: 0.3071 - val_top_k_categorical_accuracy: 0.5406
Epoch 89/500
14s - loss: 0.3471 - acc: 0.8991 - top_k_categorical_accuracy: 0.9867 - val_loss: 5.5380 - val_acc: 0.2947 - val_top_k_categorical_accuracy: 0.5329
Epoch 90/500
14s - loss: 0.3253 - acc: 0.9056 - top_k_categorical_accuracy: 0.9881 - val_loss: 5.5340 - val_acc: 0.3015 - val_top_k_categorical_accuracy: 0.5400
Epoch 91/500
14s - loss: 0.3143 - acc: 0.9089 - top_k_categorical_accuracy: 0.9887 - val_loss: 5.6260 - val_acc: 0.3037 - val_top_k_categorical_accuracy: 0.5452
Epoch 92/500
14s - loss: 0.2991 - acc: 0.9144 - top_k_categorical_accuracy: 0.9896 - val_loss: 5.6756 - val_acc: 0.3018 - val_top_k_categorical_accuracy: 0.5405
Epoch 93/500
14s - loss: 0.2821 - acc: 0.9190 - top_k_categorical_accuracy: 0.9906 - val_loss: 5.7333 - val_acc: 0.2965 - val_top_k_categorical_accuracy: 0.5369
Epoch 94/500
14s - loss: 0.2817 - acc: 0.9190 - top_k_categorical_accuracy: 0.9901 - val_loss: 5.7820 - val_acc: 0.3039 - val_top_k_categorical_accuracy: 0.5434
Epoch 95/500
14s - loss: 0.2600 - acc: 0.9258 - top_k_categorical_accuracy: 0.9908 - val_loss: 5.8382 - val_acc: 0.3012 - val_top_k_categorical_accuracy: 0.5388
Epoch 96/500
14s - loss: 0.2547 - acc: 0.9265 - top_k_categorical_accuracy: 0.9919 - val_loss: 5.8488 - val_acc: 0.3041 - val_top_k_categorical_accuracy: 0.5435
Epoch 97/500
14s - loss: 0.2553 - acc: 0.9262 - top_k_categorical_accuracy: 0.9917 - val_loss: 5.9985 - val_acc: 0.3001 - val_top_k_categorical_accuracy: 0.5400
Epoch 98/500
14s - loss: 0.2413 - acc: 0.9304 - top_k_categorical_accuracy: 0.9926 - val_loss: 5.8731 - val_acc: 0.3072 - val_top_k_categorical_accuracy: 0.5435
Epoch 99/500
14s - loss: 0.2309 - acc: 0.9342 - top_k_categorical_accuracy: 0.9929 - val_loss: 5.9649 - val_acc: 0.3069 - val_top_k_categorical_accuracy: 0.5444
Epoch 100/500
14s - loss: 0.2262 - acc: 0.9349 - top_k_categorical_accuracy: 0.9932 - val_loss: 6.0190 - val_acc: 0.3048 - val_top_k_categorical_accuracy: 0.5410
Epoch 101/500
14s - loss: 0.2207 - acc: 0.9362 - top_k_categorical_accuracy: 0.9936 - val_loss: 6.0814 - val_acc: 0.3024 - val_top_k_categorical_accuracy: 0.5421
Epoch 102/500
14s - loss: 0.2019 - acc: 0.9422 - top_k_categorical_accuracy: 0.9940 - val_loss: 6.0729 - val_acc: 0.3073 - val_top_k_categorical_accuracy: 0.5423
Epoch 103/500
14s - loss: 0.2100 - acc: 0.9390 - top_k_categorical_accuracy: 0.9939 - val_loss: 6.2230 - val_acc: 0.3049 - val_top_k_categorical_accuracy: 0.5445
Epoch 104/500
14s - loss: 0.1971 - acc: 0.9440 - top_k_categorical_accuracy: 0.9943 - val_loss: 6.1240 - val_acc: 0.3007 - val_top_k_categorical_accuracy: 0.5387
Epoch 105/500
14s - loss: 0.1990 - acc: 0.9417 - top_k_categorical_accuracy: 0.9941 - val_loss: 6.3946 - val_acc: 0.2948 - val_top_k_categorical_accuracy: 0.5353
Epoch 106/500
14s - loss: 0.1920 - acc: 0.9447 - top_k_categorical_accuracy: 0.9945 - val_loss: 6.2742 - val_acc: 0.3107 - val_top_k_categorical_accuracy: 0.5445
Epoch 107/500
14s - loss: 0.1720 - acc: 0.9523 - top_k_categorical_accuracy: 0.9951 - val_loss: 6.2849 - val_acc: 0.3037 - val_top_k_categorical_accuracy: 0.5404
Epoch 108/500
14s - loss: 0.1715 - acc: 0.9515 - top_k_categorical_accuracy: 0.9952 - val_loss: 6.2956 - val_acc: 0.2984 - val_top_k_categorical_accuracy: 0.5359
Epoch 109/500
13s - loss: 0.1588 - acc: 0.9552 - top_k_categorical_accuracy: 0.9957 - val_loss: 6.3136 - val_acc: 0.3091 - val_top_k_categorical_accuracy: 0.5457
Epoch 110/500
14s - loss: 0.1607 - acc: 0.9551 - top_k_categorical_accuracy: 0.9955 - val_loss: 6.3074 - val_acc: 0.3063 - val_top_k_categorical_accuracy: 0.5453
Epoch 111/500
14s - loss: 0.1515 - acc: 0.9572 - top_k_categorical_accuracy: 0.9964 - val_loss: 6.3327 - val_acc: 0.3118 - val_top_k_categorical_accuracy: 0.5415
Epoch 112/500
14s - loss: 0.1468 - acc: 0.9597 - top_k_categorical_accuracy: 0.9964 - val_loss: 6.4236 - val_acc: 0.3008 - val_top_k_categorical_accuracy: 0.5357
Epoch 113/500
14s - loss: 0.1379 - acc: 0.9619 - top_k_categorical_accuracy: 0.9967 - val_loss: 6.4155 - val_acc: 0.3088 - val_top_k_categorical_accuracy: 0.5452
Epoch 114/500
14s - loss: 0.1295 - acc: 0.9637 - top_k_categorical_accuracy: 0.9966 - val_loss: 6.4435 - val_acc: 0.3106 - val_top_k_categorical_accuracy: 0.5462
Epoch 115/500
14s - loss: 0.1155 - acc: 0.9698 - top_k_categorical_accuracy: 0.9971 - val_loss: 6.4255 - val_acc: 0.3131 - val_top_k_categorical_accuracy: 0.5488
Epoch 116/500
14s - loss: 0.1139 - acc: 0.9694 - top_k_categorical_accuracy: 0.9970 - val_loss: 6.4600 - val_acc: 0.3127 - val_top_k_categorical_accuracy: 0.5463
Epoch 117/500
14s - loss: 0.1054 - acc: 0.9727 - top_k_categorical_accuracy: 0.9970 - val_loss: 6.5436 - val_acc: 0.3082 - val_top_k_categorical_accuracy: 0.5445
Epoch 118/500
14s - loss: 0.1090 - acc: 0.9709 - top_k_categorical_accuracy: 0.9973 - val_loss: 6.6353 - val_acc: 0.3053 - val_top_k_categorical_accuracy: 0.5426
Epoch 119/500
14s - loss: 0.1113 - acc: 0.9695 - top_k_categorical_accuracy: 0.9972 - val_loss: 6.6698 - val_acc: 0.3039 - val_top_k_categorical_accuracy: 0.5415
Epoch 120/500
14s - loss: 0.1138 - acc: 0.9690 - top_k_categorical_accuracy: 0.9971 - val_loss: 6.6065 - val_acc: 0.3101 - val_top_k_categorical_accuracy: 0.5427
Epoch 121/500
14s - loss: 0.1233 - acc: 0.9662 - top_k_categorical_accuracy: 0.9969 - val_loss: 6.7421 - val_acc: 0.3044 - val_top_k_categorical_accuracy: 0.5423
Epoch 122/500
14s - loss: 0.1256 - acc: 0.9639 - top_k_categorical_accuracy: 0.9972 - val_loss: 6.6794 - val_acc: 0.3065 - val_top_k_categorical_accuracy: 0.5402
Epoch 123/500
14s - loss: 0.1396 - acc: 0.9592 - top_k_categorical_accuracy: 0.9971 - val_loss: 6.7301 - val_acc: 0.2960 - val_top_k_categorical_accuracy: 0.5348
Epoch 124/500
13s - loss: 0.1601 - acc: 0.9515 - top_k_categorical_accuracy: 0.9966 - val_loss: 6.7198 - val_acc: 0.2979 - val_top_k_categorical_accuracy: 0.5371
Epoch 125/500
13s - loss: 0.1784 - acc: 0.9456 - top_k_categorical_accuracy: 0.9966 - val_loss: 6.7201 - val_acc: 0.3039 - val_top_k_categorical_accuracy: 0.5386
Epoch 126/500
14s - loss: 0.1716 - acc: 0.9473 - top_k_categorical_accuracy: 0.9967 - val_loss: 6.7021 - val_acc: 0.3025 - val_top_k_categorical_accuracy: 0.5398
Epoch 127/500
13s - loss: 0.1721 - acc: 0.9474 - top_k_categorical_accuracy: 0.9965 - val_loss: 6.7306 - val_acc: 0.3084 - val_top_k_categorical_accuracy: 0.5415
Epoch 128/500
14s - loss: 0.1240 - acc: 0.9640 - top_k_categorical_accuracy: 0.9973 - val_loss: 6.7698 - val_acc: 0.3035 - val_top_k_categorical_accuracy: 0.5396
Epoch 129/500
14s - loss: 0.1024 - acc: 0.9723 - top_k_categorical_accuracy: 0.9976 - val_loss: 6.7050 - val_acc: 0.3147 - val_top_k_categorical_accuracy: 0.5451
Epoch 130/500
13s - loss: 0.0956 - acc: 0.9738 - top_k_categorical_accuracy: 0.9978 - val_loss: 6.7686 - val_acc: 0.3097 - val_top_k_categorical_accuracy: 0.5418
Epoch 131/500
14s - loss: 0.0961 - acc: 0.9736 - top_k_categorical_accuracy: 0.9976 - val_loss: 6.8029 - val_acc: 0.3081 - val_top_k_categorical_accuracy: 0.5429
Epoch 132/500
14s - loss: 0.0949 - acc: 0.9736 - top_k_categorical_accuracy: 0.9977 - val_loss: 6.8024 - val_acc: 0.3111 - val_top_k_categorical_accuracy: 0.5498
Epoch 133/500
14s - loss: 0.0830 - acc: 0.9780 - top_k_categorical_accuracy: 0.9980 - val_loss: 6.7632 - val_acc: 0.3122 - val_top_k_categorical_accuracy: 0.5495
Epoch 134/500
14s - loss: 0.0776 - acc: 0.9797 - top_k_categorical_accuracy: 0.9981 - val_loss: 6.8066 - val_acc: 0.3157 - val_top_k_categorical_accuracy: 0.5492
Epoch 135/500
14s - loss: 0.0692 - acc: 0.9821 - top_k_categorical_accuracy: 0.9982 - val_loss: 6.8231 - val_acc: 0.3156 - val_top_k_categorical_accuracy: 0.5499
Epoch 136/500
14s - loss: 0.0711 - acc: 0.9811 - top_k_categorical_accuracy: 0.9984 - val_loss: 6.8708 - val_acc: 0.3133 - val_top_k_categorical_accuracy: 0.5490
Epoch 137/500
13s - loss: 0.0600 - acc: 0.9852 - top_k_categorical_accuracy: 0.9986 - val_loss: 6.8557 - val_acc: 0.3181 - val_top_k_categorical_accuracy: 0.5500
Epoch 138/500
14s - loss: 0.0590 - acc: 0.9850 - top_k_categorical_accuracy: 0.9984 - val_loss: 6.8411 - val_acc: 0.3165 - val_top_k_categorical_accuracy: 0.5510
Epoch 139/500
14s - loss: 0.0550 - acc: 0.9860 - top_k_categorical_accuracy: 0.9985 - val_loss: 6.8969 - val_acc: 0.3170 - val_top_k_categorical_accuracy: 0.5503
Epoch 140/500
14s - loss: 0.0542 - acc: 0.9864 - top_k_categorical_accuracy: 0.9987 - val_loss: 6.8962 - val_acc: 0.3135 - val_top_k_categorical_accuracy: 0.5490
Epoch 141/500
14s - loss: 0.0573 - acc: 0.9850 - top_k_categorical_accuracy: 0.9985 - val_loss: 6.8665 - val_acc: 0.3182 - val_top_k_categorical_accuracy: 0.5512
Epoch 142/500
14s - loss: 0.0533 - acc: 0.9871 - top_k_categorical_accuracy: 0.9988 - val_loss: 6.8848 - val_acc: 0.3141 - val_top_k_categorical_accuracy: 0.5497
Epoch 143/500
13s - loss: 0.0534 - acc: 0.9863 - top_k_categorical_accuracy: 0.9988 - val_loss: 6.8875 - val_acc: 0.3132 - val_top_k_categorical_accuracy: 0.5501
Epoch 144/500
13s - loss: 0.0511 - acc: 0.9871 - top_k_categorical_accuracy: 0.9986 - val_loss: 6.9190 - val_acc: 0.3143 - val_top_k_categorical_accuracy: 0.5498
Epoch 145/500
14s - loss: 0.0507 - acc: 0.9869 - top_k_categorical_accuracy: 0.9989 - val_loss: 6.9948 - val_acc: 0.3103 - val_top_k_categorical_accuracy: 0.5418
Epoch 146/500
14s - loss: 0.0474 - acc: 0.9880 - top_k_categorical_accuracy: 0.9990 - val_loss: 6.9957 - val_acc: 0.3106 - val_top_k_categorical_accuracy: 0.5455
Epoch 147/500
13s - loss: 0.0491 - acc: 0.9878 - top_k_categorical_accuracy: 0.9989 - val_loss: 6.9641 - val_acc: 0.3147 - val_top_k_categorical_accuracy: 0.5512
Epoch 148/500
14s - loss: 0.0437 - acc: 0.9892 - top_k_categorical_accuracy: 0.9988 - val_loss: 7.0262 - val_acc: 0.3127 - val_top_k_categorical_accuracy: 0.5495
Epoch 149/500
13s - loss: 0.0457 - acc: 0.9882 - top_k_categorical_accuracy: 0.9990 - val_loss: 6.9714 - val_acc: 0.3172 - val_top_k_categorical_accuracy: 0.5522
Epoch 150/500
14s - loss: 0.0414 - acc: 0.9899 - top_k_categorical_accuracy: 0.9990 - val_loss: 6.9408 - val_acc: 0.3191 - val_top_k_categorical_accuracy: 0.5525
Epoch 151/500
14s - loss: 0.0381 - acc: 0.9904 - top_k_categorical_accuracy: 0.9992 - val_loss: 6.9731 - val_acc: 0.3200 - val_top_k_categorical_accuracy: 0.5541
Epoch 152/500
14s - loss: 0.0417 - acc: 0.9895 - top_k_categorical_accuracy: 0.9991 - val_loss: 7.0010 - val_acc: 0.3177 - val_top_k_categorical_accuracy: 0.5510
Epoch 153/500
14s - loss: 0.0385 - acc: 0.9904 - top_k_categorical_accuracy: 0.9990 - val_loss: 7.0217 - val_acc: 0.3186 - val_top_k_categorical_accuracy: 0.5540
Epoch 154/500
14s - loss: 0.0389 - acc: 0.9904 - top_k_categorical_accuracy: 0.9991 - val_loss: 7.0200 - val_acc: 0.3181 - val_top_k_categorical_accuracy: 0.5515
Epoch 155/500
14s - loss: 0.0382 - acc: 0.9906 - top_k_categorical_accuracy: 0.9991 - val_loss: 7.0228 - val_acc: 0.3197 - val_top_k_categorical_accuracy: 0.5539
Epoch 156/500
14s - loss: 0.0369 - acc: 0.9909 - top_k_categorical_accuracy: 0.9992 - val_loss: 6.9826 - val_acc: 0.3175 - val_top_k_categorical_accuracy: 0.5505
Epoch 157/500
14s - loss: 0.0354 - acc: 0.9914 - top_k_categorical_accuracy: 0.9990 - val_loss: 7.0133 - val_acc: 0.3210 - val_top_k_categorical_accuracy: 0.5544
Epoch 158/500
14s - loss: 0.0377 - acc: 0.9912 - top_k_categorical_accuracy: 0.9990 - val_loss: 7.0300 - val_acc: 0.3195 - val_top_k_categorical_accuracy: 0.5529
Epoch 159/500
14s - loss: 0.0347 - acc: 0.9918 - top_k_categorical_accuracy: 0.9992 - val_loss: 7.0090 - val_acc: 0.3225 - val_top_k_categorical_accuracy: 0.5517
Epoch 160/500
14s - loss: 0.0351 - acc: 0.9912 - top_k_categorical_accuracy: 0.9991 - val_loss: 7.0692 - val_acc: 0.3199 - val_top_k_categorical_accuracy: 0.5520
Epoch 161/500
14s - loss: 0.0333 - acc: 0.9917 - top_k_categorical_accuracy: 0.9994 - val_loss: 7.0024 - val_acc: 0.3217 - val_top_k_categorical_accuracy: 0.5547
Epoch 162/500
14s - loss: 0.0312 - acc: 0.9925 - top_k_categorical_accuracy: 0.9993 - val_loss: 7.0289 - val_acc: 0.3202 - val_top_k_categorical_accuracy: 0.5513
Epoch 163/500
13s - loss: 0.0321 - acc: 0.9920 - top_k_categorical_accuracy: 0.9992 - val_loss: 7.0186 - val_acc: 0.3208 - val_top_k_categorical_accuracy: 0.5564
Epoch 164/500
14s - loss: 0.0312 - acc: 0.9924 - top_k_categorical_accuracy: 0.9992 - val_loss: 7.0857 - val_acc: 0.3181 - val_top_k_categorical_accuracy: 0.5495
Epoch 165/500
14s - loss: 0.0294 - acc: 0.9925 - top_k_categorical_accuracy: 0.9995 - val_loss: 7.0564 - val_acc: 0.3195 - val_top_k_categorical_accuracy: 0.5521
Epoch 166/500
14s - loss: 0.0309 - acc: 0.9928 - top_k_categorical_accuracy: 0.9995 - val_loss: 7.0724 - val_acc: 0.3200 - val_top_k_categorical_accuracy: 0.5532
Epoch 167/500
14s - loss: 0.0304 - acc: 0.9920 - top_k_categorical_accuracy: 0.9996 - val_loss: 7.0854 - val_acc: 0.3202 - val_top_k_categorical_accuracy: 0.5551
Epoch 168/500
14s - loss: 0.0308 - acc: 0.9924 - top_k_categorical_accuracy: 0.9995 - val_loss: 7.0912 - val_acc: 0.3208 - val_top_k_categorical_accuracy: 0.5514
Epoch 169/500
13s - loss: 0.0282 - acc: 0.9931 - top_k_categorical_accuracy: 0.9995 - val_loss: 7.1138 - val_acc: 0.3198 - val_top_k_categorical_accuracy: 0.5502
Epoch 170/500
14s - loss: 0.0280 - acc: 0.9932 - top_k_categorical_accuracy: 0.9993 - val_loss: 7.0996 - val_acc: 0.3225 - val_top_k_categorical_accuracy: 0.5547
Epoch 171/500
14s - loss: 0.0266 - acc: 0.9930 - top_k_categorical_accuracy: 0.9995 - val_loss: 7.1259 - val_acc: 0.3198 - val_top_k_categorical_accuracy: 0.5514
Epoch 172/500
14s - loss: 0.0290 - acc: 0.9929 - top_k_categorical_accuracy: 0.9994 - val_loss: 7.1681 - val_acc: 0.3161 - val_top_k_categorical_accuracy: 0.5505
Epoch 173/500
14s - loss: 0.0273 - acc: 0.9934 - top_k_categorical_accuracy: 0.9995 - val_loss: 7.1745 - val_acc: 0.3179 - val_top_k_categorical_accuracy: 0.5516
Epoch 174/500
13s - loss: 0.0295 - acc: 0.9927 - top_k_categorical_accuracy: 0.9996 - val_loss: 7.0943 - val_acc: 0.3223 - val_top_k_categorical_accuracy: 0.5526
Epoch 175/500
14s - loss: 0.0278 - acc: 0.9931 - top_k_categorical_accuracy: 0.9995 - val_loss: 7.1745 - val_acc: 0.3188 - val_top_k_categorical_accuracy: 0.5523
Epoch 176/500
14s - loss: 0.0264 - acc: 0.9934 - top_k_categorical_accuracy: 0.9995 - val_loss: 7.1667 - val_acc: 0.3179 - val_top_k_categorical_accuracy: 0.5515
Epoch 177/500
13s - loss: 0.0282 - acc: 0.9931 - top_k_categorical_accuracy: 0.9996 - val_loss: 7.1664 - val_acc: 0.3169 - val_top_k_categorical_accuracy: 0.5514
Epoch 178/500
14s - loss: 0.0266 - acc: 0.9936 - top_k_categorical_accuracy: 0.9996 - val_loss: 7.1362 - val_acc: 0.3193 - val_top_k_categorical_accuracy: 0.5518
Epoch 179/500
13s - loss: 0.0306 - acc: 0.9922 - top_k_categorical_accuracy: 0.9996 - val_loss: 7.1406 - val_acc: 0.3218 - val_top_k_categorical_accuracy: 0.5526
Epoch 180/500
14s - loss: 0.0265 - acc: 0.9933 - top_k_categorical_accuracy: 0.9995 - val_loss: 7.1567 - val_acc: 0.3202 - val_top_k_categorical_accuracy: 0.5535
Epoch 181/500
13s - loss: 0.0258 - acc: 0.9936 - top_k_categorical_accuracy: 0.9996 - val_loss: 7.1264 - val_acc: 0.3196 - val_top_k_categorical_accuracy: 0.5534
Epoch 182/500
14s - loss: 0.0242 - acc: 0.9938 - top_k_categorical_accuracy: 0.9996 - val_loss: 7.1861 - val_acc: 0.3207 - val_top_k_categorical_accuracy: 0.5505
Epoch 183/500
13s - loss: 0.0259 - acc: 0.9935 - top_k_categorical_accuracy: 0.9995 - val_loss: 7.2124 - val_acc: 0.3171 - val_top_k_categorical_accuracy: 0.5505
Epoch 184/500
13s - loss: 0.0272 - acc: 0.9932 - top_k_categorical_accuracy: 0.9995 - val_loss: 7.1899 - val_acc: 0.3207 - val_top_k_categorical_accuracy: 0.5531
Epoch 185/500
14s - loss: 0.0241 - acc: 0.9940 - top_k_categorical_accuracy: 0.9996 - val_loss: 7.2188 - val_acc: 0.3193 - val_top_k_categorical_accuracy: 0.5517
Epoch 186/500
13s - loss: 0.0260 - acc: 0.9934 - top_k_categorical_accuracy: 0.9997 - val_loss: 7.2339 - val_acc: 0.3223 - val_top_k_categorical_accuracy: 0.5524
Epoch 187/500
13s - loss: 0.0238 - acc: 0.9941 - top_k_categorical_accuracy: 0.9996 - val_loss: 7.2096 - val_acc: 0.3194 - val_top_k_categorical_accuracy: 0.5506
Epoch 188/500
14s - loss: 0.0216 - acc: 0.9948 - top_k_categorical_accuracy: 0.9997 - val_loss: 7.2516 - val_acc: 0.3228 - val_top_k_categorical_accuracy: 0.5512
Epoch 189/500
14s - loss: 0.0221 - acc: 0.9946 - top_k_categorical_accuracy: 0.9996 - val_loss: 7.1753 - val_acc: 0.3207 - val_top_k_categorical_accuracy: 0.5522
Epoch 190/500
14s - loss: 0.0232 - acc: 0.9943 - top_k_categorical_accuracy: 0.9996 - val_loss: 7.2044 - val_acc: 0.3206 - val_top_k_categorical_accuracy: 0.5526
Epoch 191/500
13s - loss: 0.0243 - acc: 0.9941 - top_k_categorical_accuracy: 0.9997 - val_loss: 7.2033 - val_acc: 0.3207 - val_top_k_categorical_accuracy: 0.5543
Epoch 192/500
14s - loss: 0.0235 - acc: 0.9940 - top_k_categorical_accuracy: 0.9996 - val_loss: 7.2360 - val_acc: 0.3146 - val_top_k_categorical_accuracy: 0.5493
Epoch 193/500
13s - loss: 0.0210 - acc: 0.9950 - top_k_categorical_accuracy: 0.9996 - val_loss: 7.1806 - val_acc: 0.3194 - val_top_k_categorical_accuracy: 0.5529
Epoch 194/500
13s - loss: 0.0196 - acc: 0.9950 - top_k_categorical_accuracy: 0.9997 - val_loss: 7.2667 - val_acc: 0.3198 - val_top_k_categorical_accuracy: 0.5535
Epoch 195/500
13s - loss: 0.0245 - acc: 0.9936 - top_k_categorical_accuracy: 0.9997 - val_loss: 7.1943 - val_acc: 0.3187 - val_top_k_categorical_accuracy: 0.5539
Epoch 196/500
14s - loss: 0.0213 - acc: 0.9946 - top_k_categorical_accuracy: 0.9998 - val_loss: 7.2111 - val_acc: 0.3196 - val_top_k_categorical_accuracy: 0.5536
Epoch 197/500
13s - loss: 0.0230 - acc: 0.9944 - top_k_categorical_accuracy: 0.9997 - val_loss: 7.2364 - val_acc: 0.3222 - val_top_k_categorical_accuracy: 0.5550
Epoch 198/500
14s - loss: 0.0192 - acc: 0.9953 - top_k_categorical_accuracy: 0.9998 - val_loss: 7.2396 - val_acc: 0.3213 - val_top_k_categorical_accuracy: 0.5527
Epoch 199/500
14s - loss: 0.0226 - acc: 0.9943 - top_k_categorical_accuracy: 0.9997 - val_loss: 7.2331 - val_acc: 0.3191 - val_top_k_categorical_accuracy: 0.5497
Epoch 200/500
14s - loss: 0.0199 - acc: 0.9950 - top_k_categorical_accuracy: 0.9997 - val_loss: 7.2523 - val_acc: 0.3213 - val_top_k_categorical_accuracy: 0.5547
Epoch 201/500
14s - loss: 0.0197 - acc: 0.9951 - top_k_categorical_accuracy: 0.9997 - val_loss: 7.2857 - val_acc: 0.3198 - val_top_k_categorical_accuracy: 0.5524
Epoch 202/500
14s - loss: 0.0195 - acc: 0.9952 - top_k_categorical_accuracy: 0.9998 - val_loss: 7.2522 - val_acc: 0.3197 - val_top_k_categorical_accuracy: 0.5516
Epoch 203/500
13s - loss: 0.0207 - acc: 0.9950 - top_k_categorical_accuracy: 0.9998 - val_loss: 7.2308 - val_acc: 0.3199 - val_top_k_categorical_accuracy: 0.5526
Epoch 204/500
14s - loss: 0.0194 - acc: 0.9950 - top_k_categorical_accuracy: 0.9998 - val_loss: 7.2463 - val_acc: 0.3226 - val_top_k_categorical_accuracy: 0.5530
Epoch 205/500
14s - loss: 0.0200 - acc: 0.9951 - top_k_categorical_accuracy: 0.9998 - val_loss: 7.2735 - val_acc: 0.3220 - val_top_k_categorical_accuracy: 0.5551
Epoch 206/500
14s - loss: 0.0194 - acc: 0.9950 - top_k_categorical_accuracy: 0.9999 - val_loss: 7.2703 - val_acc: 0.3211 - val_top_k_categorical_accuracy: 0.5522
Epoch 207/500
14s - loss: 0.0182 - acc: 0.9954 - top_k_categorical_accuracy: 0.9997 - val_loss: 7.2451 - val_acc: 0.3212 - val_top_k_categorical_accuracy: 0.5550
Epoch 208/500
14s - loss: 0.0173 - acc: 0.9956 - top_k_categorical_accuracy: 0.9999 - val_loss: 7.2903 - val_acc: 0.3201 - val_top_k_categorical_accuracy: 0.5518
Epoch 209/500
14s - loss: 0.0190 - acc: 0.9953 - top_k_categorical_accuracy: 0.9997 - val_loss: 7.2478 - val_acc: 0.3218 - val_top_k_categorical_accuracy: 0.5547
Epoch 210/500
13s - loss: 0.0182 - acc: 0.9955 - top_k_categorical_accuracy: 0.9998 - val_loss: 7.2900 - val_acc: 0.3213 - val_top_k_categorical_accuracy: 0.5532
Epoch 211/500
14s - loss: 0.0187 - acc: 0.9954 - top_k_categorical_accuracy: 0.9998 - val_loss: 7.2838 - val_acc: 0.3206 - val_top_k_categorical_accuracy: 0.5540
Epoch 212/500
14s - loss: 0.0188 - acc: 0.9954 - top_k_categorical_accuracy: 0.9997 - val_loss: 7.2469 - val_acc: 0.3174 - val_top_k_categorical_accuracy: 0.5505
Epoch 213/500
14s - loss: 0.0183 - acc: 0.9956 - top_k_categorical_accuracy: 0.9998 - val_loss: 7.3106 - val_acc: 0.3194 - val_top_k_categorical_accuracy: 0.5519
Epoch 214/500
13s - loss: 0.0186 - acc: 0.9954 - top_k_categorical_accuracy: 0.9998 - val_loss: 7.2720 - val_acc: 0.3198 - val_top_k_categorical_accuracy: 0.5529
Epoch 215/500
14s - loss: 0.0175 - acc: 0.9959 - top_k_categorical_accuracy: 0.9998 - val_loss: 7.3118 - val_acc: 0.3210 - val_top_k_categorical_accuracy: 0.5504
Epoch 216/500
14s - loss: 0.0180 - acc: 0.9956 - top_k_categorical_accuracy: 0.9998 - val_loss: 7.2928 - val_acc: 0.3205 - val_top_k_categorical_accuracy: 0.5529
Epoch 217/500
14s - loss: 0.0172 - acc: 0.9957 - top_k_categorical_accuracy: 0.9998 - val_loss: 7.2932 - val_acc: 0.3208 - val_top_k_categorical_accuracy: 0.5533
Epoch 218/500
14s - loss: 0.0179 - acc: 0.9955 - top_k_categorical_accuracy: 0.9998 - val_loss: 7.3341 - val_acc: 0.3186 - val_top_k_categorical_accuracy: 0.5507
Epoch 219/500
14s - loss: 0.0177 - acc: 0.9956 - top_k_categorical_accuracy: 0.9999 - val_loss: 7.3104 - val_acc: 0.3222 - val_top_k_categorical_accuracy: 0.5516
Epoch 220/500
14s - loss: 0.0189 - acc: 0.9952 - top_k_categorical_accuracy: 0.9999 - val_loss: 7.3133 - val_acc: 0.3205 - val_top_k_categorical_accuracy: 0.5542
Epoch 221/500
14s - loss: 0.0164 - acc: 0.9958 - top_k_categorical_accuracy: 0.9998 - val_loss: 7.2951 - val_acc: 0.3221 - val_top_k_categorical_accuracy: 0.5507
Epoch 222/500
14s - loss: 0.0175 - acc: 0.9956 - top_k_categorical_accuracy: 0.9998 - val_loss: 7.3529 - val_acc: 0.3199 - val_top_k_categorical_accuracy: 0.5533
Epoch 223/500
14s - loss: 0.0189 - acc: 0.9954 - top_k_categorical_accuracy: 0.9999 - val_loss: 7.3440 - val_acc: 0.3226 - val_top_k_categorical_accuracy: 0.5550
Epoch 224/500
14s - loss: 0.0186 - acc: 0.9953 - top_k_categorical_accuracy: 0.9998 - val_loss: 7.3229 - val_acc: 0.3205 - val_top_k_categorical_accuracy: 0.5533
Epoch 225/500
14s - loss: 0.0166 - acc: 0.9960 - top_k_categorical_accuracy: 0.9999 - val_loss: 7.3209 - val_acc: 0.3225 - val_top_k_categorical_accuracy: 0.5548
Epoch 226/500
14s - loss: 0.0166 - acc: 0.9960 - top_k_categorical_accuracy: 0.9998 - val_loss: 7.3326 - val_acc: 0.3203 - val_top_k_categorical_accuracy: 0.5527
Epoch 227/500
14s - loss: 0.0198 - acc: 0.9950 - top_k_categorical_accuracy: 0.9999 - val_loss: 7.4147 - val_acc: 0.3144 - val_top_k_categorical_accuracy: 0.5521
Epoch 228/500
14s - loss: 0.0290 - acc: 0.9921 - top_k_categorical_accuracy: 0.9998 - val_loss: 7.3605 - val_acc: 0.3150 - val_top_k_categorical_accuracy: 0.5460
Epoch 229/500
14s - loss: 0.5146 - acc: 0.8624 - top_k_categorical_accuracy: 0.9864 - val_loss: 7.5356 - val_acc: 0.2591 - val_top_k_categorical_accuracy: 0.5055
Epoch 230/500
14s - loss: 0.7273 - acc: 0.7961 - top_k_categorical_accuracy: 0.9802 - val_loss: 7.1548 - val_acc: 0.2797 - val_top_k_categorical_accuracy: 0.5150
Epoch 231/500
14s - loss: 0.5006 - acc: 0.8490 - top_k_categorical_accuracy: 0.9899 - val_loss: 7.2921 - val_acc: 0.2832 - val_top_k_categorical_accuracy: 0.5204
Epoch 232/500
14s - loss: 0.3926 - acc: 0.8781 - top_k_categorical_accuracy: 0.9933 - val_loss: 7.2041 - val_acc: 0.2891 - val_top_k_categorical_accuracy: 0.5269
Epoch 233/500
14s - loss: 0.3307 - acc: 0.8963 - top_k_categorical_accuracy: 0.9944 - val_loss: 7.1168 - val_acc: 0.2906 - val_top_k_categorical_accuracy: 0.5312
Epoch 234/500
14s - loss: 0.2425 - acc: 0.9225 - top_k_categorical_accuracy: 0.9967 - val_loss: 7.0983 - val_acc: 0.3038 - val_top_k_categorical_accuracy: 0.5407
Epoch 235/500
14s - loss: 0.1808 - acc: 0.9421 - top_k_categorical_accuracy: 0.9979 - val_loss: 7.2563 - val_acc: 0.3016 - val_top_k_categorical_accuracy: 0.5352
Epoch 236/500
14s - loss: 0.1690 - acc: 0.9456 - top_k_categorical_accuracy: 0.9980 - val_loss: 7.2286 - val_acc: 0.3022 - val_top_k_categorical_accuracy: 0.5402
Epoch 237/500
14s - loss: 0.1266 - acc: 0.9595 - top_k_categorical_accuracy: 0.9985 - val_loss: 7.2360 - val_acc: 0.3064 - val_top_k_categorical_accuracy: 0.5427
Epoch 238/500
14s - loss: 0.0846 - acc: 0.9746 - top_k_categorical_accuracy: 0.9990 - val_loss: 7.2105 - val_acc: 0.3072 - val_top_k_categorical_accuracy: 0.5427
Epoch 239/500
14s - loss: 0.0690 - acc: 0.9796 - top_k_categorical_accuracy: 0.9991 - val_loss: 7.2480 - val_acc: 0.3125 - val_top_k_categorical_accuracy: 0.5479
Epoch 240/500
14s - loss: 0.0443 - acc: 0.9874 - top_k_categorical_accuracy: 0.9995 - val_loss: 7.2083 - val_acc: 0.3181 - val_top_k_categorical_accuracy: 0.5517
Epoch 241/500
14s - loss: 0.0350 - acc: 0.9909 - top_k_categorical_accuracy: 0.9996 - val_loss: 7.2228 - val_acc: 0.3177 - val_top_k_categorical_accuracy: 0.5500
Epoch 242/500
14s - loss: 0.0338 - acc: 0.9912 - top_k_categorical_accuracy: 0.9996 - val_loss: 7.2638 - val_acc: 0.3191 - val_top_k_categorical_accuracy: 0.5497
Epoch 243/500
14s - loss: 0.0314 - acc: 0.9918 - top_k_categorical_accuracy: 0.9995 - val_loss: 7.2163 - val_acc: 0.3191 - val_top_k_categorical_accuracy: 0.5505
Epoch 244/500
14s - loss: 0.0290 - acc: 0.9932 - top_k_categorical_accuracy: 0.9997 - val_loss: 7.1961 - val_acc: 0.3193 - val_top_k_categorical_accuracy: 0.5516
Epoch 245/500
14s - loss: 0.0265 - acc: 0.9932 - top_k_categorical_accuracy: 0.9996 - val_loss: 7.3360 - val_acc: 0.3110 - val_top_k_categorical_accuracy: 0.5507
Epoch 246/500
14s - loss: 0.0260 - acc: 0.9936 - top_k_categorical_accuracy: 0.9997 - val_loss: 7.2638 - val_acc: 0.3204 - val_top_k_categorical_accuracy: 0.5533
Epoch 247/500
14s - loss: 0.0265 - acc: 0.9930 - top_k_categorical_accuracy: 0.9998 - val_loss: 7.2071 - val_acc: 0.3211 - val_top_k_categorical_accuracy: 0.5530
Epoch 248/500
14s - loss: 0.0259 - acc: 0.9937 - top_k_categorical_accuracy: 0.9997 - val_loss: 7.2688 - val_acc: 0.3201 - val_top_k_categorical_accuracy: 0.5524
Epoch 249/500
14s - loss: 0.0253 - acc: 0.9936 - top_k_categorical_accuracy: 0.9997 - val_loss: 7.2615 - val_acc: 0.3190 - val_top_k_categorical_accuracy: 0.5510
Epoch 250/500
14s - loss: 0.0240 - acc: 0.9940 - top_k_categorical_accuracy: 0.9997 - val_loss: 7.2557 - val_acc: 0.3174 - val_top_k_categorical_accuracy: 0.5478
Epoch 251/500
14s - loss: 0.0201 - acc: 0.9949 - top_k_categorical_accuracy: 0.9999 - val_loss: 7.2640 - val_acc: 0.3251 - val_top_k_categorical_accuracy: 0.5552
Epoch 252/500
14s - loss: 0.0228 - acc: 0.9944 - top_k_categorical_accuracy: 0.9996 - val_loss: 7.2282 - val_acc: 0.3216 - val_top_k_categorical_accuracy: 0.5548
Epoch 253/500
14s - loss: 0.0203 - acc: 0.9950 - top_k_categorical_accuracy: 0.9998 - val_loss: 7.2758 - val_acc: 0.3222 - val_top_k_categorical_accuracy: 0.5534
Epoch 254/500
14s - loss: 0.0215 - acc: 0.9944 - top_k_categorical_accuracy: 0.9996 - val_loss: 7.2564 - val_acc: 0.3239 - val_top_k_categorical_accuracy: 0.5523
Epoch 255/500
14s - loss: 0.0219 - acc: 0.9943 - top_k_categorical_accuracy: 0.9996 - val_loss: 7.2808 - val_acc: 0.3212 - val_top_k_categorical_accuracy: 0.5519
Epoch 256/500
14s - loss: 0.0214 - acc: 0.9947 - top_k_categorical_accuracy: 0.9998 - val_loss: 7.2784 - val_acc: 0.3225 - val_top_k_categorical_accuracy: 0.5530
Epoch 257/500
14s - loss: 0.0180 - acc: 0.9953 - top_k_categorical_accuracy: 0.9998 - val_loss: 7.2755 - val_acc: 0.3224 - val_top_k_categorical_accuracy: 0.5538
Epoch 258/500
14s - loss: 0.0191 - acc: 0.9950 - top_k_categorical_accuracy: 0.9997 - val_loss: 7.2935 - val_acc: 0.3235 - val_top_k_categorical_accuracy: 0.5547
Epoch 259/500
14s - loss: 0.0187 - acc: 0.9952 - top_k_categorical_accuracy: 0.9998 - val_loss: 7.3054 - val_acc: 0.3213 - val_top_k_categorical_accuracy: 0.5530
Epoch 260/500
14s - loss: 0.0196 - acc: 0.9950 - top_k_categorical_accuracy: 0.9998 - val_loss: 7.3166 - val_acc: 0.3207 - val_top_k_categorical_accuracy: 0.5529
Epoch 261/500
14s - loss: 0.0188 - acc: 0.9951 - top_k_categorical_accuracy: 0.9998 - val_loss: 7.3328 - val_acc: 0.3213 - val_top_k_categorical_accuracy: 0.5514
Epoch 262/500
14s - loss: 0.0186 - acc: 0.9953 - top_k_categorical_accuracy: 0.9998 - val_loss: 7.3407 - val_acc: 0.3198 - val_top_k_categorical_accuracy: 0.5534
Epoch 263/500
14s - loss: 0.0178 - acc: 0.9955 - top_k_categorical_accuracy: 0.9999 - val_loss: 7.2960 - val_acc: 0.3249 - val_top_k_categorical_accuracy: 0.5529
Epoch 264/500
13s - loss: 0.0198 - acc: 0.9949 - top_k_categorical_accuracy: 0.9998 - val_loss: 7.3108 - val_acc: 0.3210 - val_top_k_categorical_accuracy: 0.5532
Epoch 265/500
14s - loss: 0.0170 - acc: 0.9956 - top_k_categorical_accuracy: 0.9998 - val_loss: 7.2870 - val_acc: 0.3247 - val_top_k_categorical_accuracy: 0.5561
Epoch 266/500
14s - loss: 0.0170 - acc: 0.9956 - top_k_categorical_accuracy: 0.9998 - val_loss: 7.3741 - val_acc: 0.3234 - val_top_k_categorical_accuracy: 0.5544
Epoch 267/500
14s - loss: 0.0177 - acc: 0.9955 - top_k_categorical_accuracy: 0.9998 - val_loss: 7.2812 - val_acc: 0.3237 - val_top_k_categorical_accuracy: 0.5547
Epoch 268/500
13s - loss: 0.0151 - acc: 0.9961 - top_k_categorical_accuracy: 0.9999 - val_loss: 7.3102 - val_acc: 0.3253 - val_top_k_categorical_accuracy: 0.5555
Epoch 269/500
13s - loss: 0.0155 - acc: 0.9962 - top_k_categorical_accuracy: 0.9998 - val_loss: 7.3204 - val_acc: 0.3219 - val_top_k_categorical_accuracy: 0.5535
Epoch 270/500
14s - loss: 0.0165 - acc: 0.9959 - top_k_categorical_accuracy: 0.9998 - val_loss: 7.3514 - val_acc: 0.3214 - val_top_k_categorical_accuracy: 0.5531
Epoch 271/500
14s - loss: 0.0157 - acc: 0.9959 - top_k_categorical_accuracy: 0.9998 - val_loss: 7.2955 - val_acc: 0.3235 - val_top_k_categorical_accuracy: 0.5535
Epoch 272/500
14s - loss: 0.0147 - acc: 0.9962 - top_k_categorical_accuracy: 0.9999 - val_loss: 7.3156 - val_acc: 0.3239 - val_top_k_categorical_accuracy: 0.5544
Epoch 273/500
14s - loss: 0.0139 - acc: 0.9964 - top_k_categorical_accuracy: 0.9998 - val_loss: 7.3410 - val_acc: 0.3232 - val_top_k_categorical_accuracy: 0.5521
Epoch 274/500
14s - loss: 0.0154 - acc: 0.9961 - top_k_categorical_accuracy: 0.9999 - val_loss: 7.3215 - val_acc: 0.3194 - val_top_k_categorical_accuracy: 0.5535
Epoch 275/500
14s - loss: 0.0168 - acc: 0.9957 - top_k_categorical_accuracy: 0.9999 - val_loss: 7.3476 - val_acc: 0.3245 - val_top_k_categorical_accuracy: 0.5556
Epoch 276/500
14s - loss: 0.0160 - acc: 0.9959 - top_k_categorical_accuracy: 0.9999 - val_loss: 7.3188 - val_acc: 0.3233 - val_top_k_categorical_accuracy: 0.5542
Epoch 277/500
14s - loss: 0.0157 - acc: 0.9962 - top_k_categorical_accuracy: 0.9999 - val_loss: 7.3751 - val_acc: 0.3211 - val_top_k_categorical_accuracy: 0.5514
Epoch 278/500
13s - loss: 0.0162 - acc: 0.9961 - top_k_categorical_accuracy: 0.9999 - val_loss: 7.3580 - val_acc: 0.3236 - val_top_k_categorical_accuracy: 0.5537
Epoch 279/500
14s - loss: 0.0136 - acc: 0.9967 - top_k_categorical_accuracy: 0.9999 - val_loss: 7.3428 - val_acc: 0.3234 - val_top_k_categorical_accuracy: 0.5530
Epoch 280/500
14s - loss: 0.0146 - acc: 0.9961 - top_k_categorical_accuracy: 0.9999 - val_loss: 7.3213 - val_acc: 0.3232 - val_top_k_categorical_accuracy: 0.5561
Epoch 281/500
14s - loss: 0.0145 - acc: 0.9962 - top_k_categorical_accuracy: 0.9999 - val_loss: 7.3673 - val_acc: 0.3242 - val_top_k_categorical_accuracy: 0.5525
Epoch 282/500
14s - loss: 0.0143 - acc: 0.9964 - top_k_categorical_accuracy: 0.9999 - val_loss: 7.3560 - val_acc: 0.3214 - val_top_k_categorical_accuracy: 0.5529
Epoch 283/500
14s - loss: 0.0140 - acc: 0.9966 - top_k_categorical_accuracy: 0.9999 - val_loss: 7.3475 - val_acc: 0.3240 - val_top_k_categorical_accuracy: 0.5540
Epoch 284/500
14s - loss: 0.0138 - acc: 0.9964 - top_k_categorical_accuracy: 0.9999 - val_loss: 7.3753 - val_acc: 0.3236 - val_top_k_categorical_accuracy: 0.5562
Epoch 285/500
14s - loss: 0.0143 - acc: 0.9964 - top_k_categorical_accuracy: 0.9998 - val_loss: 7.5359 - val_acc: 0.3143 - val_top_k_categorical_accuracy: 0.5497
Epoch 286/500
14s - loss: 0.0129 - acc: 0.9967 - top_k_categorical_accuracy: 0.9999 - val_loss: 7.3741 - val_acc: 0.3233 - val_top_k_categorical_accuracy: 0.5549
Epoch 287/500
14s - loss: 0.0139 - acc: 0.9966 - top_k_categorical_accuracy: 0.9998 - val_loss: 7.3929 - val_acc: 0.3217 - val_top_k_categorical_accuracy: 0.5513
Epoch 288/500
14s - loss: 0.0152 - acc: 0.9961 - top_k_categorical_accuracy: 0.9998 - val_loss: 7.4256 - val_acc: 0.3217 - val_top_k_categorical_accuracy: 0.5524
Epoch 289/500
14s - loss: 0.0138 - acc: 0.9965 - top_k_categorical_accuracy: 0.9998 - val_loss: 7.4054 - val_acc: 0.3227 - val_top_k_categorical_accuracy: 0.5542
Epoch 290/500
14s - loss: 0.0133 - acc: 0.9965 - top_k_categorical_accuracy: 0.9999 - val_loss: 7.4057 - val_acc: 0.3237 - val_top_k_categorical_accuracy: 0.5533
Epoch 291/500
14s - loss: 0.0129 - acc: 0.9968 - top_k_categorical_accuracy: 0.9998 - val_loss: 7.3896 - val_acc: 0.3206 - val_top_k_categorical_accuracy: 0.5539
Epoch 292/500
14s - loss: 0.0146 - acc: 0.9962 - top_k_categorical_accuracy: 0.9999 - val_loss: 7.3895 - val_acc: 0.3241 - val_top_k_categorical_accuracy: 0.5546
Epoch 293/500
14s - loss: 0.0128 - acc: 0.9968 - top_k_categorical_accuracy: 0.9999 - val_loss: 7.3769 - val_acc: 0.3226 - val_top_k_categorical_accuracy: 0.5546
Epoch 294/500
14s - loss: 0.0129 - acc: 0.9967 - top_k_categorical_accuracy: 1.0000 - val_loss: 7.4321 - val_acc: 0.3244 - val_top_k_categorical_accuracy: 0.5552
Epoch 295/500
14s - loss: 0.0129 - acc: 0.9968 - top_k_categorical_accuracy: 0.9999 - val_loss: 7.4306 - val_acc: 0.3187 - val_top_k_categorical_accuracy: 0.5530
Epoch 296/500
14s - loss: 0.0134 - acc: 0.9967 - top_k_categorical_accuracy: 0.9999 - val_loss: 7.4183 - val_acc: 0.3201 - val_top_k_categorical_accuracy: 0.5528
Epoch 297/500
14s - loss: 0.0143 - acc: 0.9962 - top_k_categorical_accuracy: 0.9999 - val_loss: 7.4075 - val_acc: 0.3233 - val_top_k_categorical_accuracy: 0.5535
Epoch 298/500
14s - loss: 0.0133 - acc: 0.9966 - top_k_categorical_accuracy: 0.9999 - val_loss: 7.3833 - val_acc: 0.3253 - val_top_k_categorical_accuracy: 0.5552
Epoch 299/500
14s - loss: 0.0128 - acc: 0.9968 - top_k_categorical_accuracy: 1.0000 - val_loss: 7.3872 - val_acc: 0.3239 - val_top_k_categorical_accuracy: 0.5587
Epoch 300/500
14s - loss: 0.0120 - acc: 0.9969 - top_k_categorical_accuracy: 0.9999 - val_loss: 7.3761 - val_acc: 0.3229 - val_top_k_categorical_accuracy: 0.5537
Epoch 301/500
14s - loss: 0.0126 - acc: 0.9969 - top_k_categorical_accuracy: 1.0000 - val_loss: 7.3978 - val_acc: 0.3250 - val_top_k_categorical_accuracy: 0.5549
Epoch 302/500
14s - loss: 0.0112 - acc: 0.9972 - top_k_categorical_accuracy: 0.9999 - val_loss: 7.4331 - val_acc: 0.3224 - val_top_k_categorical_accuracy: 0.5546
Epoch 303/500
14s - loss: 0.0126 - acc: 0.9969 - top_k_categorical_accuracy: 1.0000 - val_loss: 7.4330 - val_acc: 0.3204 - val_top_k_categorical_accuracy: 0.5518
Epoch 304/500
14s - loss: 0.0125 - acc: 0.9969 - top_k_categorical_accuracy: 0.9999 - val_loss: 7.4079 - val_acc: 0.3237 - val_top_k_categorical_accuracy: 0.5547
Epoch 305/500
14s - loss: 0.0124 - acc: 0.9969 - top_k_categorical_accuracy: 1.0000 - val_loss: 7.4098 - val_acc: 0.3244 - val_top_k_categorical_accuracy: 0.5544
Epoch 306/500
13s - loss: 0.0128 - acc: 0.9968 - top_k_categorical_accuracy: 0.9999 - val_loss: 7.4378 - val_acc: 0.3222 - val_top_k_categorical_accuracy: 0.5534
Epoch 307/500
14s - loss: 0.0112 - acc: 0.9973 - top_k_categorical_accuracy: 1.0000 - val_loss: 7.4268 - val_acc: 0.3249 - val_top_k_categorical_accuracy: 0.5561
Epoch 308/500
14s - loss: 0.0098 - acc: 0.9976 - top_k_categorical_accuracy: 0.9999 - val_loss: 7.4483 - val_acc: 0.3230 - val_top_k_categorical_accuracy: 0.5532
Epoch 309/500
14s - loss: 0.0111 - acc: 0.9971 - top_k_categorical_accuracy: 0.9999 - val_loss: 7.3937 - val_acc: 0.3235 - val_top_k_categorical_accuracy: 0.5528
Epoch 310/500
14s - loss: 0.0104 - acc: 0.9973 - top_k_categorical_accuracy: 1.0000 - val_loss: 7.4360 - val_acc: 0.3219 - val_top_k_categorical_accuracy: 0.5558
Epoch 311/500
14s - loss: 0.0109 - acc: 0.9972 - top_k_categorical_accuracy: 0.9999 - val_loss: 7.4288 - val_acc: 0.3244 - val_top_k_categorical_accuracy: 0.5550
Epoch 312/500
14s - loss: 0.0105 - acc: 0.9971 - top_k_categorical_accuracy: 0.9999 - val_loss: 7.4292 - val_acc: 0.3248 - val_top_k_categorical_accuracy: 0.5552
Epoch 313/500
14s - loss: 0.0106 - acc: 0.9973 - top_k_categorical_accuracy: 1.0000 - val_loss: 7.4802 - val_acc: 0.3230 - val_top_k_categorical_accuracy: 0.5543
Epoch 314/500
14s - loss: 0.0107 - acc: 0.9973 - top_k_categorical_accuracy: 0.9999 - val_loss: 7.4024 - val_acc: 0.3226 - val_top_k_categorical_accuracy: 0.5554
Epoch 315/500
14s - loss: 0.0106 - acc: 0.9971 - top_k_categorical_accuracy: 0.9999 - val_loss: 7.4046 - val_acc: 0.3238 - val_top_k_categorical_accuracy: 0.5543
Epoch 316/500
14s - loss: 0.0102 - acc: 0.9974 - top_k_categorical_accuracy: 1.0000 - val_loss: 7.4365 - val_acc: 0.3219 - val_top_k_categorical_accuracy: 0.5558
Epoch 317/500
14s - loss: 0.0102 - acc: 0.9973 - top_k_categorical_accuracy: 1.0000 - val_loss: 7.4571 - val_acc: 0.3241 - val_top_k_categorical_accuracy: 0.5559
Epoch 318/500
14s - loss: 0.0099 - acc: 0.9974 - top_k_categorical_accuracy: 1.0000 - val_loss: 7.4662 - val_acc: 0.3177 - val_top_k_categorical_accuracy: 0.5502
Epoch 319/500
14s - loss: 0.0111 - acc: 0.9970 - top_k_categorical_accuracy: 0.9999 - val_loss: 7.4269 - val_acc: 0.3220 - val_top_k_categorical_accuracy: 0.5541
Epoch 320/500
14s - loss: 0.0115 - acc: 0.9969 - top_k_categorical_accuracy: 1.0000 - val_loss: 7.4365 - val_acc: 0.3245 - val_top_k_categorical_accuracy: 0.5570
Epoch 321/500
13s - loss: 0.0110 - acc: 0.9972 - top_k_categorical_accuracy: 0.9999 - val_loss: 7.4248 - val_acc: 0.3225 - val_top_k_categorical_accuracy: 0.5549
Epoch 322/500
14s - loss: 0.0128 - acc: 0.9967 - top_k_categorical_accuracy: 0.9999 - val_loss: 7.4285 - val_acc: 0.3237 - val_top_k_categorical_accuracy: 0.5537
Epoch 323/500
14s - loss: 0.0111 - acc: 0.9971 - top_k_categorical_accuracy: 1.0000 - val_loss: 7.4516 - val_acc: 0.3240 - val_top_k_categorical_accuracy: 0.5562
Epoch 324/500
14s - loss: 0.0098 - acc: 0.9973 - top_k_categorical_accuracy: 1.0000 - val_loss: 7.4368 - val_acc: 0.3232 - val_top_k_categorical_accuracy: 0.5539
Epoch 325/500
14s - loss: 0.0099 - acc: 0.9975 - top_k_categorical_accuracy: 1.0000 - val_loss: 7.4814 - val_acc: 0.3235 - val_top_k_categorical_accuracy: 0.5543
Epoch 326/500
13s - loss: 0.0107 - acc: 0.9972 - top_k_categorical_accuracy: 0.9999 - val_loss: 7.4716 - val_acc: 0.3216 - val_top_k_categorical_accuracy: 0.5527
Epoch 327/500
14s - loss: 0.0100 - acc: 0.9974 - top_k_categorical_accuracy: 1.0000 - val_loss: 7.4907 - val_acc: 0.3237 - val_top_k_categorical_accuracy: 0.5554
Epoch 328/500
14s - loss: 0.0098 - acc: 0.9975 - top_k_categorical_accuracy: 1.0000 - val_loss: 7.4325 - val_acc: 0.3223 - val_top_k_categorical_accuracy: 0.5540
Epoch 329/500
14s - loss: 0.0095 - acc: 0.9975 - top_k_categorical_accuracy: 1.0000 - val_loss: 7.4865 - val_acc: 0.3251 - val_top_k_categorical_accuracy: 0.5551
Epoch 330/500
14s - loss: 0.0096 - acc: 0.9976 - top_k_categorical_accuracy: 1.0000 - val_loss: 7.4759 - val_acc: 0.3237 - val_top_k_categorical_accuracy: 0.5533
Epoch 331/500
14s - loss: 0.0088 - acc: 0.9977 - top_k_categorical_accuracy: 1.0000 - val_loss: 7.4698 - val_acc: 0.3240 - val_top_k_categorical_accuracy: 0.5557
Epoch 332/500
14s - loss: 0.0088 - acc: 0.9978 - top_k_categorical_accuracy: 1.0000 - val_loss: 7.4674 - val_acc: 0.3235 - val_top_k_categorical_accuracy: 0.5552
Epoch 333/500
13s - loss: 0.0099 - acc: 0.9973 - top_k_categorical_accuracy: 0.9999 - val_loss: 7.4936 - val_acc: 0.3229 - val_top_k_categorical_accuracy: 0.5545
Epoch 334/500
14s - loss: 0.0088 - acc: 0.9977 - top_k_categorical_accuracy: 1.0000 - val_loss: 7.4639 - val_acc: 0.3253 - val_top_k_categorical_accuracy: 0.5567
Epoch 335/500
14s - loss: 0.0090 - acc: 0.9975 - top_k_categorical_accuracy: 1.0000 - val_loss: 7.4786 - val_acc: 0.3234 - val_top_k_categorical_accuracy: 0.5550
Epoch 336/500
14s - loss: 0.0093 - acc: 0.9978 - top_k_categorical_accuracy: 1.0000 - val_loss: 7.4545 - val_acc: 0.3248 - val_top_k_categorical_accuracy: 0.5560
Epoch 337/500
14s - loss: 0.0092 - acc: 0.9976 - top_k_categorical_accuracy: 1.0000 - val_loss: 7.4686 - val_acc: 0.3254 - val_top_k_categorical_accuracy: 0.5557
Epoch 338/500
14s - loss: 0.0099 - acc: 0.9975 - top_k_categorical_accuracy: 0.9999 - val_loss: 7.4626 - val_acc: 0.3246 - val_top_k_categorical_accuracy: 0.5565
Epoch 339/500
14s - loss: 0.0087 - acc: 0.9976 - top_k_categorical_accuracy: 1.0000 - val_loss: 7.5100 - val_acc: 0.3226 - val_top_k_categorical_accuracy: 0.5550
Epoch 340/500
14s - loss: 0.0093 - acc: 0.9976 - top_k_categorical_accuracy: 0.9999 - val_loss: 7.4773 - val_acc: 0.3250 - val_top_k_categorical_accuracy: 0.5561
Epoch 341/500
14s - loss: 0.0095 - acc: 0.9975 - top_k_categorical_accuracy: 1.0000 - val_loss: 7.4930 - val_acc: 0.3212 - val_top_k_categorical_accuracy: 0.5511
Epoch 342/500
14s - loss: 0.0092 - acc: 0.9977 - top_k_categorical_accuracy: 1.0000 - val_loss: 7.4854 - val_acc: 0.3232 - val_top_k_categorical_accuracy: 0.5531
Epoch 343/500
14s - loss: 0.0089 - acc: 0.9977 - top_k_categorical_accuracy: 0.9999 - val_loss: 7.4593 - val_acc: 0.3252 - val_top_k_categorical_accuracy: 0.5539
Epoch 344/500
14s - loss: 0.0086 - acc: 0.9979 - top_k_categorical_accuracy: 1.0000 - val_loss: 7.5104 - val_acc: 0.3229 - val_top_k_categorical_accuracy: 0.5544
Epoch 345/500
14s - loss: 0.0096 - acc: 0.9975 - top_k_categorical_accuracy: 0.9999 - val_loss: 7.4721 - val_acc: 0.3251 - val_top_k_categorical_accuracy: 0.5545
Epoch 346/500
14s - loss: 0.0088 - acc: 0.9975 - top_k_categorical_accuracy: 1.0000 - val_loss: 7.4636 - val_acc: 0.3258 - val_top_k_categorical_accuracy: 0.5548
Epoch 347/500
14s - loss: 0.0085 - acc: 0.9979 - top_k_categorical_accuracy: 1.0000 - val_loss: 7.4785 - val_acc: 0.3265 - val_top_k_categorical_accuracy: 0.5549
Epoch 348/500
14s - loss: 0.0086 - acc: 0.9977 - top_k_categorical_accuracy: 0.9999 - val_loss: 7.5189 - val_acc: 0.3241 - val_top_k_categorical_accuracy: 0.5560
Epoch 349/500
14s - loss: 0.0082 - acc: 0.9977 - top_k_categorical_accuracy: 1.0000 - val_loss: 7.4815 - val_acc: 0.3247 - val_top_k_categorical_accuracy: 0.5560
Epoch 350/500
14s - loss: 0.0086 - acc: 0.9977 - top_k_categorical_accuracy: 1.0000 - val_loss: 7.4813 - val_acc: 0.3225 - val_top_k_categorical_accuracy: 0.5529
Epoch 351/500
14s - loss: 0.0085 - acc: 0.9978 - top_k_categorical_accuracy: 1.0000 - val_loss: 7.4976 - val_acc: 0.3266 - val_top_k_categorical_accuracy: 0.5552
Epoch 352/500
14s - loss: 0.0082 - acc: 0.9979 - top_k_categorical_accuracy: 1.0000 - val_loss: 7.5250 - val_acc: 0.3236 - val_top_k_categorical_accuracy: 0.5542
Epoch 353/500
14s - loss: 0.0080 - acc: 0.9979 - top_k_categorical_accuracy: 1.0000 - val_loss: 7.4955 - val_acc: 0.3248 - val_top_k_categorical_accuracy: 0.5565
Epoch 354/500
14s - loss: 0.0091 - acc: 0.9976 - top_k_categorical_accuracy: 1.0000 - val_loss: 7.5219 - val_acc: 0.3203 - val_top_k_categorical_accuracy: 0.5541
Epoch 355/500
14s - loss: 0.0086 - acc: 0.9977 - top_k_categorical_accuracy: 1.0000 - val_loss: 7.4655 - val_acc: 0.3242 - val_top_k_categorical_accuracy: 0.5540
Epoch 356/500
14s - loss: 0.0086 - acc: 0.9979 - top_k_categorical_accuracy: 1.0000 - val_loss: 7.4958 - val_acc: 0.3222 - val_top_k_categorical_accuracy: 0.5533
Epoch 357/500
14s - loss: 0.0072 - acc: 0.9981 - top_k_categorical_accuracy: 1.0000 - val_loss: 7.5451 - val_acc: 0.3241 - val_top_k_categorical_accuracy: 0.5566
Epoch 358/500
14s - loss: 0.0079 - acc: 0.9980 - top_k_categorical_accuracy: 1.0000 - val_loss: 7.5302 - val_acc: 0.3231 - val_top_k_categorical_accuracy: 0.5545
Epoch 359/500
14s - loss: 0.0084 - acc: 0.9978 - top_k_categorical_accuracy: 0.9999 - val_loss: 7.4949 - val_acc: 0.3259 - val_top_k_categorical_accuracy: 0.5563
Epoch 360/500
14s - loss: 0.0089 - acc: 0.9978 - top_k_categorical_accuracy: 1.0000 - val_loss: 7.5051 - val_acc: 0.3253 - val_top_k_categorical_accuracy: 0.5573
Epoch 361/500
13s - loss: 0.0083 - acc: 0.9979 - top_k_categorical_accuracy: 1.0000 - val_loss: 7.5255 - val_acc: 0.3254 - val_top_k_categorical_accuracy: 0.5551
Epoch 362/500
14s - loss: 0.0079 - acc: 0.9978 - top_k_categorical_accuracy: 1.0000 - val_loss: 7.5093 - val_acc: 0.3238 - val_top_k_categorical_accuracy: 0.5562
Epoch 363/500
14s - loss: 0.0084 - acc: 0.9980 - top_k_categorical_accuracy: 1.0000 - val_loss: 7.5124 - val_acc: 0.3246 - val_top_k_categorical_accuracy: 0.5547
Epoch 364/500
14s - loss: 0.0076 - acc: 0.9980 - top_k_categorical_accuracy: 1.0000 - val_loss: 7.5227 - val_acc: 0.3228 - val_top_k_categorical_accuracy: 0.5550
Epoch 365/500
14s - loss: 0.0079 - acc: 0.9980 - top_k_categorical_accuracy: 1.0000 - val_loss: 7.5026 - val_acc: 0.3258 - val_top_k_categorical_accuracy: 0.5569
Epoch 366/500
14s - loss: 0.0076 - acc: 0.9981 - top_k_categorical_accuracy: 1.0000 - val_loss: 7.5170 - val_acc: 0.3224 - val_top_k_categorical_accuracy: 0.5554
Epoch 367/500
14s - loss: 0.0073 - acc: 0.9981 - top_k_categorical_accuracy: 1.0000 - val_loss: 7.5378 - val_acc: 0.3242 - val_top_k_categorical_accuracy: 0.5538
Epoch 368/500
14s - loss: 0.0076 - acc: 0.9981 - top_k_categorical_accuracy: 1.0000 - val_loss: 7.5264 - val_acc: 0.3244 - val_top_k_categorical_accuracy: 0.5559
Epoch 369/500
14s - loss: 0.0079 - acc: 0.9979 - top_k_categorical_accuracy: 1.0000 - val_loss: 7.5239 - val_acc: 0.3260 - val_top_k_categorical_accuracy: 0.5554
Epoch 370/500
13s - loss: 0.0076 - acc: 0.9980 - top_k_categorical_accuracy: 1.0000 - val_loss: 7.5053 - val_acc: 0.3259 - val_top_k_categorical_accuracy: 0.5577
Epoch 371/500
14s - loss: 0.0100 - acc: 0.9974 - top_k_categorical_accuracy: 1.0000 - val_loss: 7.5400 - val_acc: 0.3179 - val_top_k_categorical_accuracy: 0.5510
Epoch 372/500
14s - loss: 0.0093 - acc: 0.9977 - top_k_categorical_accuracy: 0.9999 - val_loss: 7.5865 - val_acc: 0.3203 - val_top_k_categorical_accuracy: 0.5527
Epoch 373/500
13s - loss: 0.0093 - acc: 0.9977 - top_k_categorical_accuracy: 1.0000 - val_loss: 7.5363 - val_acc: 0.3203 - val_top_k_categorical_accuracy: 0.5526
Epoch 374/500
14s - loss: 0.0075 - acc: 0.9980 - top_k_categorical_accuracy: 1.0000 - val_loss: 7.5253 - val_acc: 0.3246 - val_top_k_categorical_accuracy: 0.5540
Epoch 375/500
14s - loss: 0.0086 - acc: 0.9977 - top_k_categorical_accuracy: 1.0000 - val_loss: 7.5239 - val_acc: 0.3196 - val_top_k_categorical_accuracy: 0.5517
Epoch 376/500
14s - loss: 0.0081 - acc: 0.9979 - top_k_categorical_accuracy: 1.0000 - val_loss: 7.5437 - val_acc: 0.3223 - val_top_k_categorical_accuracy: 0.5546
Epoch 377/500
14s - loss: 0.0077 - acc: 0.9980 - top_k_categorical_accuracy: 1.0000 - val_loss: 7.5441 - val_acc: 0.3240 - val_top_k_categorical_accuracy: 0.5561
Epoch 378/500
14s - loss: 0.0069 - acc: 0.9983 - top_k_categorical_accuracy: 1.0000 - val_loss: 7.5735 - val_acc: 0.3234 - val_top_k_categorical_accuracy: 0.5559
Epoch 379/500
14s - loss: 0.0081 - acc: 0.9979 - top_k_categorical_accuracy: 1.0000 - val_loss: 7.5977 - val_acc: 0.3220 - val_top_k_categorical_accuracy: 0.5530
Epoch 380/500
14s - loss: 0.0078 - acc: 0.9980 - top_k_categorical_accuracy: 1.0000 - val_loss: 7.5340 - val_acc: 0.3225 - val_top_k_categorical_accuracy: 0.5559
Epoch 381/500
14s - loss: 0.0074 - acc: 0.9981 - top_k_categorical_accuracy: 1.0000 - val_loss: 7.5242 - val_acc: 0.3221 - val_top_k_categorical_accuracy: 0.5527
Epoch 382/500
14s - loss: 0.0076 - acc: 0.9980 - top_k_categorical_accuracy: 1.0000 - val_loss: 7.5495 - val_acc: 0.3227 - val_top_k_categorical_accuracy: 0.5547
Epoch 383/500
14s - loss: 0.0080 - acc: 0.9979 - top_k_categorical_accuracy: 1.0000 - val_loss: 7.5259 - val_acc: 0.3235 - val_top_k_categorical_accuracy: 0.5544
Epoch 384/500
14s - loss: 0.0085 - acc: 0.9978 - top_k_categorical_accuracy: 1.0000 - val_loss: 7.5499 - val_acc: 0.3232 - val_top_k_categorical_accuracy: 0.5550
Epoch 385/500
14s - loss: 0.0076 - acc: 0.9981 - top_k_categorical_accuracy: 1.0000 - val_loss: 7.5425 - val_acc: 0.3264 - val_top_k_categorical_accuracy: 0.5540
Epoch 386/500
13s - loss: 0.0078 - acc: 0.9979 - top_k_categorical_accuracy: 1.0000 - val_loss: 7.5504 - val_acc: 0.3193 - val_top_k_categorical_accuracy: 0.5535
Epoch 387/500
14s - loss: 0.0074 - acc: 0.9982 - top_k_categorical_accuracy: 1.0000 - val_loss: 7.5461 - val_acc: 0.3228 - val_top_k_categorical_accuracy: 0.5542
Epoch 388/500
14s - loss: 0.0073 - acc: 0.9981 - top_k_categorical_accuracy: 1.0000 - val_loss: 7.5509 - val_acc: 0.3232 - val_top_k_categorical_accuracy: 0.5561
Epoch 389/500
14s - loss: 0.0071 - acc: 0.9982 - top_k_categorical_accuracy: 1.0000 - val_loss: 7.5788 - val_acc: 0.3224 - val_top_k_categorical_accuracy: 0.5539
Epoch 390/500
14s - loss: 0.0068 - acc: 0.9983 - top_k_categorical_accuracy: 1.0000 - val_loss: 7.5628 - val_acc: 0.3228 - val_top_k_categorical_accuracy: 0.5551
Epoch 391/500
14s - loss: 0.0071 - acc: 0.9981 - top_k_categorical_accuracy: 1.0000 - val_loss: 7.5568 - val_acc: 0.3245 - val_top_k_categorical_accuracy: 0.5545
Epoch 392/500
14s - loss: 0.0065 - acc: 0.9983 - top_k_categorical_accuracy: 1.0000 - val_loss: 7.5619 - val_acc: 0.3238 - val_top_k_categorical_accuracy: 0.5565
Epoch 393/500
14s - loss: 0.0076 - acc: 0.9981 - top_k_categorical_accuracy: 1.0000 - val_loss: 7.5569 - val_acc: 0.3218 - val_top_k_categorical_accuracy: 0.5539
Epoch 394/500
14s - loss: 0.0074 - acc: 0.9982 - top_k_categorical_accuracy: 1.0000 - val_loss: 7.5460 - val_acc: 0.3232 - val_top_k_categorical_accuracy: 0.5538
Epoch 395/500
14s - loss: 0.0081 - acc: 0.9979 - top_k_categorical_accuracy: 1.0000 - val_loss: 7.5848 - val_acc: 0.3235 - val_top_k_categorical_accuracy: 0.5543
Epoch 396/500
14s - loss: 0.0064 - acc: 0.9984 - top_k_categorical_accuracy: 1.0000 - val_loss: 7.5735 - val_acc: 0.3229 - val_top_k_categorical_accuracy: 0.5542
Epoch 397/500
14s - loss: 0.0072 - acc: 0.9982 - top_k_categorical_accuracy: 1.0000 - val_loss: 7.5541 - val_acc: 0.3239 - val_top_k_categorical_accuracy: 0.5543
Epoch 398/500
14s - loss: 0.0069 - acc: 0.9984 - top_k_categorical_accuracy: 1.0000 - val_loss: 7.5560 - val_acc: 0.3259 - val_top_k_categorical_accuracy: 0.5568
Epoch 399/500
14s - loss: 0.0065 - acc: 0.9982 - top_k_categorical_accuracy: 1.0000 - val_loss: 7.5688 - val_acc: 0.3218 - val_top_k_categorical_accuracy: 0.5535
Epoch 400/500
14s - loss: 0.0066 - acc: 0.9982 - top_k_categorical_accuracy: 1.0000 - val_loss: 7.5569 - val_acc: 0.3260 - val_top_k_categorical_accuracy: 0.5563
Epoch 401/500
14s - loss: 0.0066 - acc: 0.9984 - top_k_categorical_accuracy: 1.0000 - val_loss: 7.5475 - val_acc: 0.3246 - val_top_k_categorical_accuracy: 0.5549
Epoch 402/500
14s - loss: 0.0065 - acc: 0.9983 - top_k_categorical_accuracy: 1.0000 - val_loss: 7.5826 - val_acc: 0.3230 - val_top_k_categorical_accuracy: 0.5547
Epoch 403/500
14s - loss: 0.0064 - acc: 0.9983 - top_k_categorical_accuracy: 1.0000 - val_loss: 7.5740 - val_acc: 0.3229 - val_top_k_categorical_accuracy: 0.5554
Epoch 404/500
14s - loss: 0.0062 - acc: 0.9986 - top_k_categorical_accuracy: 1.0000 - val_loss: 7.5660 - val_acc: 0.3232 - val_top_k_categorical_accuracy: 0.5558
Epoch 405/500
14s - loss: 0.0060 - acc: 0.9985 - top_k_categorical_accuracy: 1.0000 - val_loss: 7.5795 - val_acc: 0.3248 - val_top_k_categorical_accuracy: 0.5557
Epoch 406/500
13s - loss: 0.0066 - acc: 0.9984 - top_k_categorical_accuracy: 1.0000 - val_loss: 7.5511 - val_acc: 0.3239 - val_top_k_categorical_accuracy: 0.5547
Epoch 407/500
14s - loss: 0.0065 - acc: 0.9983 - top_k_categorical_accuracy: 1.0000 - val_loss: 7.5956 - val_acc: 0.3230 - val_top_k_categorical_accuracy: 0.5555
Epoch 408/500
14s - loss: 0.0058 - acc: 0.9986 - top_k_categorical_accuracy: 1.0000 - val_loss: 7.6413 - val_acc: 0.3195 - val_top_k_categorical_accuracy: 0.5535
Epoch 409/500
14s - loss: 0.0061 - acc: 0.9984 - top_k_categorical_accuracy: 1.0000 - val_loss: 7.6163 - val_acc: 0.3251 - val_top_k_categorical_accuracy: 0.5545
Epoch 410/500
14s - loss: 0.0065 - acc: 0.9983 - top_k_categorical_accuracy: 1.0000 - val_loss: 7.5801 - val_acc: 0.3243 - val_top_k_categorical_accuracy: 0.5539
Epoch 411/500
14s - loss: 0.0063 - acc: 0.9984 - top_k_categorical_accuracy: 1.0000 - val_loss: 7.5912 - val_acc: 0.3242 - val_top_k_categorical_accuracy: 0.5550
Epoch 412/500
13s - loss: 0.0062 - acc: 0.9982 - top_k_categorical_accuracy: 1.0000 - val_loss: 7.5758 - val_acc: 0.3234 - val_top_k_categorical_accuracy: 0.5527
Epoch 413/500
14s - loss: 0.0068 - acc: 0.9983 - top_k_categorical_accuracy: 1.0000 - val_loss: 7.5615 - val_acc: 0.3256 - val_top_k_categorical_accuracy: 0.5569
Epoch 414/500
14s - loss: 0.0068 - acc: 0.9982 - top_k_categorical_accuracy: 1.0000 - val_loss: 7.5970 - val_acc: 0.3239 - val_top_k_categorical_accuracy: 0.5521
Epoch 415/500
14s - loss: 0.0070 - acc: 0.9982 - top_k_categorical_accuracy: 1.0000 - val_loss: 7.5540 - val_acc: 0.3243 - val_top_k_categorical_accuracy: 0.5544
Epoch 416/500
14s - loss: 0.0063 - acc: 0.9984 - top_k_categorical_accuracy: 1.0000 - val_loss: 7.5708 - val_acc: 0.3252 - val_top_k_categorical_accuracy: 0.5576
Epoch 417/500
14s - loss: 0.0064 - acc: 0.9983 - top_k_categorical_accuracy: 1.0000 - val_loss: 7.6152 - val_acc: 0.3220 - val_top_k_categorical_accuracy: 0.5531
Epoch 418/500
14s - loss: 0.0061 - acc: 0.9984 - top_k_categorical_accuracy: 1.0000 - val_loss: 7.5672 - val_acc: 0.3236 - val_top_k_categorical_accuracy: 0.5567
Epoch 419/500
14s - loss: 0.0056 - acc: 0.9984 - top_k_categorical_accuracy: 1.0000 - val_loss: 7.5644 - val_acc: 0.3241 - val_top_k_categorical_accuracy: 0.5535
Epoch 420/500
14s - loss: 0.0063 - acc: 0.9983 - top_k_categorical_accuracy: 1.0000 - val_loss: 7.5740 - val_acc: 0.3254 - val_top_k_categorical_accuracy: 0.5545
Epoch 421/500
14s - loss: 0.0063 - acc: 0.9983 - top_k_categorical_accuracy: 1.0000 - val_loss: 7.6098 - val_acc: 0.3226 - val_top_k_categorical_accuracy: 0.5537
Epoch 422/500
14s - loss: 0.0056 - acc: 0.9985 - top_k_categorical_accuracy: 1.0000 - val_loss: 7.5962 - val_acc: 0.3226 - val_top_k_categorical_accuracy: 0.5544
Epoch 423/500
14s - loss: 0.0058 - acc: 0.9984 - top_k_categorical_accuracy: 1.0000 - val_loss: 7.5991 - val_acc: 0.3239 - val_top_k_categorical_accuracy: 0.5546
Epoch 424/500
14s - loss: 0.0066 - acc: 0.9983 - top_k_categorical_accuracy: 1.0000 - val_loss: 7.5802 - val_acc: 0.3230 - val_top_k_categorical_accuracy: 0.5548
Epoch 425/500
14s - loss: 0.0060 - acc: 0.9984 - top_k_categorical_accuracy: 1.0000 - val_loss: 7.6014 - val_acc: 0.3240 - val_top_k_categorical_accuracy: 0.5553
Epoch 426/500
14s - loss: 0.0063 - acc: 0.9984 - top_k_categorical_accuracy: 1.0000 - val_loss: 7.6063 - val_acc: 0.3249 - val_top_k_categorical_accuracy: 0.5552
Epoch 427/500
14s - loss: 0.0063 - acc: 0.9984 - top_k_categorical_accuracy: 1.0000 - val_loss: 7.5977 - val_acc: 0.3241 - val_top_k_categorical_accuracy: 0.5549
Epoch 428/500
14s - loss: 0.0057 - acc: 0.9984 - top_k_categorical_accuracy: 1.0000 - val_loss: 7.5672 - val_acc: 0.3236 - val_top_k_categorical_accuracy: 0.5552
Epoch 429/500
14s - loss: 0.0059 - acc: 0.9985 - top_k_categorical_accuracy: 1.0000 - val_loss: 7.5850 - val_acc: 0.3238 - val_top_k_categorical_accuracy: 0.5573
Epoch 430/500
14s - loss: 0.0057 - acc: 0.9984 - top_k_categorical_accuracy: 1.0000 - val_loss: 7.6068 - val_acc: 0.3254 - val_top_k_categorical_accuracy: 0.5546
Epoch 431/500
14s - loss: 0.0055 - acc: 0.9985 - top_k_categorical_accuracy: 1.0000 - val_loss: 7.5939 - val_acc: 0.3251 - val_top_k_categorical_accuracy: 0.5563
Epoch 432/500
14s - loss: 0.0062 - acc: 0.9984 - top_k_categorical_accuracy: 1.0000 - val_loss: 7.6086 - val_acc: 0.3234 - val_top_k_categorical_accuracy: 0.5560
Epoch 433/500
14s - loss: 0.0055 - acc: 0.9986 - top_k_categorical_accuracy: 1.0000 - val_loss: 7.5717 - val_acc: 0.3267 - val_top_k_categorical_accuracy: 0.5571
Epoch 434/500
14s - loss: 0.0057 - acc: 0.9985 - top_k_categorical_accuracy: 1.0000 - val_loss: 7.5985 - val_acc: 0.3222 - val_top_k_categorical_accuracy: 0.5538
Epoch 435/500
14s - loss: 0.0054 - acc: 0.9986 - top_k_categorical_accuracy: 1.0000 - val_loss: 7.6161 - val_acc: 0.3247 - val_top_k_categorical_accuracy: 0.5550
Epoch 436/500
14s - loss: 0.0059 - acc: 0.9984 - top_k_categorical_accuracy: 1.0000 - val_loss: 7.6244 - val_acc: 0.3230 - val_top_k_categorical_accuracy: 0.5547
Epoch 437/500
14s - loss: 0.0058 - acc: 0.9985 - top_k_categorical_accuracy: 1.0000 - val_loss: 7.6282 - val_acc: 0.3238 - val_top_k_categorical_accuracy: 0.5546
Epoch 438/500
14s - loss: 0.0062 - acc: 0.9984 - top_k_categorical_accuracy: 1.0000 - val_loss: 7.6101 - val_acc: 0.3225 - val_top_k_categorical_accuracy: 0.5551
Epoch 439/500
14s - loss: 0.0059 - acc: 0.9984 - top_k_categorical_accuracy: 1.0000 - val_loss: 7.6197 - val_acc: 0.3222 - val_top_k_categorical_accuracy: 0.5548
Epoch 440/500
14s - loss: 0.0057 - acc: 0.9985 - top_k_categorical_accuracy: 1.0000 - val_loss: 7.6303 - val_acc: 0.3234 - val_top_k_categorical_accuracy: 0.5556
Epoch 441/500
14s - loss: 0.0055 - acc: 0.9986 - top_k_categorical_accuracy: 1.0000 - val_loss: 7.6051 - val_acc: 0.3238 - val_top_k_categorical_accuracy: 0.5557
Epoch 442/500
14s - loss: 0.0059 - acc: 0.9985 - top_k_categorical_accuracy: 1.0000 - val_loss: 7.6122 - val_acc: 0.3244 - val_top_k_categorical_accuracy: 0.5553
Epoch 443/500
14s - loss: 0.0057 - acc: 0.9985 - top_k_categorical_accuracy: 1.0000 - val_loss: 7.6226 - val_acc: 0.3217 - val_top_k_categorical_accuracy: 0.5560
Epoch 444/500
14s - loss: 0.0055 - acc: 0.9986 - top_k_categorical_accuracy: 1.0000 - val_loss: 7.6153 - val_acc: 0.3254 - val_top_k_categorical_accuracy: 0.5556
Epoch 445/500
14s - loss: 0.0053 - acc: 0.9987 - top_k_categorical_accuracy: 1.0000 - val_loss: 7.6110 - val_acc: 0.3243 - val_top_k_categorical_accuracy: 0.5557
Epoch 446/500
14s - loss: 0.0053 - acc: 0.9985 - top_k_categorical_accuracy: 1.0000 - val_loss: 7.5919 - val_acc: 0.3248 - val_top_k_categorical_accuracy: 0.5573
Epoch 447/500
14s - loss: 0.0061 - acc: 0.9983 - top_k_categorical_accuracy: 1.0000 - val_loss: 7.6040 - val_acc: 0.3236 - val_top_k_categorical_accuracy: 0.5557
Epoch 448/500
14s - loss: 0.0056 - acc: 0.9985 - top_k_categorical_accuracy: 1.0000 - val_loss: 7.5941 - val_acc: 0.3273 - val_top_k_categorical_accuracy: 0.5570
Epoch 449/500
14s - loss: 0.0055 - acc: 0.9986 - top_k_categorical_accuracy: 1.0000 - val_loss: 7.6646 - val_acc: 0.3229 - val_top_k_categorical_accuracy: 0.5542
Epoch 450/500
14s - loss: 0.0057 - acc: 0.9985 - top_k_categorical_accuracy: 1.0000 - val_loss: 7.6157 - val_acc: 0.3240 - val_top_k_categorical_accuracy: 0.5565
Epoch 451/500
14s - loss: 0.0055 - acc: 0.9984 - top_k_categorical_accuracy: 1.0000 - val_loss: 7.6395 - val_acc: 0.3246 - val_top_k_categorical_accuracy: 0.5566
Epoch 452/500
14s - loss: 0.0055 - acc: 0.9985 - top_k_categorical_accuracy: 1.0000 - val_loss: 7.6377 - val_acc: 0.3223 - val_top_k_categorical_accuracy: 0.5548
Epoch 453/500
14s - loss: 0.0062 - acc: 0.9984 - top_k_categorical_accuracy: 1.0000 - val_loss: 7.6730 - val_acc: 0.3218 - val_top_k_categorical_accuracy: 0.5544
Epoch 454/500
14s - loss: 0.0062 - acc: 0.9985 - top_k_categorical_accuracy: 1.0000 - val_loss: 7.6750 - val_acc: 0.3188 - val_top_k_categorical_accuracy: 0.5505
Epoch 455/500
14s - loss: 0.0057 - acc: 0.9985 - top_k_categorical_accuracy: 1.0000 - val_loss: 7.6234 - val_acc: 0.3228 - val_top_k_categorical_accuracy: 0.5550
Epoch 456/500
14s - loss: 0.0054 - acc: 0.9986 - top_k_categorical_accuracy: 1.0000 - val_loss: 7.6403 - val_acc: 0.3242 - val_top_k_categorical_accuracy: 0.5557
Epoch 457/500
14s - loss: 0.0060 - acc: 0.9985 - top_k_categorical_accuracy: 1.0000 - val_loss: 7.6419 - val_acc: 0.3220 - val_top_k_categorical_accuracy: 0.5534
Epoch 458/500
14s - loss: 0.0069 - acc: 0.9983 - top_k_categorical_accuracy: 1.0000 - val_loss: 7.6519 - val_acc: 0.3227 - val_top_k_categorical_accuracy: 0.5538
Epoch 459/500
14s - loss: 0.0068 - acc: 0.9983 - top_k_categorical_accuracy: 1.0000 - val_loss: 7.6577 - val_acc: 0.3202 - val_top_k_categorical_accuracy: 0.5522
Epoch 460/500
14s - loss: 0.0058 - acc: 0.9985 - top_k_categorical_accuracy: 1.0000 - val_loss: 7.6173 - val_acc: 0.3245 - val_top_k_categorical_accuracy: 0.5538
Epoch 461/500
14s - loss: 0.0063 - acc: 0.9985 - top_k_categorical_accuracy: 1.0000 - val_loss: 7.6709 - val_acc: 0.3223 - val_top_k_categorical_accuracy: 0.5543
Epoch 462/500
14s - loss: 0.0060 - acc: 0.9986 - top_k_categorical_accuracy: 1.0000 - val_loss: 7.6384 - val_acc: 0.3238 - val_top_k_categorical_accuracy: 0.5553
Epoch 463/500
14s - loss: 0.0066 - acc: 0.9983 - top_k_categorical_accuracy: 1.0000 - val_loss: 7.6366 - val_acc: 0.3245 - val_top_k_categorical_accuracy: 0.5548
Epoch 464/500
14s - loss: 0.0058 - acc: 0.9985 - top_k_categorical_accuracy: 1.0000 - val_loss: 7.6201 - val_acc: 0.3222 - val_top_k_categorical_accuracy: 0.5536
Epoch 465/500
14s - loss: 0.0053 - acc: 0.9987 - top_k_categorical_accuracy: 1.0000 - val_loss: 7.6345 - val_acc: 0.3211 - val_top_k_categorical_accuracy: 0.5552
Epoch 466/500
14s - loss: 0.0059 - acc: 0.9984 - top_k_categorical_accuracy: 1.0000 - val_loss: 7.6499 - val_acc: 0.3233 - val_top_k_categorical_accuracy: 0.5560
Epoch 467/500
14s - loss: 0.0054 - acc: 0.9986 - top_k_categorical_accuracy: 1.0000 - val_loss: 7.6399 - val_acc: 0.3231 - val_top_k_categorical_accuracy: 0.5556
Epoch 468/500
14s - loss: 0.0053 - acc: 0.9986 - top_k_categorical_accuracy: 1.0000 - val_loss: 7.6458 - val_acc: 0.3233 - val_top_k_categorical_accuracy: 0.5540
Epoch 469/500
14s - loss: 0.0052 - acc: 0.9987 - top_k_categorical_accuracy: 1.0000 - val_loss: 7.6476 - val_acc: 0.3230 - val_top_k_categorical_accuracy: 0.5545
Epoch 470/500
13s - loss: 0.0069 - acc: 0.9982 - top_k_categorical_accuracy: 1.0000 - val_loss: 7.6555 - val_acc: 0.3198 - val_top_k_categorical_accuracy: 0.5526
Epoch 471/500
13s - loss: 0.0062 - acc: 0.9985 - top_k_categorical_accuracy: 1.0000 - val_loss: 7.7024 - val_acc: 0.3153 - val_top_k_categorical_accuracy: 0.5486
Epoch 472/500
13s - loss: 0.0062 - acc: 0.9984 - top_k_categorical_accuracy: 1.0000 - val_loss: 7.6448 - val_acc: 0.3202 - val_top_k_categorical_accuracy: 0.5523
Epoch 473/500
13s - loss: 0.0052 - acc: 0.9987 - top_k_categorical_accuracy: 1.0000 - val_loss: 7.6834 - val_acc: 0.3216 - val_top_k_categorical_accuracy: 0.5538
Epoch 474/500
13s - loss: 0.0050 - acc: 0.9987 - top_k_categorical_accuracy: 1.0000 - val_loss: 7.7288 - val_acc: 0.3161 - val_top_k_categorical_accuracy: 0.5504
Epoch 475/500
13s - loss: 0.0054 - acc: 0.9987 - top_k_categorical_accuracy: 1.0000 - val_loss: 7.6342 - val_acc: 0.3228 - val_top_k_categorical_accuracy: 0.5541
Epoch 476/500
13s - loss: 0.0053 - acc: 0.9987 - top_k_categorical_accuracy: 1.0000 - val_loss: 7.6731 - val_acc: 0.3201 - val_top_k_categorical_accuracy: 0.5531
Epoch 477/500
13s - loss: 0.0049 - acc: 0.9986 - top_k_categorical_accuracy: 1.0000 - val_loss: 7.6672 - val_acc: 0.3234 - val_top_k_categorical_accuracy: 0.5562
Epoch 478/500
13s - loss: 0.0054 - acc: 0.9986 - top_k_categorical_accuracy: 1.0000 - val_loss: 7.6923 - val_acc: 0.3217 - val_top_k_categorical_accuracy: 0.5531
Epoch 479/500
13s - loss: 0.0050 - acc: 0.9986 - top_k_categorical_accuracy: 1.0000 - val_loss: 7.6485 - val_acc: 0.3221 - val_top_k_categorical_accuracy: 0.5541
Epoch 480/500
13s - loss: 0.0060 - acc: 0.9984 - top_k_categorical_accuracy: 1.0000 - val_loss: 7.6724 - val_acc: 0.3234 - val_top_k_categorical_accuracy: 0.5552
Epoch 481/500
13s - loss: 0.0080 - acc: 0.9978 - top_k_categorical_accuracy: 1.0000 - val_loss: 7.6767 - val_acc: 0.3204 - val_top_k_categorical_accuracy: 0.5533
Epoch 482/500
13s - loss: 0.0059 - acc: 0.9985 - top_k_categorical_accuracy: 1.0000 - val_loss: 7.6367 - val_acc: 0.3219 - val_top_k_categorical_accuracy: 0.5548
Epoch 483/500
13s - loss: 0.0052 - acc: 0.9985 - top_k_categorical_accuracy: 1.0000 - val_loss: 7.6963 - val_acc: 0.3222 - val_top_k_categorical_accuracy: 0.5552
Epoch 484/500
13s - loss: 0.0053 - acc: 0.9986 - top_k_categorical_accuracy: 1.0000 - val_loss: 7.6516 - val_acc: 0.3229 - val_top_k_categorical_accuracy: 0.5528
Epoch 485/500
13s - loss: 0.0053 - acc: 0.9985 - top_k_categorical_accuracy: 1.0000 - val_loss: 7.6725 - val_acc: 0.3228 - val_top_k_categorical_accuracy: 0.5566
Epoch 486/500
13s - loss: 0.0049 - acc: 0.9986 - top_k_categorical_accuracy: 1.0000 - val_loss: 7.6455 - val_acc: 0.3211 - val_top_k_categorical_accuracy: 0.5536
Epoch 487/500
13s - loss: 0.0054 - acc: 0.9985 - top_k_categorical_accuracy: 1.0000 - val_loss: 7.6485 - val_acc: 0.3240 - val_top_k_categorical_accuracy: 0.5563
Epoch 488/500
13s - loss: 0.0052 - acc: 0.9986 - top_k_categorical_accuracy: 1.0000 - val_loss: 7.6402 - val_acc: 0.3215 - val_top_k_categorical_accuracy: 0.5555
Epoch 489/500
13s - loss: 0.0048 - acc: 0.9988 - top_k_categorical_accuracy: 1.0000 - val_loss: 7.6543 - val_acc: 0.3243 - val_top_k_categorical_accuracy: 0.5535
Epoch 490/500
13s - loss: 0.0053 - acc: 0.9986 - top_k_categorical_accuracy: 1.0000 - val_loss: 7.6770 - val_acc: 0.3223 - val_top_k_categorical_accuracy: 0.5529
Epoch 491/500
13s - loss: 0.0046 - acc: 0.9988 - top_k_categorical_accuracy: 1.0000 - val_loss: 7.6510 - val_acc: 0.3234 - val_top_k_categorical_accuracy: 0.5538
Epoch 492/500
13s - loss: 0.0047 - acc: 0.9988 - top_k_categorical_accuracy: 1.0000 - val_loss: 7.6778 - val_acc: 0.3216 - val_top_k_categorical_accuracy: 0.5543
Epoch 493/500
13s - loss: 0.0053 - acc: 0.9987 - top_k_categorical_accuracy: 1.0000 - val_loss: 7.6616 - val_acc: 0.3209 - val_top_k_categorical_accuracy: 0.5550
Epoch 494/500
13s - loss: 0.0048 - acc: 0.9986 - top_k_categorical_accuracy: 1.0000 - val_loss: 7.6817 - val_acc: 0.3241 - val_top_k_categorical_accuracy: 0.5544
Epoch 495/500
13s - loss: 0.0056 - acc: 0.9985 - top_k_categorical_accuracy: 1.0000 - val_loss: 7.6744 - val_acc: 0.3228 - val_top_k_categorical_accuracy: 0.5540
Epoch 496/500
13s - loss: 0.0048 - acc: 0.9987 - top_k_categorical_accuracy: 1.0000 - val_loss: 7.6610 - val_acc: 0.3246 - val_top_k_categorical_accuracy: 0.5557
Epoch 497/500
13s - loss: 0.0043 - acc: 0.9989 - top_k_categorical_accuracy: 1.0000 - val_loss: 7.6684 - val_acc: 0.3240 - val_top_k_categorical_accuracy: 0.5552
Epoch 498/500
13s - loss: 0.0043 - acc: 0.9989 - top_k_categorical_accuracy: 1.0000 - val_loss: 7.6794 - val_acc: 0.3238 - val_top_k_categorical_accuracy: 0.5564
Epoch 499/500
13s - loss: 0.0048 - acc: 0.9987 - top_k_categorical_accuracy: 1.0000 - val_loss: 7.6925 - val_acc: 0.3239 - val_top_k_categorical_accuracy: 0.5569
Epoch 500/500
13s - loss: 0.0048 - acc: 0.9988 - top_k_categorical_accuracy: 1.0000 - val_loss: 7.6374 - val_acc: 0.3228 - val_top_k_categorical_accuracy: 0.5531
train loss: 0.003548378119517013
train accuracy :  0.998994559603333
Test loss: 7.63741047533472
test accuracy :  0.32282455995864845
model evaluate time
1.6975390911102295
top5 accurarcy
train :  1.0
test :  0.5531361044492518
